#
# A fatal error has been detected by the Java Runtime Environment:
#
#  EXCEPTION_UNCAUGHT_CXX_EXCEPTION (0xe06d7363) at pc=0x74a118a2, pid=9612, tid=0x00000f28
#
# JRE version: Java(TM) SE Runtime Environment (8.0_144-b01) (build 1.8.0_144-b01)
# Java VM: Java HotSpot(TM) Client VM (25.144-b01 mixed mode windows-x86 )
# Problematic frame:
# C  [KERNELBASE.dll+0x1118a2]
#
# Failed to write core dump. Minidumps are not enabled by default on client versions of Windows
#
# If you would like to submit a bug report, please visit:
#   http://bugreport.java.com/bugreport/crash.jsp
# The crash happened outside the Java Virtual Machine in native code.
# See problematic frame for where to report the bug.
#

---------------  T H R E A D  ---------------

Current thread (0x164eec00):  JavaThread "AWT-EventQueue-0" [_thread_in_native, id=3880, stack(0x17470000,0x174c0000)]

siginfo: ExceptionCode=0xe06d7363, ExceptionInformation=0x19930520 0x174be6dc 0x6b0116ec 

Registers:
EAX=0x174be5e0, EBX=0x174be6dc, ECX=0x00000003, EDX=0x00000000
ESP=0x174be5e0, EBP=0x174be63c, ESI=0x72f51538, EDI=0x6b0116ec
EIP=0x74a118a2, EFLAGS=0x00000212

Top of Stack: (sp=0x174be5e0)
0x174be5e0:   e06d7363 00000001 00000000 74a118a2
0x174be5f0:   00000003 19930520 174be6dc 6b0116ec
0x174be600:   6af52347 174be644 174be748 00000000
0x174be610:   174be684 6aff3eb0 174be6e8 174be644
0x174be620:   174be748 174be644 174be65c 6b0065a8
0x174be630:   b15811da c0c05185 6aff3f00 174be680
0x174be640:   72f54796 e06d7363 00000001 00000003
0x174be650:   174be674 183af060 00000007 164eed40 

Instructions: (pc=0x74a118a2)
0x74a11882:   89 44 24 10 c1 e0 02 50 51 8d 44 24 1c 50 e8 3f
0x74a11892:   85 00 00 83 c4 0c 8d 04 24 50 ff 15 9c 33 ab 74
0x74a118a2:   8b 4c 24 54 33 cc e8 f3 43 00 00 8b e5 5d c2 10
0x74a118b2:   00 83 64 24 10 00 eb de 6a 0f 58 eb c3 cc cc cc 


Register to memory mapping:

EAX=0x174be5e0 is pointing into the stack for thread: 0x164eec00
EBX=0x174be6dc is pointing into the stack for thread: 0x164eec00
ECX=0x00000003 is an unknown value
EDX=0x00000000 is an unknown value
ESP=0x174be5e0 is pointing into the stack for thread: 0x164eec00
EBP=0x174be63c is pointing into the stack for thread: 0x164eec00
ESI=0x72f51538 is an unknown value
EDI=0x6b0116ec is an unknown value


Stack: [0x17470000,0x174c0000],  sp=0x174be5e0,  free space=313k
Native frames: (J=compiled Java code, j=interpreted, Vv=VM code, C=native code)
C  [KERNELBASE.dll+0x1118a2]
C  [VCRUNTIME140.dll+0x4796]
C  [sptmesh.dll+0x55c9a]
C  [java_mesh.dll+0x66d2]
j  jni_st_mesh.Main.quality_measures(Ljava/lang/String;IZDI)Ljava/util/HashMap;+0
j  org.locationtech.jtstest.testbuilder.MorphingGeometryViewerFrame.showStatisticsInChart(Ljava/lang/String;Ljava/lang/String;)V+147
j  org.locationtech.jtstest.testbuilder.MorphingGeometryViewerFrame.access$1600(Lorg/locationtech/jtstest/testbuilder/MorphingGeometryViewerFrame;Ljava/lang/String;Ljava/lang/String;)V+3
j  org.locationtech.jtstest.testbuilder.MorphingGeometryViewerFrame$10.actionPerformed(Ljava/awt/event/ActionEvent;)V+30
j  javax.swing.AbstractButton.fireActionPerformed(Ljava/awt/event/ActionEvent;)V+83
j  javax.swing.AbstractButton$Handler.actionPerformed(Ljava/awt/event/ActionEvent;)V+5
j  javax.swing.DefaultButtonModel.fireActionPerformed(Ljava/awt/event/ActionEvent;)V+34
j  javax.swing.DefaultButtonModel.setPressed(Z)V+117
j  javax.swing.plaf.basic.BasicButtonListener.mouseReleased(Ljava/awt/event/MouseEvent;)V+35
j  java.awt.Component.processMouseEvent(Ljava/awt/event/MouseEvent;)V+64
j  javax.swing.JComponent.processMouseEvent(Ljava/awt/event/MouseEvent;)V+23
j  java.awt.Component.processEvent(Ljava/awt/AWTEvent;)V+81
j  java.awt.Container.processEvent(Ljava/awt/AWTEvent;)V+18
j  java.awt.Component.dispatchEventImpl(Ljava/awt/AWTEvent;)V+589
j  java.awt.Container.dispatchEventImpl(Ljava/awt/AWTEvent;)V+42
J 946 C1 java.awt.LightweightDispatcher.retargetMouseEvent(Ljava/awt/Component;ILjava/awt/event/MouseEvent;)V (350 bytes) @ 0x02e683b4 [0x02e67d30+0x684]
j  java.awt.LightweightDispatcher.processMouseEvent(Ljava/awt/event/MouseEvent;)Z+155
j  java.awt.LightweightDispatcher.dispatchEvent(Ljava/awt/AWTEvent;)Z+50
j  java.awt.Container.dispatchEventImpl(Ljava/awt/AWTEvent;)V+12
j  java.awt.Window.dispatchEventImpl(Ljava/awt/AWTEvent;)V+19
J 1444 C1 java.awt.EventQueue.dispatchEventImpl(Ljava/awt/AWTEvent;Ljava/lang/Object;)V (149 bytes) @ 0x02f21078 [0x02f20c10+0x468]
J 1346 C1 java.awt.EventQueue$3.run()Ljava/lang/Void; (60 bytes) @ 0x02f01fe8 [0x02f01f80+0x68]
J 1345 C1 java.awt.EventQueue$3.run()Ljava/lang/Object; (5 bytes) @ 0x02f01d68 [0x02f01d40+0x28]
v  ~StubRoutines::call_stub
V  [jvm.dll+0x15af45]
V  [jvm.dll+0x2213ae]
V  [jvm.dll+0x15afde]
V  [jvm.dll+0x10b2cf]
C  [java.dll+0x102f]
J 949 C1 java.security.ProtectionDomain$JavaSecurityAccessImpl.doIntersectionPrivilege(Ljava/security/PrivilegedAction;Ljava/security/AccessControlContext;Ljava/security/AccessControlContext;)Ljava/lang/Object; (22 bytes) @ 0x02e6a444 [0x02e6a340+0x104]
j  java.security.ProtectionDomain$JavaSecurityAccessImpl.doIntersectionPrivilege(Ljava/security/PrivilegedAction;Ljava/security/AccessControlContext;)Ljava/lang/Object;+6
j  java.awt.EventQueue$4.run()Ljava/lang/Void;+11
j  java.awt.EventQueue$4.run()Ljava/lang/Object;+1
v  ~StubRoutines::call_stub
V  [jvm.dll+0x15af45]
V  [jvm.dll+0x2213ae]
V  [jvm.dll+0x15afde]
V  [jvm.dll+0x10b2cf]
C  [java.dll+0x102f]
J 1442 C1 java.awt.EventQueue.dispatchEvent(Ljava/awt/AWTEvent;)V (80 bytes) @ 0x02f1faf0 [0x02f1f780+0x370]
J 934 C1 java.awt.EventDispatchThread.pumpOneEventForFilters(I)V (295 bytes) @ 0x02e62fcc [0x02e628d0+0x6fc]
j  java.awt.EventDispatchThread.pumpEventsForFilter(ILjava/awt/Conditional;Ljava/awt/EventFilter;)V+35
j  java.awt.EventDispatchThread.pumpEventsForHierarchy(ILjava/awt/Conditional;Ljava/awt/Component;)V+11
j  java.awt.EventDispatchThread.pumpEvents(ILjava/awt/Conditional;)V+4
j  java.awt.EventDispatchThread.pumpEvents(Ljava/awt/Conditional;)V+3
j  java.awt.EventDispatchThread.run()V+9
v  ~StubRoutines::call_stub
V  [jvm.dll+0x15af45]
V  [jvm.dll+0x2213ae]
V  [jvm.dll+0x15afde]
V  [jvm.dll+0x15b166]
V  [jvm.dll+0x15b1d7]
V  [jvm.dll+0xff36f]
V  [jvm.dll+0x17dc30]
V  [jvm.dll+0x17e4aa]
V  [jvm.dll+0x1c2ec6]
C  [msvcr100.dll+0x5c556]
C  [msvcr100.dll+0x5c600]
C  [KERNEL32.DLL+0x18494]
C  [ntdll.dll+0x641c8]
C  [ntdll.dll+0x64198]
C  0x00000000

Java frames: (J=compiled Java code, j=interpreted, Vv=VM code)
j  jni_st_mesh.Main.quality_measures(Ljava/lang/String;IZDI)Ljava/util/HashMap;+0
j  org.locationtech.jtstest.testbuilder.MorphingGeometryViewerFrame.showStatisticsInChart(Ljava/lang/String;Ljava/lang/String;)V+147
j  org.locationtech.jtstest.testbuilder.MorphingGeometryViewerFrame.access$1600(Lorg/locationtech/jtstest/testbuilder/MorphingGeometryViewerFrame;Ljava/lang/String;Ljava/lang/String;)V+3
j  org.locationtech.jtstest.testbuilder.MorphingGeometryViewerFrame$10.actionPerformed(Ljava/awt/event/ActionEvent;)V+30
j  javax.swing.AbstractButton.fireActionPerformed(Ljava/awt/event/ActionEvent;)V+83
j  javax.swing.AbstractButton$Handler.actionPerformed(Ljava/awt/event/ActionEvent;)V+5
j  javax.swing.DefaultButtonModel.fireActionPerformed(Ljava/awt/event/ActionEvent;)V+34
j  javax.swing.DefaultButtonModel.setPressed(Z)V+117
j  javax.swing.plaf.basic.BasicButtonListener.mouseReleased(Ljava/awt/event/MouseEvent;)V+35
j  java.awt.Component.processMouseEvent(Ljava/awt/event/MouseEvent;)V+64
j  javax.swing.JComponent.processMouseEvent(Ljava/awt/event/MouseEvent;)V+23
j  java.awt.Component.processEvent(Ljava/awt/AWTEvent;)V+81
j  java.awt.Container.processEvent(Ljava/awt/AWTEvent;)V+18
j  java.awt.Component.dispatchEventImpl(Ljava/awt/AWTEvent;)V+589
j  java.awt.Container.dispatchEventImpl(Ljava/awt/AWTEvent;)V+42
J 946 C1 java.awt.LightweightDispatcher.retargetMouseEvent(Ljava/awt/Component;ILjava/awt/event/MouseEvent;)V (350 bytes) @ 0x02e683b4 [0x02e67d30+0x684]
j  java.awt.LightweightDispatcher.processMouseEvent(Ljava/awt/event/MouseEvent;)Z+155
j  java.awt.LightweightDispatcher.dispatchEvent(Ljava/awt/AWTEvent;)Z+50
j  java.awt.Container.dispatchEventImpl(Ljava/awt/AWTEvent;)V+12
j  java.awt.Window.dispatchEventImpl(Ljava/awt/AWTEvent;)V+19
J 1444 C1 java.awt.EventQueue.dispatchEventImpl(Ljava/awt/AWTEvent;Ljava/lang/Object;)V (149 bytes) @ 0x02f21078 [0x02f20c10+0x468]
J 1346 C1 java.awt.EventQueue$3.run()Ljava/lang/Void; (60 bytes) @ 0x02f01fe8 [0x02f01f80+0x68]
J 1345 C1 java.awt.EventQueue$3.run()Ljava/lang/Object; (5 bytes) @ 0x02f01d68 [0x02f01d40+0x28]
v  ~StubRoutines::call_stub
J 485  java.security.AccessController.doPrivileged(Ljava/security/PrivilegedAction;Ljava/security/AccessControlContext;)Ljava/lang/Object; (0 bytes) @ 0x02da30c7 [0x02da3060+0x67]
J 949 C1 java.security.ProtectionDomain$JavaSecurityAccessImpl.doIntersectionPrivilege(Ljava/security/PrivilegedAction;Ljava/security/AccessControlContext;Ljava/security/AccessControlContext;)Ljava/lang/Object; (22 bytes) @ 0x02e6a444 [0x02e6a340+0x104]
j  java.security.ProtectionDomain$JavaSecurityAccessImpl.doIntersectionPrivilege(Ljava/security/PrivilegedAction;Ljava/security/AccessControlContext;)Ljava/lang/Object;+6
j  java.awt.EventQueue$4.run()Ljava/lang/Void;+11
j  java.awt.EventQueue$4.run()Ljava/lang/Object;+1
v  ~StubRoutines::call_stub
J 485  java.security.AccessController.doPrivileged(Ljava/security/PrivilegedAction;Ljava/security/AccessControlContext;)Ljava/lang/Object; (0 bytes) @ 0x02da30c7 [0x02da3060+0x67]
J 1442 C1 java.awt.EventQueue.dispatchEvent(Ljava/awt/AWTEvent;)V (80 bytes) @ 0x02f1faf0 [0x02f1f780+0x370]
J 934 C1 java.awt.EventDispatchThread.pumpOneEventForFilters(I)V (295 bytes) @ 0x02e62fcc [0x02e628d0+0x6fc]
j  java.awt.EventDispatchThread.pumpEventsForFilter(ILjava/awt/Conditional;Ljava/awt/EventFilter;)V+35
j  java.awt.EventDispatchThread.pumpEventsForHierarchy(ILjava/awt/Conditional;Ljava/awt/Component;)V+11
j  java.awt.EventDispatchThread.pumpEvents(ILjava/awt/Conditional;)V+4
j  java.awt.EventDispatchThread.pumpEvents(Ljava/awt/Conditional;)V+3
j  java.awt.EventDispatchThread.run()V+9
v  ~StubRoutines::call_stub

---------------  P R O C E S S  ---------------

Java Threads: ( => current thread )
  0x1669d400 JavaThread "TimerQueue" daemon [_thread_blocked, id=6700, stack(0x18bf0000,0x18c40000)]
  0x1669d800 JavaThread "DestroyJavaVM" [_thread_blocked, id=10616, stack(0x029c0000,0x02a10000)]
  0x16595000 JavaThread "Swing-Shell" daemon [_thread_blocked, id=300, stack(0x17710000,0x17760000)]
  0x1535b800 JavaThread "org.netbeans.modules.debugger.jpda.visual AWT Access Loop" daemon [_thread_blocked, id=7700, stack(0x17500000,0x17550000)]
=>0x164eec00 JavaThread "AWT-EventQueue-0" [_thread_in_native, id=3880, stack(0x17470000,0x174c0000)]
  0x162c4400 JavaThread "AWT-Shutdown" [_thread_blocked, id=6864, stack(0x169e0000,0x16a30000)]
  0x16307000 JavaThread "AWT-Windows" daemon [_thread_in_native, id=964, stack(0x16a70000,0x16ac0000)]
  0x162c3800 JavaThread "Java2D Disposer" daemon [_thread_blocked, id=9304, stack(0x16120000,0x16170000)]
  0x152cd400 JavaThread "Service Thread" daemon [_thread_blocked, id=8924, stack(0x159f0000,0x15a40000)]
  0x152b2000 JavaThread "C1 CompilerThread0" daemon [_thread_blocked, id=10192, stack(0x15960000,0x159b0000)]
  0x152aa400 JavaThread "JDWP Command Reader" daemon [_thread_in_native, id=10504, stack(0x158d0000,0x15920000)]
  0x152a7400 JavaThread "JDWP Event Helper Thread" daemon [_thread_blocked, id=4888, stack(0x15840000,0x15890000)]
  0x152a3c00 JavaThread "JDWP Transport Listener: dt_socket" daemon [_thread_blocked, id=2476, stack(0x157b0000,0x15800000)]
  0x15292400 JavaThread "Attach Listener" daemon [_thread_blocked, id=5684, stack(0x15720000,0x15770000)]
  0x15291c00 JavaThread "Signal Dispatcher" daemon [_thread_blocked, id=2516, stack(0x15690000,0x156e0000)]
  0x1527f000 JavaThread "Finalizer" daemon [_thread_blocked, id=4416, stack(0x154f0000,0x15540000)]
  0x15269000 JavaThread "Reference Handler" daemon [_thread_blocked, id=3600, stack(0x15460000,0x154b0000)]

Other Threads:
  0x15263800 VMThread [stack: 0x04d60000,0x04db0000] [id=7752]
  0x152da800 WatcherThread [stack: 0x15b90000,0x15be0000] [id=5504]

VM state:not at safepoint (normal execution)

VM Mutex/Monitor currently owned by a thread: None

Heap:
 def new generation   total 78656K, used 65091K [0x04e00000, 0x0a350000, 0x0a350000)
  eden space 69952K,  93% used [0x04e00000, 0x08d90eb8, 0x09250000)
  from space 8704K,   0% used [0x09250000, 0x09250000, 0x09ad0000)
  to   space 8704K,   0% used [0x09ad0000, 0x09ad0000, 0x0a350000)
 tenured generation   total 174784K, used 143701K [0x0a350000, 0x14e00000, 0x14e00000)
   the space 174784K,  82% used [0x0a350000, 0x12fa5458, 0x12fa5600, 0x14e00000)
 Metaspace       used 13756K, capacity 13992K, committed 14208K, reserved 14720K

Card table byte_map: [0x04c30000,0x04cc0000] byte_map_base: 0x04c09000

Polling page: 0x02a10000

CodeCache: size=32768Kb used=3091Kb max_used=3098Kb free=29676Kb
 bounds [0x02c30000, 0x02f38000, 0x04c30000]
 total_blobs=1776 nmethods=1512 adapters=201
 compilation: enabled

Compilation events (10 events):
Event: 26.992 Thread 0x152b2000 1528             sun.java2d.SunGraphics2D::getFont (19 bytes)
Event: 26.992 Thread 0x152b2000 nmethod 1528 0x02f368c8 code [0x02f369c0, 0x02f36a70]
Event: 27.129 Thread 0x152b2000 1529             java.util.ArrayList::contains (14 bytes)
Event: 27.130 Thread 0x152b2000 nmethod 1529 0x02f36ac8 code [0x02f36bc0, 0x02f36c7c]
Event: 27.573 Thread 0x152b2000 1530             sun.awt.windows.WGlobalCursorManager::getCursorManager (20 bytes)
Event: 27.573 Thread 0x152b2000 nmethod 1530 0x02f36d08 code [0x02f36e10, 0x02f36f90]
Event: 27.640 Thread 0x152b2000 1531             javax.swing.TimerQueue$DelayedTimer::getTimer (5 bytes)
Event: 27.640 Thread 0x152b2000 nmethod 1531 0x02d9a148 code [0x02d9a240, 0x02d9a2c0]
Event: 29.499 Thread 0x152b2000 1532   !         java.util.concurrent.DelayQueue::take (214 bytes)
Event: 29.500 Thread 0x152b2000 nmethod 1532 0x02e6f448 code [0x02e6f6a0, 0x02e6fed0]

GC Heap History (10 events):
Event: 2.537 GC heap before
{Heap before GC invocations=12 (full 4):
 def new generation   total 44224K, used 37975K [0x04e00000, 0x07df0000, 0x0a350000)
  eden space 39360K,  96% used [0x04e00000, 0x07315e50, 0x07470000)
  from space 4864K,   0% used [0x07470000, 0x07470000, 0x07930000)
  to   space 4864K,   0% used [0x07930000, 0x07930000, 0x07df0000)
 tenured generation   total 98056K, used 58832K [0x0a350000, 0x10312000, 0x14e00000)
   the space 98056K,  59% used [0x0a350000, 0x0dcc41e0, 0x0dcc4200, 0x10312000)
 Metaspace       used 4586K, capacity 4745K, committed 4864K, reserved 5504K
Event: 2.547 GC heap after
Heap after GC invocations=13 (full 4):
 def new generation   total 44224K, used 26K [0x04e00000, 0x07df0000, 0x0a350000)
  eden space 39360K,   0% used [0x04e00000, 0x04e00000, 0x07470000)
  from space 4864K,   0% used [0x07930000, 0x07936ae8, 0x07df0000)
  to   space 4864K,   0% used [0x07470000, 0x07470000, 0x07930000)
 tenured generation   total 98056K, used 73232K [0x0a350000, 0x10312000, 0x14e00000)
   the space 98056K,  74% used [0x0a350000, 0x0ead41f0, 0x0ead4200, 0x10312000)
 Metaspace       used 4586K, capacity 4745K, committed 4864K, reserved 5504K
}
Event: 2.642 GC heap before
{Heap before GC invocations=13 (full 4):
 def new generation   total 44224K, used 29244K [0x04e00000, 0x07df0000, 0x0a350000)
  eden space 39360K,  74% used [0x04e00000, 0x06a887d0, 0x07470000)
  from space 4864K,   0% used [0x07930000, 0x07936ae8, 0x07df0000)
  to   space 4864K,   0% used [0x07470000, 0x07470000, 0x07930000)
 tenured generation   total 98056K, used 73232K [0x0a350000, 0x10312000, 0x14e00000)
   the space 98056K,  74% used [0x0a350000, 0x0ead41f0, 0x0ead4200, 0x10312000)
 Metaspace       used 4586K, capacity 4745K, committed 4864K, reserved 5504K
Event: 2.652 GC heap after
Heap after GC invocations=14 (full 4):
 def new generation   total 44224K, used 27K [0x04e00000, 0x07df0000, 0x0a350000)
  eden space 39360K,   0% used [0x04e00000, 0x04e00000, 0x07470000)
  from space 4864K,   0% used [0x07470000, 0x07476c60, 0x07930000)
  to   space 4864K,   0% used [0x07930000, 0x07930000, 0x07df0000)
 tenured generation   total 98056K, used 87632K [0x0a350000, 0x10312000, 0x14e00000)
   the space 98056K,  89% used [0x0a350000, 0x0f8e4200, 0x0f8e4200, 0x10312000)
 Metaspace       used 4586K, capacity 4745K, committed 4864K, reserved 5504K
}
Event: 2.755 GC heap before
{Heap before GC invocations=14 (full 4):
 def new generation   total 44224K, used 29226K [0x04e00000, 0x07df0000, 0x0a350000)
  eden space 39360K,  74% used [0x04e00000, 0x06a83ea0, 0x07470000)
  from space 4864K,   0% used [0x07470000, 0x07476c60, 0x07930000)
  to   space 4864K,   0% used [0x07930000, 0x07930000, 0x07df0000)
 tenured generation   total 98056K, used 87632K [0x0a350000, 0x10312000, 0x14e00000)
   the space 98056K,  89% used [0x0a350000, 0x0f8e4200, 0x0f8e4200, 0x10312000)
 Metaspace       used 4586K, capacity 4745K, committed 4864K, reserved 5504K
Event: 2.771 GC heap after
Heap after GC invocations=15 (full 5):
 def new generation   total 76608K, used 0K [0x04e00000, 0x0a110000, 0x0a350000)
  eden space 68160K,   0% used [0x04e00000, 0x04e00000, 0x09090000)
  from space 8448K,   0% used [0x09090000, 0x09090000, 0x098d0000)
  to   space 8448K,   0% used [0x098d0000, 0x098d0000, 0x0a110000)
 tenured generation   total 170104K, used 102060K [0x0a350000, 0x1496e000, 0x14e00000)
   the space 170104K,  59% used [0x0a350000, 0x106fb010, 0x106fb200, 0x1496e000)
 Metaspace       used 4586K, capacity 4745K, committed 4864K, reserved 5504K
}
Event: 5.299 GC heap before
{Heap before GC invocations=15 (full 5):
 def new generation   total 76608K, used 68160K [0x04e00000, 0x0a110000, 0x0a350000)
  eden space 68160K, 100% used [0x04e00000, 0x09090000, 0x09090000)
  from space 8448K,   0% used [0x09090000, 0x09090000, 0x098d0000)
  to   space 8448K,   0% used [0x098d0000, 0x098d0000, 0x0a110000)
 tenured generation   total 170104K, used 102060K [0x0a350000, 0x1496e000, 0x14e00000)
   the space 170104K,  59% used [0x0a350000, 0x106fb010, 0x106fb200, 0x1496e000)
 Metaspace       used 8693K, capacity 8899K, committed 9088K, reserved 9600K
Event: 5.331 GC heap after
Heap after GC invocations=16 (full 5):
 def new generation   total 76608K, used 1450K [0x04e00000, 0x0a110000, 0x0a350000)
  eden space 68160K,   0% used [0x04e00000, 0x04e00000, 0x09090000)
  from space 8448K,  17% used [0x098d0000, 0x09a3a980, 0x0a110000)
  to   space 8448K,   0% used [0x09090000, 0x09090000, 0x098d0000)
 tenured generation   total 170104K, used 130860K [0x0a350000, 0x1496e000, 0x14e00000)
   the space 170104K,  76% used [0x0a350000, 0x1231b030, 0x1231b200, 0x1496e000)
 Metaspace       used 8693K, capacity 8899K, committed 9088K, reserved 9600K
}
Event: 14.877 GC heap before
{Heap before GC invocations=16 (full 5):
 def new generation   total 76608K, used 45738K [0x04e00000, 0x0a110000, 0x0a350000)
  eden space 68160K,  64% used [0x04e00000, 0x0793ffb0, 0x09090000)
  from space 8448K,  17% used [0x098d0000, 0x09a3a980, 0x0a110000)
  to   space 8448K,   0% used [0x09090000, 0x09090000, 0x098d0000)
 tenured generation   total 170104K, used 130860K [0x0a350000, 0x1496e000, 0x14e00000)
   the space 170104K,  76% used [0x0a350000, 0x1231b030, 0x1231b200, 0x1496e000)
 Metaspace       used 11968K, capacity 12166K, committed 12288K, reserved 12672K
Event: 14.913 GC heap after
Heap after GC invocations=17 (full 6):
 def new generation   total 78656K, used 0K [0x04e00000, 0x0a350000, 0x0a350000)
  eden space 69952K,   0% used [0x04e00000, 0x04e00000, 0x09250000)
  from space 8704K,   0% used [0x09250000, 0x09250000, 0x09ad0000)
  to   space 8704K,   0% used [0x09ad0000, 0x09ad0000, 0x0a350000)
 tenured generation   total 174784K, used 143701K [0x0a350000, 0x14e00000, 0x14e00000)
   the space 174784K,  82% used [0x0a350000, 0x12fa5458, 0x12fa5600, 0x14e00000)
 Metaspace       used 11968K, capacity 12166K, committed 12288K, reserved 12672K
}

Deoptimization events (0 events):
No events

Internal exceptions (10 events):
Event: 9.720 Thread 0x02a82400 Exception <a 'java/io/FileNotFoundException'> (0x05c17d00) thrown at [C:\workspace\8-2-build-windows-i586-cygwin\jdk8u144\9417\hotspot\src\share\vm\prims\jni.cpp, line 709]
Event: 9.722 Thread 0x02a82400 Exception <a 'java/io/FileNotFoundException'> (0x05c24180) thrown at [C:\workspace\8-2-build-windows-i586-cygwin\jdk8u144\9417\hotspot\src\share\vm\prims\jni.cpp, line 709]
Event: 9.722 Thread 0x02a82400 Exception <a 'java/io/FileNotFoundException'> (0x05c29b78) thrown at [C:\workspace\8-2-build-windows-i586-cygwin\jdk8u144\9417\hotspot\src\share\vm\prims\jni.cpp, line 709]
Event: 9.723 Thread 0x02a82400 Exception <a 'java/io/FileNotFoundException'> (0x05c36280) thrown at [C:\workspace\8-2-build-windows-i586-cygwin\jdk8u144\9417\hotspot\src\share\vm\prims\jni.cpp, line 709]
Event: 9.723 Thread 0x02a82400 Exception <a 'java/io/FileNotFoundException'> (0x05c375b0) thrown at [C:\workspace\8-2-build-windows-i586-cygwin\jdk8u144\9417\hotspot\src\share\vm\prims\jni.cpp, line 709]
Event: 9.724 Thread 0x02a82400 Exception <a 'java/io/FileNotFoundException'> (0x05c42a48) thrown at [C:\workspace\8-2-build-windows-i586-cygwin\jdk8u144\9417\hotspot\src\share\vm\prims\jni.cpp, line 709]
Event: 9.726 Thread 0x02a82400 Exception <a 'java/io/FileNotFoundException'> (0x05c4df68) thrown at [C:\workspace\8-2-build-windows-i586-cygwin\jdk8u144\9417\hotspot\src\share\vm\prims\jni.cpp, line 709]
Event: 9.729 Thread 0x02a82400 Exception <a 'java/io/FileNotFoundException'> (0x05c72680) thrown at [C:\workspace\8-2-build-windows-i586-cygwin\jdk8u144\9417\hotspot\src\share\vm\prims\jni.cpp, line 709]
Event: 10.305 Thread 0x164eec00 Implicit null exception at 0x02e3870a to 0x02e3a1ca
Event: 10.305 Thread 0x164eec00 Implicit null exception at 0x02e3870a to 0x02e3a1ca

Events (10 events):
Event: 30.486 Executing VM operation: GetCurrentLocation
Event: 30.486 Executing VM operation: GetCurrentLocation done
Event: 30.486 Executing VM operation: ChangeSingleStep
Event: 30.486 Executing VM operation: ChangeSingleStep done
Event: 30.494 Executing VM operation: ChangeSingleStep
Event: 30.494 Executing VM operation: ChangeSingleStep done
Event: 30.494 Executing VM operation: GetCurrentLocation
Event: 30.494 Executing VM operation: GetCurrentLocation done
Event: 30.494 Executing VM operation: ChangeSingleStep
Event: 30.494 Executing VM operation: ChangeSingleStep done


Dynamic libraries:
0x008e0000 - 0x00913000 	C:\Program Files (x86)\Java\jdk1.8.0_144\bin\java.exe
0x77120000 - 0x772b0000 	C:\WINDOWS\SYSTEM32\ntdll.dll
0x74b50000 - 0x74c30000 	C:\WINDOWS\System32\KERNEL32.DLL
0x74900000 - 0x74ae4000 	C:\WINDOWS\System32\KERNELBASE.dll
0x6f9a0000 - 0x6fa3d000 	C:\WINDOWS\SYSTEM32\apphelp.dll
0x75720000 - 0x75798000 	C:\WINDOWS\System32\ADVAPI32.dll
0x745a0000 - 0x7465f000 	C:\WINDOWS\System32\msvcrt.dll
0x757f0000 - 0x75834000 	C:\WINDOWS\System32\sechost.dll
0x75500000 - 0x755c0000 	C:\WINDOWS\System32\RPCRT4.dll
0x739e0000 - 0x73a00000 	C:\WINDOWS\System32\SspiCli.dll
0x739d0000 - 0x739da000 	C:\WINDOWS\System32\CRYPTBASE.dll
0x74af0000 - 0x74b48000 	C:\WINDOWS\System32\bcryptPrimitives.dll
0x74320000 - 0x744ad000 	C:\WINDOWS\System32\USER32.dll
0x75c70000 - 0x75c87000 	C:\WINDOWS\System32\win32u.dll
0x758d0000 - 0x758f2000 	C:\WINDOWS\System32\GDI32.dll
0x75a70000 - 0x75bd4000 	C:\WINDOWS\System32\gdi32full.dll
0x759f0000 - 0x75a6d000 	C:\WINDOWS\System32\msvcp_win.dll
0x73bb0000 - 0x73ccd000 	C:\WINDOWS\System32\ucrtbase.dll
0x6d350000 - 0x6d554000 	C:\WINDOWS\WinSxS\x86_microsoft.windows.common-controls_6595b64144ccf1df_6.0.17134.706_none_42f0d9a244e0990d\COMCTL32.dll
0x74c30000 - 0x74e8c000 	C:\WINDOWS\System32\combase.dll
0x757c0000 - 0x757e6000 	C:\WINDOWS\System32\IMM32.DLL
0x6d8d0000 - 0x6d98f000 	C:\Program Files (x86)\Java\jdk1.8.0_144\jre\bin\msvcr100.dll
0x6cd70000 - 0x6d13e000 	C:\Program Files (x86)\Java\jdk1.8.0_144\jre\bin\client\jvm.dll
0x74590000 - 0x74596000 	C:\WINDOWS\System32\PSAPI.DLL
0x71060000 - 0x71084000 	C:\WINDOWS\SYSTEM32\WINMM.dll
0x70880000 - 0x70888000 	C:\WINDOWS\SYSTEM32\WSOCK32.dll
0x744b0000 - 0x74517000 	C:\WINDOWS\System32\WS2_32.dll
0x739c0000 - 0x739c8000 	C:\WINDOWS\SYSTEM32\VERSION.dll
0x70850000 - 0x70873000 	C:\WINDOWS\SYSTEM32\winmmbase.dll
0x74720000 - 0x74759000 	C:\WINDOWS\System32\cfgmgr32.dll
0x6f100000 - 0x6f10c000 	C:\Program Files (x86)\Java\jdk1.8.0_144\jre\bin\verify.dll
0x6d8a0000 - 0x6d8c1000 	C:\Program Files (x86)\Java\jdk1.8.0_144\jre\bin\java.dll
0x6d320000 - 0x6d34a000 	C:\Program Files (x86)\Java\jdk1.8.0_144\jre\bin\jdwp.dll
0x6d850000 - 0x6d857000 	C:\Program Files (x86)\Java\jdk1.8.0_144\jre\bin\npt.dll
0x6d880000 - 0x6d893000 	C:\Program Files (x86)\Java\jdk1.8.0_144\jre\bin\zip.dll
0x75c90000 - 0x76fda000 	C:\WINDOWS\System32\SHELL32.dll
0x75be0000 - 0x75c68000 	C:\WINDOWS\System32\shcore.dll
0x73cd0000 - 0x7428a000 	C:\WINDOWS\System32\windows.storage.dll
0x75450000 - 0x75495000 	C:\WINDOWS\System32\shlwapi.dll
0x74580000 - 0x7458f000 	C:\WINDOWS\System32\kernel.appcore.dll
0x757a0000 - 0x757b8000 	C:\WINDOWS\System32\profapi.dll
0x76fe0000 - 0x77025000 	C:\WINDOWS\System32\powrprof.dll
0x759e0000 - 0x759e8000 	C:\WINDOWS\System32\FLTLIB.DLL
0x6d840000 - 0x6d848000 	C:\Program Files (x86)\Java\jdk1.8.0_144\jre\bin\dt_socket.dll
0x70fc0000 - 0x71016000 	C:\WINDOWS\system32\mswsock.dll
0x6cc20000 - 0x6cd65000 	C:\Program Files (x86)\Java\jdk1.8.0_144\jre\bin\awt.dll
0x73b00000 - 0x73b96000 	C:\WINDOWS\System32\OLEAUT32.dll
0x6d2f0000 - 0x6d316000 	C:\Program Files (x86)\Java\jdk1.8.0_144\jre\bin\jpeg.dll
0x6da50000 - 0x6dacc000 	C:\WINDOWS\system32\uxtheme.dll
0x755d0000 - 0x75713000 	C:\WINDOWS\System32\MSCTF.dll
0x6da20000 - 0x6da43000 	C:\WINDOWS\system32\dwmapi.dll
0x73a00000 - 0x73afc000 	C:\WINDOWS\System32\ole32.dll
0x6d210000 - 0x6d2e9000 	C:\WINDOWS\system32\opengl32.dll
0x6cbe0000 - 0x6cc1f000 	C:\WINDOWS\SYSTEM32\GLU32.dll
0x6cba0000 - 0x6cbd9000 	C:\Program Files (x86)\Java\jdk1.8.0_144\jre\bin\fontmanager.dll
0x6d860000 - 0x6d876000 	C:\Program Files (x86)\Java\jdk1.8.0_144\jre\bin\net.dll
0x6eed0000 - 0x6eedf000 	C:\Program Files (x86)\Java\jdk1.8.0_144\jre\bin\nio.dll
0x6cb60000 - 0x6cb92000 	C:\Program Files (x86)\Java\jdk1.8.0_144\jre\bin\t2k.dll
0x6cad0000 - 0x6cb5f000 	C:\WINDOWS\WinSxS\x86_microsoft.windows.common-controls_6595b64144ccf1df_5.82.17134.706_none_40fb64164515a358\comctl32.dll
0x75840000 - 0x758c3000 	C:\WINDOWS\System32\clbcatq.dll
0x6ef80000 - 0x6f100000 	C:\WINDOWS\system32\propsys.dll
0x6c9a0000 - 0x6cac4000 	C:\WINDOWS\system32\NetworkExplorer.dll
0x6c100000 - 0x6c428000 	C:\Windows\System32\OneCoreUAPCommonProxyStub.dll
0x6bf80000 - 0x6c0f1000 	C:\WINDOWS\SYSTEM32\WindowsCodecs.dll
0x6c950000 - 0x6c99a000 	C:\Windows\System32\thumbcache.dll
0x6c8e0000 - 0x6c94d000 	C:\WINDOWS\SYSTEM32\policymanager.dll
0x6c870000 - 0x6c8d7000 	C:\WINDOWS\SYSTEM32\msvcp110_win.dll
0x708c0000 - 0x708d8000 	C:\WINDOWS\SYSTEM32\MPR.dll
0x6d200000 - 0x6d209000 	C:\WINDOWS\System32\drprov.dll
0x6bf30000 - 0x6bf72000 	C:\WINDOWS\System32\WINSTA.dll
0x6bf10000 - 0x6bf22000 	C:\WINDOWS\System32\ntlanman.dll
0x6bef0000 - 0x6bf09000 	C:\WINDOWS\System32\davclnt.dll
0x6d1f0000 - 0x6d1fa000 	C:\WINDOWS\System32\DAVHLPR.dll
0x6c860000 - 0x6c870000 	C:\WINDOWS\System32\wkscli.dll
0x72600000 - 0x72619000 	C:\WINDOWS\System32\bcrypt.dll
0x6bee0000 - 0x6beef000 	C:\WINDOWS\SYSTEM32\cscapi.dll
0x6f4e0000 - 0x6f4eb000 	C:\WINDOWS\System32\netutils.dll
0x6bea0000 - 0x6bee0000 	C:\Windows\System32\dlnashext.dll
0x6be50000 - 0x6be9d000 	C:\Windows\System32\PlayToDevice.dll
0x6be30000 - 0x6be4a000 	C:\Windows\System32\DevDispItemProvider.dll
0x6bdd0000 - 0x6be2c000 	C:\WINDOWS\System32\MMDevApi.dll
0x70820000 - 0x70842000 	C:\WINDOWS\System32\DEVOBJ.dll
0x6bbf0000 - 0x6bdc5000 	C:\WINDOWS\system32\wpdshext.dll
0x6ea70000 - 0x6ebdb000 	C:\WINDOWS\WinSxS\x86_microsoft.windows.gdiplus_6595b64144ccf1df_1.1.17134.706_none_73dbcc879f7312db\gdiplus.dll
0x6bb60000 - 0x6bbe6000 	C:\Windows\System32\PortableDeviceApi.dll
0x75020000 - 0x7544b000 	C:\WINDOWS\System32\SETUPAPI.dll
0x746c0000 - 0x74707000 	C:\WINDOWS\System32\WINTRUST.dll
0x74710000 - 0x7471e000 	C:\WINDOWS\System32\MSASN1.dll
0x74760000 - 0x748f6000 	C:\WINDOWS\System32\CRYPT32.dll
0x6bb10000 - 0x6bb51000 	C:\WINDOWS\system32\audiodev.dll
0x6b8f0000 - 0x6bb0d000 	C:\WINDOWS\system32\WMVCore.DLL
0x6b8b0000 - 0x6b8ef000 	C:\WINDOWS\system32\WMASF.DLL
0x6b7a0000 - 0x6b8a6000 	C:\WINDOWS\system32\mfperfhelper.dll
0x6b790000 - 0x6b79b000 	C:\WINDOWS\SYSTEM32\LINKINFO.dll
0x6f6c0000 - 0x6f6ca000 	C:\WINDOWS\SYSTEM32\Secur32.dll
0x6b770000 - 0x6b785000 	C:\WINDOWS\SYSTEM32\samcli.dll
0x6b750000 - 0x6b769000 	C:\WINDOWS\SYSTEM32\SAMLIB.dll
0x6b700000 - 0x6b74f000 	C:\WINDOWS\system32\dataexchange.dll
0x6b360000 - 0x6b49c000 	C:\WINDOWS\system32\dcomp.dll
0x6b4a0000 - 0x6b6f2000 	C:\WINDOWS\system32\d3d11.dll
0x6b2c0000 - 0x6b358000 	C:\WINDOWS\system32\dxgi.dll
0x6b150000 - 0x6b2b5000 	C:\WINDOWS\system32\twinapi.appcore.dll
0x6b120000 - 0x6b141000 	C:\WINDOWS\system32\RMCLIENT.dll
0x6b0a0000 - 0x6b11d000 	C:\WINDOWS\System32\TextInputFramework.dll
0x6c4c0000 - 0x6c71d000 	C:\WINDOWS\System32\CoreUIComponents.dll
0x6c430000 - 0x6c4bb000 	C:\WINDOWS\System32\CoreMessaging.dll
0x72830000 - 0x72859000 	C:\WINDOWS\SYSTEM32\ntmarta.dll
0x6c720000 - 0x6c7f6000 	C:\WINDOWS\SYSTEM32\wintypes.dll
0x6b070000 - 0x6b094000 	C:\Program Files (x86)\Java\jdk1.8.0_144\jre\bin\dcpr.dll
0x6b050000 - 0x6b065000 	C:\Program Files (x86)\Java\jdk1.8.0_144\bin\java_mesh.dll
0x6af50000 - 0x6b04d000 	C:\Program Files (x86)\Java\jdk1.8.0_144\bin\sptmesh.dll
0x6f120000 - 0x6f190000 	C:\WINDOWS\SYSTEM32\MSVCP140.dll
0x72f50000 - 0x72f64000 	C:\WINDOWS\SYSTEM32\VCRUNTIME140.dll
0x6ad90000 - 0x6af44000 	C:\Program Files (x86)\Java\jdk1.8.0_144\bin\geos_c.dll
0x6a410000 - 0x6a56d000 	C:\Program Files (x86)\Java\jdk1.8.0_144\bin\blas_win32_MT.dll
0x6a570000 - 0x6ad88000 	C:\Program Files (x86)\Java\jdk1.8.0_144\bin\lapack_win32_MT.dll
0x75000000 - 0x75019000 	C:\WINDOWS\System32\imagehlp.dll
0x6a2d0000 - 0x6a40d000 	C:\Program Files (x86)\Java\jdk1.8.0_144\bin\mesquite.dll
0x6a2c0000 - 0x6a2cc000 	C:\Program Files (x86)\Java\jdk1.8.0_144\bin\Microsoft.VisualStudio.TestTools.CppUnitTestFramework.dll
0x6a250000 - 0x6a2b9000 	C:\WINDOWS\SYSTEM32\MSVCP100.dll
0x6f330000 - 0x6f4b2000 	C:\WINDOWS\SYSTEM32\dbghelp.dll

VM Arguments:
jvm_args: -agentlib:jdwp=transport=dt_socket,server=n,address=54846 
java_command: org.locationtech.jtstest.testbuilder.JTSTestBuilder
java_class_path (initial): C:\Users\bjpsi\Desktop\Investigacao\JTS-testing\modules\app\target\classes;C:\Users\bjpsi\Desktop\Investigacao\JTS-testing\modules\core\target\classes;C:\Users\bjpsi\.m2\repository\org\locationtech\jts\jts-tests\1.16.1-SNAPSHOT\jts-tests-1.16.1-SNAPSHOT.jar;C:\Users\bjpsi\.m2\repository\org\apache\commons\commons-lang3\3.7\commons-lang3-3.7.jar;C:\Users\bjpsi\Desktop\Investigacao\JTS-testing\modules\io\common\target\classes;C:\Users\bjpsi\.m2\repository\com\googlecode\json-simple\json-simple\1.1.1\json-simple-1.1.1.jar;C:\Users\bjpsi\.m2\repository\org\jdom\jdom2\2.0.6\jdom2-2.0.6.jar;C:\Users\bjpsi\.m2\repository\org\jdesktop\beansbinding\1.2.1\beansbinding-1.2.1.jar;C:\Users\bjpsi\.m2\repository\org\geotools\gt-shapefile\22-SNAPSHOT\gt-shapefile-22-SNAPSHOT.jar;C:\Users\bjpsi\.m2\repository\org\geotools\gt-main\22-SNAPSHOT\gt-main-22-SNAPSHOT.jar;C:\Users\bjpsi\.m2\repository\org\apache\commons\commons-text\1.6\commons-text-1.6.jar;C:\Users\bjpsi\.m2\repository\com\fasterxml\jackson\core\jackson-core\2.9.7\jackson-core-2.9.7.jar;C:\Users\bjpsi\.m2\repository\javax\media\jai_core\1.1.3\jai_core-1.1.3.jar;C:\Users\bjpsi\.m2\repository\org\geotools\gt-swing\22-SNAPSHOT\gt-swing-22-SNAPSHOT.jar;C:\Users\bjpsi\.m2\repository\org\geotools\gt-referencing\22-SNAPSHOT\gt-referencing-22-SNAPSHOT.jar;C:\Users\bjpsi\.m2\repository\org\ejml\ejml-ddense\0.34\ejml-ddense-0.34.jar;C:\Users\bjpsi\.m2\repository\org\ejml\ejml-core\0.34\ejml-core-0.34.jar;C:\Users\bjpsi\.m2\repository\commons-pool\commons-pool\1.5.4\commons-pool-1.5.4.jar;C:\Users\bjpsi\.m2\repository\org\geotools\gt-metadata\22-SNAPSHOT\gt-metadata-22-SNAPSHOT.jar;C:\Users\bjpsi\.m2\repository\org\geotools\gt-opengis\22-SNAPSHOT\gt-opengis-22-SNAPSHOT.jar;C:\Users\bjpsi\.m2\repository\systems\uom\systems-common-java8\0.7.2\systems-common-java8-0.7.2.jar;C:\Users\bjpsi\.m2\repository\tec\uom\uom-se\1.0.8\uom-se-1.0.8.jar;C:\Users\bjpsi\.m2\repository\javax\measure\unit-api\1.0\unit-api-1
Launcher Type: SUN_STANDARD

Environment Variables:
JAVA_HOME=C:\Program Files (x86)\Java\jdk1.8.0_144
PATH=C:\Python27\;C:\Python27\Scripts;C:\ProgramData\Oracle\Java\javapath;C:\WINDOWS\system32;C:\WINDOWS;C:\WINDOWS\System32\Wbem;C:\WINDOWS\System32\WindowsPowerShell\v1.0\;C:\Program Files (x86)\apache-maven-3.5.0\bin;C:\Program Files\Git\cmd;C:\Program Files (x86)\GtkSharp\2.12\bin;C:\Program Files\dotnet\;C:\Program Files\Microsoft SQL Server\130\Tools\Binn\;C:\Program Files (x86)\Windows Live\Shared;C:\WINDOWS\System32\OpenSSH\;C:\Program Files\PuTTY\;C:\Program Files (x86)\NVIDIA Corporation\PhysX\Common;C:\Program Files\nodejs\;C:\Users\bjpsi\AppData\Local\Programs\Python\Python37-32\Scripts\;C:\Users\bjpsi\AppData\Local\Programs\Python\Python37-32\;C:\Users\bjpsi\AppData\Local\Microsoft\WindowsApps;C:\Users\bjpsi\AppData\Roaming\npm;C:\Users\bjpsi\AppData\Local\Programs\Microsoft VS Code\bin
USERNAME=Bruno Silva
OS=Windows_NT
PROCESSOR_IDENTIFIER=Intel64 Family 6 Model 61 Stepping 4, GenuineIntel



---------------  S Y S T E M  ---------------

OS: Windows 10.0 , 64 bit Build 17134 (10.0.17134.706)

CPU:total 4 (initial active 4) (2 cores per cpu, 2 threads per core) family 6 model 61 stepping 4, cmov, cx8, fxsr, mmx, sse, sse2, sse3, ssse3, sse4.1, sse4.2, popcnt, avx, avx2, aes, clmul, erms, 3dnowpref, lzcnt, ht, tsc, tscinvbit, bmi1, bmi2, adx

Memory: 4k page, physical 6188508k(2078016k free), swap 12479964k(7322484k free)

vm_info: Java HotSpot(TM) Client VM (25.144-b01) for windows-x86 JRE (1.8.0_144-b01), built on Jul 21 2017 21:58:05 by "java_re" with MS VC++ 10.0 (VS2010)

time: Fri Apr 26 12:32:03 2019
elapsed time: 30 seconds (0d 0h 0m 30s)

