#
# A fatal error has been detected by the Java Runtime Environment:
#
#  EXCEPTION_UNCAUGHT_CXX_EXCEPTION (0xe06d7363) at pc=0x76f21942, pid=7264, tid=0x00001bf8
#
# JRE version: Java(TM) SE Runtime Environment (8.0_144-b01) (build 1.8.0_144-b01)
# Java VM: Java HotSpot(TM) Client VM (25.144-b01 mixed mode windows-x86 )
# Problematic frame:
# C  [KERNELBASE.dll+0x111942]
#
# Failed to write core dump. Minidumps are not enabled by default on client versions of Windows
#
# If you would like to submit a bug report, please visit:
#   http://bugreport.java.com/bugreport/crash.jsp
# The crash happened outside the Java Virtual Machine in native code.
# See problematic frame for where to report the bug.
#

---------------  T H R E A D  ---------------

Current thread (0x165dbc00):  JavaThread "AWT-EventQueue-0" [_thread_in_native, id=7160, stack(0x177f0000,0x17840000)]

siginfo: ExceptionCode=0xe06d7363, ExceptionInformation=0x19930520 0x1783e5c4 0x6d0516ec 

Registers:
EAX=0x1783e4e0, EBX=0x1783e5c4, ECX=0x00000003, EDX=0x00000000
ESP=0x1783e4e0, EBP=0x1783e53c, ESI=0x739f1538, EDI=0x6d0516ec
EIP=0x76f21942, EFLAGS=0x00000212

Top of Stack: (sp=0x1783e4e0)
0x1783e4e0:   e06d7363 00000001 00000000 76f21942
0x1783e4f0:   00000003 19930520 1783e5c4 6d0516ec
0x1783e500:   6cf92347 1783e544 1783e618 00000000
0x1783e510:   1783e584 6d033eb0 1783e5d0 1783e544
0x1783e520:   1783e618 1783e544 1783e55c 6d0465a8
0x1783e530:   454afb0c 05451877 6d033f00 1783e580
0x1783e540:   739f4796 e06d7363 00000001 00000003
0x1783e550:   1783e574 18788ef8 0000000c 15f63458 

Instructions: (pc=0x76f21942)
0x76f21922:   89 44 24 10 c1 e0 02 50 51 8d 44 24 1c 50 e8 2f
0x76f21932:   85 00 00 83 c4 0c 8d 04 24 50 ff 15 9c 33 fc 76
0x76f21942:   8b 4c 24 54 33 cc e8 03 44 00 00 8b e5 5d c2 10
0x76f21952:   00 83 64 24 10 00 eb de 6a 0f 58 eb c3 cc cc cc 


Register to memory mapping:

EAX=0x1783e4e0 is pointing into the stack for thread: 0x165dbc00
EBX=0x1783e5c4 is pointing into the stack for thread: 0x165dbc00
ECX=0x00000003 is an unknown value
EDX=0x00000000 is an unknown value
ESP=0x1783e4e0 is pointing into the stack for thread: 0x165dbc00
EBP=0x1783e53c is pointing into the stack for thread: 0x165dbc00
ESI=0x739f1538 is an unknown value
EDI=0x6d0516ec is an unknown value


Stack: [0x177f0000,0x17840000],  sp=0x1783e4e0,  free space=313k
Native frames: (J=compiled Java code, j=interpreted, Vv=VM code, C=native code)
C  [KERNELBASE.dll+0x111942]
C  [VCRUNTIME140.dll+0x4796]
C  [sptmesh.dll+0x55595]
C  [java_mesh.dll+0x4cf6]
C  [java_mesh.dll+0x5168]
j  jni_st_mesh.Main.during_period_poly(DDLjava/lang/String;Ljava/lang/String;DDIIZD)[Ljava/lang/String;+0
j  org.locationtech.jtstest.testbuilder.MorphingGeometryViewerFrame$3.actionPerformed(Ljava/awt/event/ActionEvent;)V+168
j  javax.swing.AbstractButton.fireActionPerformed(Ljava/awt/event/ActionEvent;)V+83
j  javax.swing.AbstractButton$Handler.actionPerformed(Ljava/awt/event/ActionEvent;)V+5
j  javax.swing.DefaultButtonModel.fireActionPerformed(Ljava/awt/event/ActionEvent;)V+34
j  javax.swing.DefaultButtonModel.setPressed(Z)V+117
j  javax.swing.plaf.basic.BasicButtonListener.mouseReleased(Ljava/awt/event/MouseEvent;)V+35
j  java.awt.Component.processMouseEvent(Ljava/awt/event/MouseEvent;)V+64
j  javax.swing.JComponent.processMouseEvent(Ljava/awt/event/MouseEvent;)V+23
J 1853 C1 java.awt.Component.processEvent(Ljava/awt/AWTEvent;)V (220 bytes) @ 0x034783c8 [0x034782c0+0x108]
J 1852 C1 java.awt.Container.processEvent(Ljava/awt/AWTEvent;)V (22 bytes) @ 0x03477fd8 [0x03477f60+0x78]
J 1739 C1 java.awt.Component.dispatchEventImpl(Ljava/awt/AWTEvent;)V (883 bytes) @ 0x0343b1fc [0x0343a1e0+0x101c]
J 1781 C1 java.awt.Container.dispatchEventImpl(Ljava/awt/AWTEvent;)V (129 bytes) @ 0x0346137c [0x03461320+0x5c]
J 924 C1 java.awt.LightweightDispatcher.retargetMouseEvent(Ljava/awt/Component;ILjava/awt/event/MouseEvent;)V (350 bytes) @ 0x03331520 [0x03330e50+0x6d0]
J 1792 C1 java.awt.LightweightDispatcher.processMouseEvent(Ljava/awt/event/MouseEvent;)Z (286 bytes) @ 0x03464298 [0x03463e20+0x478]
J 1787 C1 java.awt.LightweightDispatcher.dispatchEvent(Ljava/awt/AWTEvent;)Z (73 bytes) @ 0x03462adc [0x034629f0+0xec]
J 1781 C1 java.awt.Container.dispatchEventImpl(Ljava/awt/AWTEvent;)V (129 bytes) @ 0x03461360 [0x03461320+0x40]
J 1797 C1 java.awt.Window.dispatchEventImpl(Ljava/awt/AWTEvent;)V (23 bytes) @ 0x03466848 [0x03466740+0x108]
J 1318 C1 java.awt.EventQueue.dispatchEventImpl(Ljava/awt/AWTEvent;Ljava/lang/Object;)V (149 bytes) @ 0x033bd61c [0x033bd1d0+0x44c]
J 1315 C1 java.awt.EventQueue$3.run()Ljava/lang/Void; (60 bytes) @ 0x033bc95c [0x033bc900+0x5c]
J 1314 C1 java.awt.EventQueue$3.run()Ljava/lang/Object; (5 bytes) @ 0x033bc6e0 [0x033bc6c0+0x20]
v  ~StubRoutines::call_stub
V  [jvm.dll+0x15af45]
V  [jvm.dll+0x2213ae]
V  [jvm.dll+0x15afde]
V  [jvm.dll+0x10b2cf]
C  [java.dll+0x102f]
J 1744 C1 java.awt.EventQueue$4.run()Ljava/lang/Object; (5 bytes) @ 0x0344b8d8 [0x0344b810+0xc8]
v  ~StubRoutines::call_stub
V  [jvm.dll+0x15af45]
V  [jvm.dll+0x2213ae]
V  [jvm.dll+0x15afde]
V  [jvm.dll+0x10b2cf]
C  [java.dll+0x102f]
J 1311 C1 java.awt.EventQueue.dispatchEvent(Ljava/awt/AWTEvent;)V (80 bytes) @ 0x033bb61c [0x033bb2c0+0x35c]
J 981 C1 java.awt.EventDispatchThread.pumpOneEventForFilters(I)V (295 bytes) @ 0x033412d0 [0x03340c40+0x690]
j  java.awt.EventDispatchThread.pumpEventsForFilter(ILjava/awt/Conditional;Ljava/awt/EventFilter;)V+35
j  java.awt.EventDispatchThread.pumpEventsForHierarchy(ILjava/awt/Conditional;Ljava/awt/Component;)V+11
j  java.awt.EventDispatchThread.pumpEvents(ILjava/awt/Conditional;)V+4
j  java.awt.EventDispatchThread.pumpEvents(Ljava/awt/Conditional;)V+3
j  java.awt.EventDispatchThread.run()V+9
v  ~StubRoutines::call_stub
V  [jvm.dll+0x15af45]
V  [jvm.dll+0x2213ae]
V  [jvm.dll+0x15afde]
V  [jvm.dll+0x15b166]
V  [jvm.dll+0x15b1d7]
V  [jvm.dll+0xff36f]
V  [jvm.dll+0x17dc30]
V  [jvm.dll+0x17e4aa]
V  [jvm.dll+0x1c2ec6]
C  [msvcr100.dll+0x5c556]
C  [msvcr100.dll+0x5c600]
C  [KERNEL32.DLL+0x18494]
C  [ntdll.dll+0x641c8]
C  [ntdll.dll+0x64198]
C  0x00000000

Java frames: (J=compiled Java code, j=interpreted, Vv=VM code)
j  jni_st_mesh.Main.during_period_poly(DDLjava/lang/String;Ljava/lang/String;DDIIZD)[Ljava/lang/String;+0
j  org.locationtech.jtstest.testbuilder.MorphingGeometryViewerFrame$3.actionPerformed(Ljava/awt/event/ActionEvent;)V+168
j  javax.swing.AbstractButton.fireActionPerformed(Ljava/awt/event/ActionEvent;)V+83
j  javax.swing.AbstractButton$Handler.actionPerformed(Ljava/awt/event/ActionEvent;)V+5
j  javax.swing.DefaultButtonModel.fireActionPerformed(Ljava/awt/event/ActionEvent;)V+34
j  javax.swing.DefaultButtonModel.setPressed(Z)V+117
j  javax.swing.plaf.basic.BasicButtonListener.mouseReleased(Ljava/awt/event/MouseEvent;)V+35
j  java.awt.Component.processMouseEvent(Ljava/awt/event/MouseEvent;)V+64
j  javax.swing.JComponent.processMouseEvent(Ljava/awt/event/MouseEvent;)V+23
J 1853 C1 java.awt.Component.processEvent(Ljava/awt/AWTEvent;)V (220 bytes) @ 0x034783c8 [0x034782c0+0x108]
J 1852 C1 java.awt.Container.processEvent(Ljava/awt/AWTEvent;)V (22 bytes) @ 0x03477fd8 [0x03477f60+0x78]
J 1739 C1 java.awt.Component.dispatchEventImpl(Ljava/awt/AWTEvent;)V (883 bytes) @ 0x0343b1fc [0x0343a1e0+0x101c]
J 1781 C1 java.awt.Container.dispatchEventImpl(Ljava/awt/AWTEvent;)V (129 bytes) @ 0x0346137c [0x03461320+0x5c]
J 924 C1 java.awt.LightweightDispatcher.retargetMouseEvent(Ljava/awt/Component;ILjava/awt/event/MouseEvent;)V (350 bytes) @ 0x03331520 [0x03330e50+0x6d0]
J 1792 C1 java.awt.LightweightDispatcher.processMouseEvent(Ljava/awt/event/MouseEvent;)Z (286 bytes) @ 0x03464298 [0x03463e20+0x478]
J 1787 C1 java.awt.LightweightDispatcher.dispatchEvent(Ljava/awt/AWTEvent;)Z (73 bytes) @ 0x03462adc [0x034629f0+0xec]
J 1781 C1 java.awt.Container.dispatchEventImpl(Ljava/awt/AWTEvent;)V (129 bytes) @ 0x03461360 [0x03461320+0x40]
J 1797 C1 java.awt.Window.dispatchEventImpl(Ljava/awt/AWTEvent;)V (23 bytes) @ 0x03466848 [0x03466740+0x108]
J 1318 C1 java.awt.EventQueue.dispatchEventImpl(Ljava/awt/AWTEvent;Ljava/lang/Object;)V (149 bytes) @ 0x033bd61c [0x033bd1d0+0x44c]
J 1315 C1 java.awt.EventQueue$3.run()Ljava/lang/Void; (60 bytes) @ 0x033bc95c [0x033bc900+0x5c]
J 1314 C1 java.awt.EventQueue$3.run()Ljava/lang/Object; (5 bytes) @ 0x033bc6e0 [0x033bc6c0+0x20]
v  ~StubRoutines::call_stub
J 484  java.security.AccessController.doPrivileged(Ljava/security/PrivilegedAction;Ljava/security/AccessControlContext;)Ljava/lang/Object; (0 bytes) @ 0x03283c07 [0x03283ba0+0x67]
J 1744 C1 java.awt.EventQueue$4.run()Ljava/lang/Object; (5 bytes) @ 0x0344b8d8 [0x0344b810+0xc8]
v  ~StubRoutines::call_stub
J 484  java.security.AccessController.doPrivileged(Ljava/security/PrivilegedAction;Ljava/security/AccessControlContext;)Ljava/lang/Object; (0 bytes) @ 0x03283c07 [0x03283ba0+0x67]
J 1311 C1 java.awt.EventQueue.dispatchEvent(Ljava/awt/AWTEvent;)V (80 bytes) @ 0x033bb61c [0x033bb2c0+0x35c]
J 981 C1 java.awt.EventDispatchThread.pumpOneEventForFilters(I)V (295 bytes) @ 0x033412d0 [0x03340c40+0x690]
j  java.awt.EventDispatchThread.pumpEventsForFilter(ILjava/awt/Conditional;Ljava/awt/EventFilter;)V+35
j  java.awt.EventDispatchThread.pumpEventsForHierarchy(ILjava/awt/Conditional;Ljava/awt/Component;)V+11
j  java.awt.EventDispatchThread.pumpEvents(ILjava/awt/Conditional;)V+4
j  java.awt.EventDispatchThread.pumpEvents(Ljava/awt/Conditional;)V+3
j  java.awt.EventDispatchThread.run()V+9
v  ~StubRoutines::call_stub

---------------  P R O C E S S  ---------------

Java Threads: ( => current thread )
  0x165b7400 JavaThread "TimerQueue" daemon [_thread_blocked, id=14676, stack(0x18d20000,0x18d70000)]
  0x02fb2000 JavaThread "DestroyJavaVM" [_thread_blocked, id=6492, stack(0x02f20000,0x02f70000)]
  0x164fac00 JavaThread "Swing-Shell" daemon [_thread_blocked, id=10700, stack(0x17e70000,0x17ec0000)]
=>0x165dbc00 JavaThread "AWT-EventQueue-0" [_thread_in_native, id=7160, stack(0x177f0000,0x17840000)]
  0x1642c000 JavaThread "AWT-Windows" daemon [_thread_in_native, id=4372, stack(0x16db0000,0x16e00000)]
  0x163bf400 JavaThread "AWT-Shutdown" [_thread_blocked, id=8224, stack(0x16d20000,0x16d70000)]
  0x163dc000 JavaThread "Java2D Disposer" daemon [_thread_blocked, id=7280, stack(0x16c90000,0x16ce0000)]
  0x15748c00 JavaThread "Service Thread" daemon [_thread_blocked, id=4412, stack(0x15d60000,0x15db0000)]
  0x15725800 JavaThread "C1 CompilerThread0" daemon [_thread_blocked, id=7140, stack(0x15cd0000,0x15d20000)]
  0x15724c00 JavaThread "Attach Listener" daemon [_thread_blocked, id=11480, stack(0x15c40000,0x15c90000)]
  0x15722000 JavaThread "Signal Dispatcher" daemon [_thread_blocked, id=4688, stack(0x15bb0000,0x15c00000)]
  0x1570ec00 JavaThread "Finalizer" daemon [_thread_blocked, id=4528, stack(0x15a10000,0x15a60000)]
  0x156f8c00 JavaThread "Reference Handler" daemon [_thread_blocked, id=8788, stack(0x15980000,0x159d0000)]

Other Threads:
  0x156f2c00 VMThread [stack: 0x158f0000,0x15940000] [id=13328]
  0x15755c00 WatcherThread [stack: 0x15f00000,0x15f50000] [id=9856]

VM state:not at safepoint (normal execution)

VM Mutex/Monitor currently owned by a thread: None

Heap:
 def new generation   total 78656K, used 33032K [0x05200000, 0x0a750000, 0x0a750000)
  eden space 69952K,  47% used [0x05200000, 0x07242138, 0x09650000)
  from space 8704K,   0% used [0x09650000, 0x09650000, 0x09ed0000)
  to   space 8704K,   0% used [0x09ed0000, 0x09ed0000, 0x0a750000)
 tenured generation   total 174784K, used 164650K [0x0a750000, 0x15200000, 0x15200000)
   the space 174784K,  94% used [0x0a750000, 0x1481a8a0, 0x1481aa00, 0x15200000)
 Metaspace       used 13667K, capacity 13911K, committed 14208K, reserved 14720K

Card table byte_map: [0x15200000,0x15290000] byte_map_base: 0x151d7000

Polling page: 0x02f70000

CodeCache: size=32768Kb used=3440Kb max_used=3563Kb free=29327Kb
 bounds [0x03120000, 0x034a0000, 0x05120000]
 total_blobs=2143 nmethods=1868 adapters=203
 compilation: enabled

Compilation events (10 events):
Event: 454.017 Thread 0x15725800 1965             javax.swing.JRootPane::getDefaultButton (5 bytes)
Event: 454.017 Thread 0x15725800 nmethod 1965 0x031d0808 code [0x031d0900, 0x031d0980]
Event: 454.393 Thread 0x15725800 1966             java.util.HashMap::putVal (300 bytes)
Event: 454.393 Thread 0x15725800 nmethod 1966 0x031d4d88 code [0x031d4f30, 0x031d53c8]
Event: 456.218 Thread 0x15725800 1967             javax.swing.SwingUtilities::getValidateRoot (98 bytes)
Event: 456.218 Thread 0x15725800 nmethod 1967 0x031d4848 code [0x031d4990, 0x031d4c00]
Event: 459.642 Thread 0x15725800 1968             javax.swing.plaf.basic.BasicComboBoxUI::isPopupVisible (10 bytes)
Event: 459.642 Thread 0x15725800 nmethod 1968 0x031d0588 code [0x031d0680, 0x031d0750]
Event: 459.729 Thread 0x15725800 1969             java.lang.String::length (6 bytes)
Event: 459.729 Thread 0x15725800 nmethod 1969 0x031d0388 code [0x031d0480, 0x031d0510]

GC Heap History (10 events):
Event: 23.550 GC heap before
{Heap before GC invocations=16 (full 5):
 def new generation   total 76608K, used 70003K [0x05200000, 0x0a510000, 0x0a750000)
  eden space 68160K, 100% used [0x05200000, 0x09490000, 0x09490000)
  from space 8448K,  21% used [0x09cd0000, 0x09e9cc08, 0x0a510000)
  to   space 8448K,   0% used [0x09490000, 0x09490000, 0x09cd0000)
 tenured generation   total 170100K, used 130858K [0x0a750000, 0x14d6d000, 0x15200000)
   the space 170100K,  76% used [0x0a750000, 0x1271a980, 0x1271aa00, 0x14d6d000)
 Metaspace       used 11824K, capacity 12070K, committed 12288K, reserved 12672K
Event: 23.577 GC heap after
Heap after GC invocations=17 (full 5):
 def new generation   total 76608K, used 8448K [0x05200000, 0x0a510000, 0x0a750000)
  eden space 68160K,   0% used [0x05200000, 0x05200000, 0x09490000)
  from space 8448K, 100% used [0x09490000, 0x09cd0000, 0x09cd0000)
  to   space 8448K,   0% used [0x09cd0000, 0x09cd0000, 0x0a510000)
 tenured generation   total 170100K, used 139358K [0x0a750000, 0x14d6d000, 0x15200000)
   the space 170100K,  81% used [0x0a750000, 0x12f67b80, 0x12f67c00, 0x14d6d000)
 Metaspace       used 11824K, capacity 12070K, committed 12288K, reserved 12672K
}
Event: 23.615 GC heap before
{Heap before GC invocations=17 (full 5):
 def new generation   total 76608K, used 21033K [0x05200000, 0x0a510000, 0x0a750000)
  eden space 68160K,  18% used [0x05200000, 0x05e4a528, 0x09490000)
  from space 8448K, 100% used [0x09490000, 0x09cd0000, 0x09cd0000)
  to   space 8448K,   0% used [0x09cd0000, 0x09cd0000, 0x0a510000)
 tenured generation   total 170100K, used 139358K [0x0a750000, 0x14d6d000, 0x15200000)
   the space 170100K,  81% used [0x0a750000, 0x12f67b80, 0x12f67c00, 0x14d6d000)
 Metaspace       used 11911K, capacity 12134K, committed 12288K, reserved 12672K
Event: 23.648 GC heap after
Heap after GC invocations=18 (full 6):
 def new generation   total 78656K, used 0K [0x05200000, 0x0a750000, 0x0a750000)
  eden space 69952K,   0% used [0x05200000, 0x05200000, 0x09650000)
  from space 8704K,   0% used [0x09650000, 0x09650000, 0x09ed0000)
  to   space 8704K,   0% used [0x09ed0000, 0x09ed0000, 0x0a750000)
 tenured generation   total 174784K, used 148262K [0x0a750000, 0x15200000, 0x15200000)
   the space 174784K,  84% used [0x0a750000, 0x13819a28, 0x13819c00, 0x15200000)
 Metaspace       used 11911K, capacity 12134K, committed 12288K, reserved 12672K
}
Event: 421.599 GC heap before
{Heap before GC invocations=18 (full 6):
 def new generation   total 78656K, used 69952K [0x05200000, 0x0a750000, 0x0a750000)
  eden space 69952K, 100% used [0x05200000, 0x09650000, 0x09650000)
  from space 8704K,   0% used [0x09650000, 0x09650000, 0x09ed0000)
  to   space 8704K,   0% used [0x09ed0000, 0x09ed0000, 0x0a750000)
 tenured generation   total 174784K, used 148262K [0x0a750000, 0x15200000, 0x15200000)
   the space 174784K,  84% used [0x0a750000, 0x13819a28, 0x13819c00, 0x15200000)
 Metaspace       used 13673K, capacity 13897K, committed 14080K, reserved 14720K
Event: 421.610 GC heap after
Heap after GC invocations=19 (full 6):
 def new generation   total 78656K, used 8704K [0x05200000, 0x0a750000, 0x0a750000)
  eden space 69952K,   0% used [0x05200000, 0x05200000, 0x09650000)
  from space 8704K, 100% used [0x09ed0000, 0x0a750000, 0x0a750000)
  to   space 8704K,   0% used [0x09650000, 0x09650000, 0x09ed0000)
 tenured generation   total 174784K, used 149859K [0x0a750000, 0x15200000, 0x15200000)
   the space 174784K,  85% used [0x0a750000, 0x139a8d40, 0x139a8e00, 0x15200000)
 Metaspace       used 13673K, capacity 13897K, committed 14080K, reserved 14720K
}
Event: 421.725 GC heap before
{Heap before GC invocations=19 (full 6):
 def new generation   total 78656K, used 78656K [0x05200000, 0x0a750000, 0x0a750000)
  eden space 69952K, 100% used [0x05200000, 0x09650000, 0x09650000)
  from space 8704K, 100% used [0x09ed0000, 0x0a750000, 0x0a750000)
  to   space 8704K,   0% used [0x09650000, 0x09650000, 0x09ed0000)
 tenured generation   total 174784K, used 149859K [0x0a750000, 0x15200000, 0x15200000)
   the space 174784K,  85% used [0x0a750000, 0x139a8d40, 0x139a8e00, 0x15200000)
 Metaspace       used 13674K, capacity 13929K, committed 14208K, reserved 14720K
Event: 421.746 GC heap after
Heap after GC invocations=20 (full 6):
 def new generation   total 78656K, used 8704K [0x05200000, 0x0a750000, 0x0a750000)
  eden space 69952K,   0% used [0x05200000, 0x05200000, 0x09650000)
  from space 8704K, 100% used [0x09650000, 0x09ed0000, 0x09ed0000)
  to   space 8704K,   0% used [0x09ed0000, 0x09ed0000, 0x0a750000)
 tenured generation   total 174784K, used 161596K [0x0a750000, 0x15200000, 0x15200000)
   the space 174784K,  92% used [0x0a750000, 0x1451f070, 0x1451f200, 0x15200000)
 Metaspace       used 13674K, capacity 13929K, committed 14208K, reserved 14720K
}
Event: 425.035 GC heap before
{Heap before GC invocations=20 (full 6):
 def new generation   total 78656K, used 78656K [0x05200000, 0x0a750000, 0x0a750000)
  eden space 69952K, 100% used [0x05200000, 0x09650000, 0x09650000)
  from space 8704K, 100% used [0x09650000, 0x09ed0000, 0x09ed0000)
  to   space 8704K,   0% used [0x09ed0000, 0x09ed0000, 0x0a750000)
 tenured generation   total 174784K, used 161596K [0x0a750000, 0x15200000, 0x15200000)
   the space 174784K,  92% used [0x0a750000, 0x1451f070, 0x1451f200, 0x15200000)
 Metaspace       used 13676K, capacity 13931K, committed 14208K, reserved 14720K
Event: 425.096 GC heap after
Heap after GC invocations=21 (full 7):
 def new generation   total 78656K, used 0K [0x05200000, 0x0a750000, 0x0a750000)
  eden space 69952K,   0% used [0x05200000, 0x05200000, 0x09650000)
  from space 8704K,   0% used [0x09650000, 0x09650000, 0x09ed0000)
  to   space 8704K,   0% used [0x09ed0000, 0x09ed0000, 0x0a750000)
 tenured generation   total 174784K, used 164650K [0x0a750000, 0x15200000, 0x15200000)
   the space 174784K,  94% used [0x0a750000, 0x1481a8a0, 0x1481aa00, 0x15200000)
 Metaspace       used 13667K, capacity 13911K, committed 14208K, reserved 14720K
}

Deoptimization events (0 events):
No events

Internal exceptions (10 events):
Event: 8.779 Thread 0x02fb2000 Exception <a 'java/io/FileNotFoundException'> (0x05ec0348) thrown at [C:\workspace\8-2-build-windows-i586-cygwin\jdk8u144\9417\hotspot\src\share\vm\prims\jni.cpp, line 709]
Event: 8.780 Thread 0x02fb2000 Exception <a 'java/io/FileNotFoundException'> (0x05ecca50) thrown at [C:\workspace\8-2-build-windows-i586-cygwin\jdk8u144\9417\hotspot\src\share\vm\prims\jni.cpp, line 709]
Event: 8.780 Thread 0x02fb2000 Exception <a 'java/io/FileNotFoundException'> (0x05ecdd80) thrown at [C:\workspace\8-2-build-windows-i586-cygwin\jdk8u144\9417\hotspot\src\share\vm\prims\jni.cpp, line 709]
Event: 8.781 Thread 0x02fb2000 Exception <a 'java/io/FileNotFoundException'> (0x05ed7150) thrown at [C:\workspace\8-2-build-windows-i586-cygwin\jdk8u144\9417\hotspot\src\share\vm\prims\jni.cpp, line 709]
Event: 8.782 Thread 0x02fb2000 Exception <a 'java/io/FileNotFoundException'> (0x05ee2670) thrown at [C:\workspace\8-2-build-windows-i586-cygwin\jdk8u144\9417\hotspot\src\share\vm\prims\jni.cpp, line 709]
Event: 8.786 Thread 0x02fb2000 Exception <a 'java/io/FileNotFoundException'> (0x05f06d88) thrown at [C:\workspace\8-2-build-windows-i586-cygwin\jdk8u144\9417\hotspot\src\share\vm\prims\jni.cpp, line 709]
Event: 9.260 Thread 0x165dbc00 Implicit null exception at 0x0330cbcf to 0x0330e443
Event: 9.260 Thread 0x165dbc00 Implicit null exception at 0x0330cbcf to 0x0330e443
Event: 31.041 Thread 0x165dbc00 Exception <a 'java/lang/NumberFormatException'> (0x06b8d7f0) thrown at [C:\workspace\8-2-build-windows-i586-cygwin\jdk8u144\9417\hotspot\src\share\vm\prims\jvm.cpp, line 1394]
Event: 31.041 Thread 0x165dbc00 Exception <a 'java/lang/NumberFormatException'> (0x06b8d7f0) thrown at [C:\workspace\8-2-build-windows-i586-cygwin\jdk8u144\9417\hotspot\src\share\vm\prims\jvm.cpp, line 1394]

Events (10 events):
Event: 456.218 Thread 0x15725800 flushing nmethod 0x031eaec8
Event: 456.218 Thread 0x15725800 flushing nmethod 0x031eb088
Event: 456.218 Thread 0x15725800 flushing nmethod 0x031eb588
Event: 456.218 Thread 0x15725800 flushing nmethod 0x031eb808
Event: 456.218 Thread 0x15725800 flushing nmethod 0x031eb9c8
Event: 456.218 Thread 0x15725800 flushing nmethod 0x031ebb88
Event: 456.218 Thread 0x15725800 flushing nmethod 0x031ebe08
Event: 456.218 Thread 0x15725800 flushing nmethod 0x031ebfc8
Event: 456.218 Thread 0x15725800 flushing nmethod 0x031ec1c8
Event: 456.218 Thread 0x15725800 flushing nmethod 0x031ec388


Dynamic libraries:
0x00b30000 - 0x00b63000 	C:\Program Files (x86)\Java\jdk1.8.0_144\bin\java.exe
0x771c0000 - 0x77350000 	C:\WINDOWS\SYSTEM32\ntdll.dll
0x75650000 - 0x75730000 	C:\WINDOWS\System32\KERNEL32.DLL
0x76e10000 - 0x76ff4000 	C:\WINDOWS\System32\KERNELBASE.dll
0x6faa0000 - 0x6fb3d000 	C:\WINDOWS\SYSTEM32\apphelp.dll
0x77050000 - 0x770c8000 	C:\WINDOWS\System32\ADVAPI32.dll
0x75ac0000 - 0x75b7f000 	C:\WINDOWS\System32\msvcrt.dll
0x77000000 - 0x77044000 	C:\WINDOWS\System32\sechost.dll
0x75910000 - 0x759d0000 	C:\WINDOWS\System32\RPCRT4.dll
0x73a80000 - 0x73aa0000 	C:\WINDOWS\System32\SspiCli.dll
0x73a70000 - 0x73a7a000 	C:\WINDOWS\System32\CRYPTBASE.dll
0x765c0000 - 0x76618000 	C:\WINDOWS\System32\bcryptPrimitives.dll
0x76900000 - 0x76a8d000 	C:\WINDOWS\System32\USER32.dll
0x76ba0000 - 0x76bb7000 	C:\WINDOWS\System32\win32u.dll
0x75d70000 - 0x75d92000 	C:\WINDOWS\System32\GDI32.dll
0x75b80000 - 0x75ce4000 	C:\WINDOWS\System32\gdi32full.dll
0x75cf0000 - 0x75d6d000 	C:\WINDOWS\System32\msvcp_win.dll
0x76bd0000 - 0x76ced000 	C:\WINDOWS\System32\ucrtbase.dll
0x6f390000 - 0x6f594000 	C:\WINDOWS\WinSxS\x86_microsoft.windows.common-controls_6595b64144ccf1df_6.0.17134.765_none_42efd88044e1819c\COMCTL32.dll
0x761f0000 - 0x7644c000 	C:\WINDOWS\System32\combase.dll
0x76de0000 - 0x76e06000 	C:\WINDOWS\System32\IMM32.DLL
0x6f600000 - 0x6f6bf000 	C:\Program Files (x86)\Java\jdk1.8.0_144\jre\bin\msvcr100.dll
0x6e410000 - 0x6e7de000 	C:\Program Files (x86)\Java\jdk1.8.0_144\jre\bin\client\jvm.dll
0x75870000 - 0x75876000 	C:\WINDOWS\System32\PSAPI.DLL
0x72820000 - 0x72828000 	C:\WINDOWS\SYSTEM32\WSOCK32.dll
0x739e0000 - 0x739e8000 	C:\WINDOWS\SYSTEM32\VERSION.dll
0x730a0000 - 0x730c4000 	C:\WINDOWS\SYSTEM32\WINMM.dll
0x76cf0000 - 0x76d57000 	C:\WINDOWS\System32\WS2_32.dll
0x728e0000 - 0x72903000 	C:\WINDOWS\SYSTEM32\winmmbase.dll
0x76770000 - 0x767a9000 	C:\WINDOWS\System32\cfgmgr32.dll
0x6fa90000 - 0x6fa9c000 	C:\Program Files (x86)\Java\jdk1.8.0_144\jre\bin\verify.dll
0x6f5d0000 - 0x6f5f1000 	C:\Program Files (x86)\Java\jdk1.8.0_144\jre\bin\java.dll
0x6f5b0000 - 0x6f5c3000 	C:\Program Files (x86)\Java\jdk1.8.0_144\jre\bin\zip.dll
0x740b0000 - 0x753fa000 	C:\WINDOWS\System32\SHELL32.dll
0x759d0000 - 0x75a58000 	C:\WINDOWS\System32\shcore.dll
0x73af0000 - 0x740aa000 	C:\WINDOWS\System32\windows.storage.dll
0x755a0000 - 0x755e5000 	C:\WINDOWS\System32\shlwapi.dll
0x76b90000 - 0x76b9f000 	C:\WINDOWS\System32\kernel.appcore.dll
0x76d60000 - 0x76d78000 	C:\WINDOWS\System32\profapi.dll
0x73aa0000 - 0x73ae5000 	C:\WINDOWS\System32\powrprof.dll
0x75730000 - 0x75738000 	C:\WINDOWS\System32\FLTLIB.DLL
0x6f220000 - 0x6f365000 	C:\Program Files (x86)\Java\jdk1.8.0_144\jre\bin\awt.dll
0x75740000 - 0x757d6000 	C:\WINDOWS\System32\OLEAUT32.dll
0x6f1f0000 - 0x6f216000 	C:\Program Files (x86)\Java\jdk1.8.0_144\jre\bin\jpeg.dll
0x6ee90000 - 0x6ef0c000 	C:\WINDOWS\system32\uxtheme.dll
0x767b0000 - 0x768f3000 	C:\WINDOWS\System32\MSCTF.dll
0x689e0000 - 0x68a03000 	C:\WINDOWS\system32\dwmapi.dll
0x76a90000 - 0x76b8c000 	C:\WINDOWS\System32\ole32.dll
0x6f040000 - 0x6f119000 	C:\WINDOWS\system32\opengl32.dll
0x6f1b0000 - 0x6f1ef000 	C:\WINDOWS\SYSTEM32\GLU32.dll
0x6f000000 - 0x6f039000 	C:\Program Files (x86)\Java\jdk1.8.0_144\jre\bin\fontmanager.dll
0x6f370000 - 0x6f386000 	C:\Program Files (x86)\Java\jdk1.8.0_144\jre\bin\net.dll
0x71eb0000 - 0x71f06000 	C:\WINDOWS\system32\mswsock.dll
0x6fa80000 - 0x6fa8f000 	C:\Program Files (x86)\Java\jdk1.8.0_144\jre\bin\nio.dll
0x6efc0000 - 0x6eff2000 	C:\Program Files (x86)\Java\jdk1.8.0_144\jre\bin\t2k.dll
0x6ef30000 - 0x6efbf000 	C:\WINDOWS\WinSxS\x86_microsoft.windows.common-controls_6595b64144ccf1df_5.82.17134.765_none_41017c9a451021c1\comctl32.dll
0x757e0000 - 0x75863000 	C:\WINDOWS\System32\clbcatq.dll
0x6ec80000 - 0x6ee00000 	C:\WINDOWS\system32\propsys.dll
0x6eb50000 - 0x6ec74000 	C:\WINDOWS\system32\NetworkExplorer.dll
0x6e0e0000 - 0x6e408000 	C:\Windows\System32\OneCoreUAPCommonProxyStub.dll
0x6df60000 - 0x6e0d1000 	C:\WINDOWS\SYSTEM32\WindowsCodecs.dll
0x6eb00000 - 0x6eb4a000 	C:\Windows\System32\thumbcache.dll
0x6ea90000 - 0x6eafd000 	C:\WINDOWS\SYSTEM32\policymanager.dll
0x6def0000 - 0x6df57000 	C:\WINDOWS\SYSTEM32\msvcp110_win.dll
0x73080000 - 0x73098000 	C:\WINDOWS\SYSTEM32\MPR.dll
0x6f1a0000 - 0x6f1a9000 	C:\WINDOWS\System32\drprov.dll
0x6ea40000 - 0x6ea82000 	C:\WINDOWS\System32\WINSTA.dll
0x6ef10000 - 0x6ef22000 	C:\WINDOWS\System32\ntlanman.dll
0x6e9f0000 - 0x6ea09000 	C:\WINDOWS\System32\davclnt.dll
0x6f180000 - 0x6f18a000 	C:\WINDOWS\System32\DAVHLPR.dll
0x6ea30000 - 0x6ea40000 	C:\WINDOWS\System32\wkscli.dll
0x727d0000 - 0x727e9000 	C:\WINDOWS\System32\bcrypt.dll
0x6e9e0000 - 0x6e9ef000 	C:\WINDOWS\SYSTEM32\cscapi.dll
0x6ee00000 - 0x6ee0b000 	C:\WINDOWS\System32\netutils.dll
0x6deb0000 - 0x6def0000 	C:\Windows\System32\dlnashext.dll
0x6de60000 - 0x6dead000 	C:\Windows\System32\PlayToDevice.dll
0x6e9c0000 - 0x6e9da000 	C:\Windows\System32\DevDispItemProvider.dll
0x6de00000 - 0x6de5c000 	C:\WINDOWS\System32\MMDevApi.dll
0x727f0000 - 0x72812000 	C:\WINDOWS\System32\DEVOBJ.dll
0x6dc20000 - 0x6ddf5000 	C:\WINDOWS\system32\wpdshext.dll
0x698d0000 - 0x69a3b000 	C:\WINDOWS\WinSxS\x86_microsoft.windows.gdiplus_6595b64144ccf1df_1.1.17134.765_none_73dacb659f73fb6a\gdiplus.dll
0x6db90000 - 0x6dc16000 	C:\Windows\System32\PortableDeviceApi.dll
0x75dc0000 - 0x761eb000 	C:\WINDOWS\System32\SETUPAPI.dll
0x755f0000 - 0x75637000 	C:\WINDOWS\System32\WINTRUST.dll
0x76bc0000 - 0x76bce000 	C:\WINDOWS\System32\MSASN1.dll
0x75400000 - 0x75596000 	C:\WINDOWS\System32\CRYPT32.dll
0x6db40000 - 0x6db81000 	C:\WINDOWS\system32\audiodev.dll
0x6d920000 - 0x6db3d000 	C:\WINDOWS\system32\WMVCore.DLL
0x6d8e0000 - 0x6d91f000 	C:\WINDOWS\system32\WMASF.DLL
0x6d7d0000 - 0x6d8d6000 	C:\WINDOWS\system32\mfperfhelper.dll
0x6e9b0000 - 0x6e9bb000 	C:\WINDOWS\SYSTEM32\LINKINFO.dll
0x6ee10000 - 0x6ee1a000 	C:\WINDOWS\SYSTEM32\Secur32.dll
0x6d7b0000 - 0x6d7c5000 	C:\WINDOWS\SYSTEM32\samcli.dll
0x6d790000 - 0x6d7a9000 	C:\WINDOWS\SYSTEM32\SAMLIB.dll
0x6d740000 - 0x6d78f000 	C:\WINDOWS\system32\dataexchange.dll
0x6d3a0000 - 0x6d4dc000 	C:\WINDOWS\system32\dcomp.dll
0x6d4e0000 - 0x6d732000 	C:\WINDOWS\system32\d3d11.dll
0x6d300000 - 0x6d398000 	C:\WINDOWS\system32\dxgi.dll
0x6d190000 - 0x6d2f5000 	C:\WINDOWS\system32\twinapi.appcore.dll
0x6d160000 - 0x6d181000 	C:\WINDOWS\system32\RMCLIENT.dll
0x6d130000 - 0x6d154000 	C:\Program Files (x86)\Java\jdk1.8.0_144\jre\bin\dcpr.dll
0x6d0b0000 - 0x6d12d000 	C:\WINDOWS\System32\TextInputFramework.dll
0x67830000 - 0x67a8d000 	C:\WINDOWS\System32\CoreUIComponents.dll
0x67a90000 - 0x67b1b000 	C:\WINDOWS\System32\CoreMessaging.dll
0x72070000 - 0x72099000 	C:\WINDOWS\SYSTEM32\ntmarta.dll
0x67750000 - 0x67826000 	C:\WINDOWS\SYSTEM32\wintypes.dll
0x6d090000 - 0x6d0a5000 	C:\Program Files (x86)\Java\jdk1.8.0_144\bin\java_mesh.dll
0x6cf90000 - 0x6d08d000 	C:\Program Files (x86)\Java\jdk1.8.0_144\bin\sptmesh.dll
0x69640000 - 0x696b0000 	C:\WINDOWS\SYSTEM32\MSVCP140.dll
0x739f0000 - 0x73a04000 	C:\WINDOWS\SYSTEM32\VCRUNTIME140.dll
0x6cdd0000 - 0x6cf84000 	C:\Program Files (x86)\Java\jdk1.8.0_144\bin\geos_c.dll
0x6c450000 - 0x6c5ad000 	C:\Program Files (x86)\Java\jdk1.8.0_144\bin\blas_win32_MT.dll
0x6c310000 - 0x6c44d000 	C:\Program Files (x86)\Java\jdk1.8.0_144\bin\mesquite.dll
0x75da0000 - 0x75db9000 	C:\WINDOWS\System32\imagehlp.dll
0x6c5b0000 - 0x6cdc8000 	C:\Program Files (x86)\Java\jdk1.8.0_144\bin\lapack_win32_MT.dll
0x6c300000 - 0x6c30c000 	C:\Program Files (x86)\Java\jdk1.8.0_144\bin\Microsoft.VisualStudio.TestTools.CppUnitTestFramework.dll
0x6c290000 - 0x6c2f9000 	C:\WINDOWS\SYSTEM32\MSVCP100.dll
0x6e810000 - 0x6e992000 	C:\WINDOWS\SYSTEM32\dbghelp.dll

VM Arguments:
java_command: org.locationtech.jtstest.testbuilder.JTSTestBuilder
java_class_path (initial): C:\Users\bjpsi\Desktop\Investigacao\JTS-testing\modules\app\target\classes;C:\Users\bjpsi\Desktop\Investigacao\JTS-testing\modules\core\target\classes;C:\Users\bjpsi\.m2\repository\org\locationtech\jts\jts-tests\1.16.1-SNAPSHOT\jts-tests-1.16.1-SNAPSHOT.jar;C:\Users\bjpsi\.m2\repository\org\apache\commons\commons-lang3\3.7\commons-lang3-3.7.jar;C:\Users\bjpsi\Desktop\Investigacao\JTS-testing\modules\io\common\target\classes;C:\Users\bjpsi\.m2\repository\com\googlecode\json-simple\json-simple\1.1.1\json-simple-1.1.1.jar;C:\Users\bjpsi\.m2\repository\org\jdom\jdom2\2.0.6\jdom2-2.0.6.jar;C:\Users\bjpsi\.m2\repository\org\jdesktop\beansbinding\1.2.1\beansbinding-1.2.1.jar;C:\Users\bjpsi\.m2\repository\org\geotools\gt-shapefile\22-SNAPSHOT\gt-shapefile-22-SNAPSHOT.jar;C:\Users\bjpsi\.m2\repository\org\geotools\gt-main\22-SNAPSHOT\gt-main-22-SNAPSHOT.jar;C:\Users\bjpsi\.m2\repository\org\apache\commons\commons-text\1.6\commons-text-1.6.jar;C:\Users\bjpsi\.m2\repository\com\fasterxml\jackson\core\jackson-core\2.9.7\jackson-core-2.9.7.jar;C:\Users\bjpsi\.m2\repository\javax\media\jai_core\1.1.3\jai_core-1.1.3.jar;C:\Users\bjpsi\.m2\repository\org\geotools\gt-swing\22-SNAPSHOT\gt-swing-22-SNAPSHOT.jar;C:\Users\bjpsi\.m2\repository\org\geotools\gt-referencing\22-SNAPSHOT\gt-referencing-22-SNAPSHOT.jar;C:\Users\bjpsi\.m2\repository\org\ejml\ejml-ddense\0.34\ejml-ddense-0.34.jar;C:\Users\bjpsi\.m2\repository\org\ejml\ejml-core\0.34\ejml-core-0.34.jar;C:\Users\bjpsi\.m2\repository\commons-pool\commons-pool\1.5.4\commons-pool-1.5.4.jar;C:\Users\bjpsi\.m2\repository\org\geotools\gt-metadata\22-SNAPSHOT\gt-metadata-22-SNAPSHOT.jar;C:\Users\bjpsi\.m2\repository\org\geotools\gt-opengis\22-SNAPSHOT\gt-opengis-22-SNAPSHOT.jar;C:\Users\bjpsi\.m2\repository\systems\uom\systems-common-java8\0.7.2\systems-common-java8-0.7.2.jar;C:\Users\bjpsi\.m2\repository\tec\uom\uom-se\1.0.8\uom-se-1.0.8.jar;C:\Users\bjpsi\.m2\repository\javax\measure\unit-api\1.0\unit-api-1
Launcher Type: SUN_STANDARD

Environment Variables:
JAVA_HOME=C:\Program Files (x86)\Java\jdk1.8.0_144
PATH=C:\Python27\;C:\Python27\Scripts;C:\ProgramData\Oracle\Java\javapath;C:\WINDOWS\system32;C:\WINDOWS;C:\WINDOWS\System32\Wbem;C:\WINDOWS\System32\WindowsPowerShell\v1.0\;C:\Program Files (x86)\apache-maven-3.5.0\bin;C:\Program Files\Git\cmd;C:\Program Files (x86)\GtkSharp\2.12\bin;C:\Program Files\dotnet\;C:\Program Files\Microsoft SQL Server\130\Tools\Binn\;C:\Program Files (x86)\Windows Live\Shared;C:\WINDOWS\System32\OpenSSH\;C:\Program Files\PuTTY\;C:\Program Files (x86)\NVIDIA Corporation\PhysX\Common;C:\Program Files\nodejs\;C:\Users\bjpsi\AppData\Local\Programs\Python\Python37-32\Scripts\;C:\Users\bjpsi\AppData\Local\Programs\Python\Python37-32\;C:\Users\bjpsi\AppData\Local\Microsoft\WindowsApps;C:\Users\bjpsi\AppData\Roaming\npm;C:\Users\bjpsi\AppData\Local\Programs\Microsoft VS Code\bin
USERNAME=Bruno Silva
OS=Windows_NT
PROCESSOR_IDENTIFIER=Intel64 Family 6 Model 61 Stepping 4, GenuineIntel



---------------  S Y S T E M  ---------------

OS: Windows 10.0 , 64 bit Build 17134 (10.0.17134.753)

CPU:total 4 (initial active 4) (2 cores per cpu, 2 threads per core) family 6 model 61 stepping 4, cmov, cx8, fxsr, mmx, sse, sse2, sse3, ssse3, sse4.1, sse4.2, popcnt, avx, avx2, aes, clmul, erms, 3dnowpref, lzcnt, ht, tsc, tscinvbit, bmi1, bmi2, adx

Memory: 4k page, physical 6188508k(1251692k free), swap 9465308k(2714864k free)

vm_info: Java HotSpot(TM) Client VM (25.144-b01) for windows-x86 JRE (1.8.0_144-b01), built on Jul 21 2017 21:58:05 by "java_re" with MS VC++ 10.0 (VS2010)

time: Fri Jun 07 11:16:56 2019
elapsed time: 459 seconds (0d 0h 7m 39s)

