#
# A fatal error has been detected by the Java Runtime Environment:
#
#  EXCEPTION_UNCAUGHT_CXX_EXCEPTION (0xe06d7363) at pc=0x76fa18a2, pid=10916, tid=0x00001050
#
# JRE version: Java(TM) SE Runtime Environment (8.0_144-b01) (build 1.8.0_144-b01)
# Java VM: Java HotSpot(TM) Client VM (25.144-b01 mixed mode, sharing windows-x86 )
# Problematic frame:
# C  [KERNELBASE.dll+0x1118a2]
#
# Failed to write core dump. Minidumps are not enabled by default on client versions of Windows
#
# If you would like to submit a bug report, please visit:
#   http://bugreport.java.com/bugreport/crash.jsp
# The crash happened outside the Java Virtual Machine in native code.
# See problematic frame for where to report the bug.
#

---------------  T H R E A D  ---------------

Current thread (0x16bc1c00):  JavaThread "AWT-EventQueue-0" [_thread_in_native, id=4176, stack(0x17300000,0x17350000)]

siginfo: ExceptionCode=0xe06d7363, ExceptionInformation=0x19930520 0x1734e804 0x6cac16ec 

Registers:
EAX=0x1734e720, EBX=0x1734e804, ECX=0x00000003, EDX=0x00000000
ESP=0x1734e720, EBP=0x1734e77c, ESI=0x71551538, EDI=0x6cac16ec
EIP=0x76fa18a2, EFLAGS=0x00000212

Top of Stack: (sp=0x1734e720)
0x1734e720:   e06d7363 00000001 00000000 76fa18a2
0x1734e730:   00000003 19930520 1734e804 6cac16ec
0x1734e740:   6ca02347 1734e784 1734e858 00000000
0x1734e750:   1734e7c4 6caa3eb0 1734e810 1734e784
0x1734e760:   1734e858 1734e784 1734e79c 6cab65a8
0x1734e770:   9f6887b2 8852b36a 6caa3f00 1734e7c0
0x1734e780:   71554796 e06d7363 00000001 00000003
0x1734e790:   1734e7b4 180b2130 0000000c 16df5e30 

Instructions: (pc=0x76fa18a2)
0x76fa1882:   89 44 24 10 c1 e0 02 50 51 8d 44 24 1c 50 e8 3f
0x76fa1892:   85 00 00 83 c4 0c 8d 04 24 50 ff 15 9c 33 04 77
0x76fa18a2:   8b 4c 24 54 33 cc e8 f3 43 00 00 8b e5 5d c2 10
0x76fa18b2:   00 83 64 24 10 00 eb de 6a 0f 58 eb c3 cc cc cc 


Register to memory mapping:

EAX=0x1734e720 is pointing into the stack for thread: 0x16bc1c00
EBX=0x1734e804 is pointing into the stack for thread: 0x16bc1c00
ECX=0x00000003 is an unknown value
EDX=0x00000000 is an unknown value
ESP=0x1734e720 is pointing into the stack for thread: 0x16bc1c00
EBP=0x1734e77c is pointing into the stack for thread: 0x16bc1c00
ESI=0x71551538 is an unknown value
EDI=0x6cac16ec is an unknown value


Stack: [0x17300000,0x17350000],  sp=0x1734e720,  free space=313k
Native frames: (J=compiled Java code, j=interpreted, Vv=VM code, C=native code)
C  [KERNELBASE.dll+0x1118a2]
C  [VCRUNTIME140.dll+0x4796]
C  [sptmesh.dll+0x55595]
C  [java_mesh.dll+0x4cf6]
C  [java_mesh.dll+0x6323]
j  jni_st_mesh.Main.at_instant_mesh(DDLjava/lang/String;Ljava/lang/String;DIZD)Ljava/lang/String;+0
j  org.locationtech.jtstest.testbuilder.MorphingGeometryOptionsPanel.playBtnActionPerformed(Ljava/awt/event/ActionEvent;)V+250
j  org.locationtech.jtstest.testbuilder.MorphingGeometryOptionsPanel.access$300(Lorg/locationtech/jtstest/testbuilder/MorphingGeometryOptionsPanel;Ljava/awt/event/ActionEvent;)V+2
j  org.locationtech.jtstest.testbuilder.MorphingGeometryOptionsPanel$3.actionPerformed(Ljava/awt/event/ActionEvent;)V+5
j  javax.swing.AbstractButton.fireActionPerformed(Ljava/awt/event/ActionEvent;)V+83
j  javax.swing.AbstractButton$Handler.actionPerformed(Ljava/awt/event/ActionEvent;)V+5
j  javax.swing.DefaultButtonModel.fireActionPerformed(Ljava/awt/event/ActionEvent;)V+34
j  javax.swing.DefaultButtonModel.setPressed(Z)V+117
j  javax.swing.plaf.basic.BasicButtonListener.mouseReleased(Ljava/awt/event/MouseEvent;)V+35
j  java.awt.Component.processMouseEvent(Ljava/awt/event/MouseEvent;)V+64
j  javax.swing.JComponent.processMouseEvent(Ljava/awt/event/MouseEvent;)V+23
j  java.awt.Component.processEvent(Ljava/awt/AWTEvent;)V+81
j  java.awt.Container.processEvent(Ljava/awt/AWTEvent;)V+18
j  java.awt.Component.dispatchEventImpl(Ljava/awt/AWTEvent;)V+589
j  java.awt.Container.dispatchEventImpl(Ljava/awt/AWTEvent;)V+42
J 957 C1 java.awt.LightweightDispatcher.retargetMouseEvent(Ljava/awt/Component;ILjava/awt/event/MouseEvent;)V (350 bytes) @ 0x0293eaa0 [0x0293e3d0+0x6d0]
j  java.awt.LightweightDispatcher.processMouseEvent(Ljava/awt/event/MouseEvent;)Z+155
j  java.awt.LightweightDispatcher.dispatchEvent(Ljava/awt/AWTEvent;)Z+50
j  java.awt.Container.dispatchEventImpl(Ljava/awt/AWTEvent;)V+12
j  java.awt.Window.dispatchEventImpl(Ljava/awt/AWTEvent;)V+19
j  java.awt.Component.dispatchEvent(Ljava/awt/AWTEvent;)V+2
j  java.awt.EventQueue.dispatchEventImpl(Ljava/awt/AWTEvent;Ljava/lang/Object;)V+41
j  java.awt.EventQueue.access$500(Ljava/awt/EventQueue;Ljava/awt/AWTEvent;Ljava/lang/Object;)V+3
j  java.awt.EventQueue$3.run()Ljava/lang/Void;+32
j  java.awt.EventQueue$3.run()Ljava/lang/Object;+1
v  ~StubRoutines::call_stub
V  [jvm.dll+0x15af45]
V  [jvm.dll+0x2213ae]
V  [jvm.dll+0x15afde]
V  [jvm.dll+0x10b2cf]
C  [java.dll+0x102f]
J 936 C1 java.security.ProtectionDomain$JavaSecurityAccessImpl.doIntersectionPrivilege(Ljava/security/PrivilegedAction;Ljava/security/AccessControlContext;Ljava/security/AccessControlContext;)Ljava/lang/Object; (22 bytes) @ 0x028332c0 [0x028331c0+0x100]
j  java.security.ProtectionDomain$JavaSecurityAccessImpl.doIntersectionPrivilege(Ljava/security/PrivilegedAction;Ljava/security/AccessControlContext;)Ljava/lang/Object;+6
j  java.awt.EventQueue$4.run()Ljava/lang/Void;+11
j  java.awt.EventQueue$4.run()Ljava/lang/Object;+1
v  ~StubRoutines::call_stub
V  [jvm.dll+0x15af45]
V  [jvm.dll+0x2213ae]
V  [jvm.dll+0x15afde]
V  [jvm.dll+0x10b2cf]
C  [java.dll+0x102f]
J 936 C1 java.security.ProtectionDomain$JavaSecurityAccessImpl.doIntersectionPrivilege(Ljava/security/PrivilegedAction;Ljava/security/AccessControlContext;Ljava/security/AccessControlContext;)Ljava/lang/Object; (22 bytes) @ 0x028332c0 [0x028331c0+0x100]
j  java.awt.EventQueue.dispatchEvent(Ljava/awt/AWTEvent;)V+73
J 901 C1 java.awt.EventDispatchThread.pumpOneEventForFilters(I)V (295 bytes) @ 0x0283a510 [0x02839e80+0x690]
j  java.awt.EventDispatchThread.pumpEventsForFilter(ILjava/awt/Conditional;Ljava/awt/EventFilter;)V+35
j  java.awt.EventDispatchThread.pumpEventsForHierarchy(ILjava/awt/Conditional;Ljava/awt/Component;)V+11
j  java.awt.EventDispatchThread.pumpEvents(ILjava/awt/Conditional;)V+4
j  java.awt.EventDispatchThread.pumpEvents(Ljava/awt/Conditional;)V+3
j  java.awt.EventDispatchThread.run()V+9
v  ~StubRoutines::call_stub
V  [jvm.dll+0x15af45]
V  [jvm.dll+0x2213ae]
V  [jvm.dll+0x15afde]
V  [jvm.dll+0x15b166]
V  [jvm.dll+0x15b1d7]
V  [jvm.dll+0xff36f]
V  [jvm.dll+0x17dc30]
V  [jvm.dll+0x17e4aa]
V  [jvm.dll+0x1c2ec6]
C  [msvcr100.dll+0x5c556]
C  [msvcr100.dll+0x5c600]
C  [KERNEL32.DLL+0x18494]
C  [ntdll.dll+0x641c8]
C  [ntdll.dll+0x64198]
C  0x00000000

Java frames: (J=compiled Java code, j=interpreted, Vv=VM code)
j  jni_st_mesh.Main.at_instant_mesh(DDLjava/lang/String;Ljava/lang/String;DIZD)Ljava/lang/String;+0
j  org.locationtech.jtstest.testbuilder.MorphingGeometryOptionsPanel.playBtnActionPerformed(Ljava/awt/event/ActionEvent;)V+250
j  org.locationtech.jtstest.testbuilder.MorphingGeometryOptionsPanel.access$300(Lorg/locationtech/jtstest/testbuilder/MorphingGeometryOptionsPanel;Ljava/awt/event/ActionEvent;)V+2
j  org.locationtech.jtstest.testbuilder.MorphingGeometryOptionsPanel$3.actionPerformed(Ljava/awt/event/ActionEvent;)V+5
j  javax.swing.AbstractButton.fireActionPerformed(Ljava/awt/event/ActionEvent;)V+83
j  javax.swing.AbstractButton$Handler.actionPerformed(Ljava/awt/event/ActionEvent;)V+5
j  javax.swing.DefaultButtonModel.fireActionPerformed(Ljava/awt/event/ActionEvent;)V+34
j  javax.swing.DefaultButtonModel.setPressed(Z)V+117
j  javax.swing.plaf.basic.BasicButtonListener.mouseReleased(Ljava/awt/event/MouseEvent;)V+35
j  java.awt.Component.processMouseEvent(Ljava/awt/event/MouseEvent;)V+64
j  javax.swing.JComponent.processMouseEvent(Ljava/awt/event/MouseEvent;)V+23
j  java.awt.Component.processEvent(Ljava/awt/AWTEvent;)V+81
j  java.awt.Container.processEvent(Ljava/awt/AWTEvent;)V+18
j  java.awt.Component.dispatchEventImpl(Ljava/awt/AWTEvent;)V+589
j  java.awt.Container.dispatchEventImpl(Ljava/awt/AWTEvent;)V+42
J 957 C1 java.awt.LightweightDispatcher.retargetMouseEvent(Ljava/awt/Component;ILjava/awt/event/MouseEvent;)V (350 bytes) @ 0x0293eaa0 [0x0293e3d0+0x6d0]
j  java.awt.LightweightDispatcher.processMouseEvent(Ljava/awt/event/MouseEvent;)Z+155
j  java.awt.LightweightDispatcher.dispatchEvent(Ljava/awt/AWTEvent;)Z+50
j  java.awt.Container.dispatchEventImpl(Ljava/awt/AWTEvent;)V+12
j  java.awt.Window.dispatchEventImpl(Ljava/awt/AWTEvent;)V+19
j  java.awt.Component.dispatchEvent(Ljava/awt/AWTEvent;)V+2
j  java.awt.EventQueue.dispatchEventImpl(Ljava/awt/AWTEvent;Ljava/lang/Object;)V+41
j  java.awt.EventQueue.access$500(Ljava/awt/EventQueue;Ljava/awt/AWTEvent;Ljava/lang/Object;)V+3
j  java.awt.EventQueue$3.run()Ljava/lang/Void;+32
j  java.awt.EventQueue$3.run()Ljava/lang/Object;+1
v  ~StubRoutines::call_stub
J 453  java.security.AccessController.doPrivileged(Ljava/security/PrivilegedAction;Ljava/security/AccessControlContext;)Ljava/lang/Object; (0 bytes) @ 0x0287a147 [0x0287a0e0+0x67]
J 936 C1 java.security.ProtectionDomain$JavaSecurityAccessImpl.doIntersectionPrivilege(Ljava/security/PrivilegedAction;Ljava/security/AccessControlContext;Ljava/security/AccessControlContext;)Ljava/lang/Object; (22 bytes) @ 0x028332c0 [0x028331c0+0x100]
j  java.security.ProtectionDomain$JavaSecurityAccessImpl.doIntersectionPrivilege(Ljava/security/PrivilegedAction;Ljava/security/AccessControlContext;)Ljava/lang/Object;+6
j  java.awt.EventQueue$4.run()Ljava/lang/Void;+11
j  java.awt.EventQueue$4.run()Ljava/lang/Object;+1
v  ~StubRoutines::call_stub
J 453  java.security.AccessController.doPrivileged(Ljava/security/PrivilegedAction;Ljava/security/AccessControlContext;)Ljava/lang/Object; (0 bytes) @ 0x0287a147 [0x0287a0e0+0x67]
J 936 C1 java.security.ProtectionDomain$JavaSecurityAccessImpl.doIntersectionPrivilege(Ljava/security/PrivilegedAction;Ljava/security/AccessControlContext;Ljava/security/AccessControlContext;)Ljava/lang/Object; (22 bytes) @ 0x028332c0 [0x028331c0+0x100]
j  java.awt.EventQueue.dispatchEvent(Ljava/awt/AWTEvent;)V+73
J 901 C1 java.awt.EventDispatchThread.pumpOneEventForFilters(I)V (295 bytes) @ 0x0283a510 [0x02839e80+0x690]
j  java.awt.EventDispatchThread.pumpEventsForFilter(ILjava/awt/Conditional;Ljava/awt/EventFilter;)V+35
j  java.awt.EventDispatchThread.pumpEventsForHierarchy(ILjava/awt/Conditional;Ljava/awt/Component;)V+11
j  java.awt.EventDispatchThread.pumpEvents(ILjava/awt/Conditional;)V+4
j  java.awt.EventDispatchThread.pumpEvents(Ljava/awt/Conditional;)V+3
j  java.awt.EventDispatchThread.run()V+9
v  ~StubRoutines::call_stub

---------------  P R O C E S S  ---------------

Java Threads: ( => current thread )
  0x16d17800 JavaThread "TimerQueue" daemon [_thread_blocked, id=9296, stack(0x186f0000,0x18740000)]
  0x00fc2000 JavaThread "DestroyJavaVM" [_thread_blocked, id=6944, stack(0x00e60000,0x00eb0000)]
  0x16c4f000 JavaThread "Swing-Shell" daemon [_thread_blocked, id=11668, stack(0x17410000,0x17460000)]
=>0x16bc1c00 JavaThread "AWT-EventQueue-0" [_thread_in_native, id=4176, stack(0x17300000,0x17350000)]
  0x1627c800 JavaThread "Image Fetcher 0" daemon [_thread_blocked, id=10980, stack(0x16620000,0x16670000)]
  0x16246800 JavaThread "AWT-Windows" daemon [_thread_in_native, id=10508, stack(0x164a0000,0x164f0000)]
  0x1626e400 JavaThread "AWT-Shutdown" [_thread_blocked, id=7404, stack(0x16410000,0x16460000)]
  0x16215000 JavaThread "Java2D Disposer" daemon [_thread_blocked, id=12308, stack(0x163c0000,0x16410000)]
  0x01077c00 JavaThread "Service Thread" daemon [_thread_blocked, id=8924, stack(0x14a80000,0x14ad0000)]
  0x01057800 JavaThread "C1 CompilerThread0" daemon [_thread_blocked, id=7904, stack(0x149f0000,0x14a40000)]
  0x01056800 JavaThread "Attach Listener" daemon [_thread_blocked, id=9292, stack(0x14960000,0x149b0000)]
  0x0104c000 JavaThread "Signal Dispatcher" daemon [_thread_blocked, id=12512, stack(0x14910000,0x14960000)]
  0x01049400 JavaThread "Finalizer" daemon [_thread_blocked, id=8104, stack(0x04720000,0x04770000)]
  0x00fec000 JavaThread "Reference Handler" daemon [_thread_blocked, id=10220, stack(0x01240000,0x01290000)]

Other Threads:
  0x00fe8400 VMThread [stack: 0x011b0000,0x01200000] [id=10672]
  0x01095c00 WatcherThread [stack: 0x15c60000,0x15cb0000] [id=11104]

VM state:not at safepoint (normal execution)

VM Mutex/Monitor currently owned by a thread: None

Heap:
 def new generation   total 76608K, used 45750K [0x04800000, 0x09b10000, 0x09d50000)
  eden space 68160K,  64% used [0x04800000, 0x072ed360, 0x08a90000)
  from space 8448K,  21% used [0x092d0000, 0x09490500, 0x09b10000)
  to   space 8448K,   0% used [0x08a90000, 0x08a90000, 0x092d0000)
 tenured generation   total 170100K, used 130858K [0x09d50000, 0x1436d000, 0x14800000)
   the space 170100K,  76% used [0x09d50000, 0x11d1a9c0, 0x11d1aa00, 0x1436d000)
 Metaspace       used 4052K, capacity 4292K, committed 4416K, reserved 4480K

Card table byte_map: [0x010c0000,0x01150000] byte_map_base: 0x0109c000

Polling page: 0x00ba0000

CodeCache: size=32768Kb used=2152Kb max_used=2182Kb free=30615Kb
 bounds [0x02720000, 0x02948000, 0x04720000]
 total_blobs=1196 nmethods=960 adapters=166
 compilation: enabled

Compilation events (10 events):
Event: 6.997 Thread 0x01057800  970             java.awt.AWTEvent::<init> (81 bytes)
Event: 6.997 Thread 0x01057800 nmethod 970 0x0285eac8 code [0x0285ebf0, 0x0285edd4]
Event: 7.121 Thread 0x01057800  971             javax.swing.JComponent::rectangleIsObscured (119 bytes)
Event: 7.121 Thread 0x01057800 nmethod 971 0x029166c8 code [0x02916830, 0x02916a70]
Event: 7.149 Thread 0x01057800  972   !         java.awt.EventQueue::getNextEvent (84 bytes)
Event: 7.150 Thread 0x01057800 nmethod 972 0x02916008 code [0x02916180, 0x029163bc]
Event: 7.975 Thread 0x01057800  973             java.util.StringTokenizer::setMaxDelimCodePoint (156 bytes)
Event: 7.976 Thread 0x01057800 nmethod 973 0x02915908 code [0x02915a40, 0x02915d54]
Event: 8.078 Thread 0x01057800  974             java.io.File::getPrefixLength (5 bytes)
Event: 8.078 Thread 0x01057800 nmethod 974 0x02915748 code [0x02915840, 0x029158c0]

GC Heap History (10 events):
Event: 0.874 GC heap before
{Heap before GC invocations=11 (full 3):
 def new generation   total 23168K, used 20633K [0x04800000, 0x06120000, 0x09d50000)
  eden space 20608K, 100% used [0x04800000, 0x05c20000, 0x05c20000)
  from space 2560K,   1% used [0x05c20000, 0x05c267e0, 0x05ea0000)
  to   space 2560K,   0% used [0x05ea0000, 0x05ea0000, 0x06120000)
 tenured generation   total 51408K, used 45243K [0x09d50000, 0x0cf84000, 0x14800000)
   the space 51408K,  88% used [0x09d50000, 0x0c97efc0, 0x0c97f000, 0x0cf84000)
 Metaspace       used 1416K, capacity 3231K, committed 3264K, reserved 4480K
Event: 0.898 GC heap after
Heap after GC invocations=12 (full 4):
 def new generation   total 44224K, used 0K [0x04800000, 0x077f0000, 0x09d50000)
  eden space 39360K,   0% used [0x04800000, 0x04800000, 0x06e70000)
  from space 4864K,   0% used [0x06e70000, 0x06e70000, 0x07330000)
  to   space 4864K,   0% used [0x07330000, 0x07330000, 0x077f0000)
 tenured generation   total 98052K, used 58830K [0x09d50000, 0x0fd11000, 0x14800000)
   the space 98052K,  59% used [0x09d50000, 0x0d6c3b70, 0x0d6c3c00, 0x0fd11000)
 Metaspace       used 1416K, capacity 3231K, committed 3264K, reserved 4480K
}
Event: 1.056 GC heap before
{Heap before GC invocations=12 (full 4):
 def new generation   total 44224K, used 37992K [0x04800000, 0x077f0000, 0x09d50000)
  eden space 39360K,  96% used [0x04800000, 0x06d1a1d0, 0x06e70000)
  from space 4864K,   0% used [0x06e70000, 0x06e70000, 0x07330000)
  to   space 4864K,   0% used [0x07330000, 0x07330000, 0x077f0000)
 tenured generation   total 98052K, used 58830K [0x09d50000, 0x0fd11000, 0x14800000)
   the space 98052K,  59% used [0x09d50000, 0x0d6c3b70, 0x0d6c3c00, 0x0fd11000)
 Metaspace       used 1416K, capacity 3231K, committed 3264K, reserved 4480K
Event: 1.067 GC heap after
Heap after GC invocations=13 (full 4):
 def new generation   total 44224K, used 26K [0x04800000, 0x077f0000, 0x09d50000)
  eden space 39360K,   0% used [0x04800000, 0x04800000, 0x06e70000)
  from space 4864K,   0% used [0x07330000, 0x07336ae8, 0x077f0000)
  to   space 4864K,   0% used [0x06e70000, 0x06e70000, 0x07330000)
 tenured generation   total 98052K, used 73230K [0x09d50000, 0x0fd11000, 0x14800000)
   the space 98052K,  74% used [0x09d50000, 0x0e4d3b80, 0x0e4d3c00, 0x0fd11000)
 Metaspace       used 1416K, capacity 3231K, committed 3264K, reserved 4480K
}
Event: 1.160 GC heap before
{Heap before GC invocations=13 (full 4):
 def new generation   total 44224K, used 29244K [0x04800000, 0x077f0000, 0x09d50000)
  eden space 39360K,  74% used [0x04800000, 0x06488570, 0x06e70000)
  from space 4864K,   0% used [0x07330000, 0x07336ae8, 0x077f0000)
  to   space 4864K,   0% used [0x06e70000, 0x06e70000, 0x07330000)
 tenured generation   total 98052K, used 73230K [0x09d50000, 0x0fd11000, 0x14800000)
   the space 98052K,  74% used [0x09d50000, 0x0e4d3b80, 0x0e4d3c00, 0x0fd11000)
 Metaspace       used 1416K, capacity 3231K, committed 3264K, reserved 4480K
Event: 1.170 GC heap after
Heap after GC invocations=14 (full 4):
 def new generation   total 44224K, used 27K [0x04800000, 0x077f0000, 0x09d50000)
  eden space 39360K,   0% used [0x04800000, 0x04800000, 0x06e70000)
  from space 4864K,   0% used [0x06e70000, 0x06e76c60, 0x07330000)
  to   space 4864K,   0% used [0x07330000, 0x07330000, 0x077f0000)
 tenured generation   total 98052K, used 87630K [0x09d50000, 0x0fd11000, 0x14800000)
   the space 98052K,  89% used [0x09d50000, 0x0f2e3b90, 0x0f2e3c00, 0x0fd11000)
 Metaspace       used 1416K, capacity 3231K, committed 3264K, reserved 4480K
}
Event: 1.271 GC heap before
{Heap before GC invocations=14 (full 4):
 def new generation   total 44224K, used 29226K [0x04800000, 0x077f0000, 0x09d50000)
  eden space 39360K,  74% used [0x04800000, 0x06483e08, 0x06e70000)
  from space 4864K,   0% used [0x06e70000, 0x06e76c60, 0x07330000)
  to   space 4864K,   0% used [0x07330000, 0x07330000, 0x077f0000)
 tenured generation   total 98052K, used 87630K [0x09d50000, 0x0fd11000, 0x14800000)
   the space 98052K,  89% used [0x09d50000, 0x0f2e3b90, 0x0f2e3c00, 0x0fd11000)
 Metaspace       used 1416K, capacity 3231K, committed 3264K, reserved 4480K
Event: 1.285 GC heap after
Heap after GC invocations=15 (full 5):
 def new generation   total 76608K, used 0K [0x04800000, 0x09b10000, 0x09d50000)
  eden space 68160K,   0% used [0x04800000, 0x04800000, 0x08a90000)
  from space 8448K,   0% used [0x08a90000, 0x08a90000, 0x092d0000)
  to   space 8448K,   0% used [0x092d0000, 0x092d0000, 0x09b10000)
 tenured generation   total 170100K, used 102058K [0x09d50000, 0x1436d000, 0x14800000)
   the space 170100K,  59% used [0x09d50000, 0x100fa9a0, 0x100faa00, 0x1436d000)
 Metaspace       used 1416K, capacity 3231K, committed 3264K, reserved 4480K
}
Event: 1.801 GC heap before
{Heap before GC invocations=15 (full 5):
 def new generation   total 76608K, used 68160K [0x04800000, 0x09b10000, 0x09d50000)
  eden space 68160K, 100% used [0x04800000, 0x08a90000, 0x08a90000)
  from space 8448K,   0% used [0x08a90000, 0x08a90000, 0x092d0000)
  to   space 8448K,   0% used [0x092d0000, 0x092d0000, 0x09b10000)
 tenured generation   total 170100K, used 102058K [0x09d50000, 0x1436d000, 0x14800000)
   the space 170100K,  59% used [0x09d50000, 0x100fa9a0, 0x100faa00, 0x1436d000)
 Metaspace       used 2602K, capacity 3737K, committed 3776K, reserved 4480K
Event: 1.827 GC heap after
Heap after GC invocations=16 (full 5):
 def new generation   total 76608K, used 1793K [0x04800000, 0x09b10000, 0x09d50000)
  eden space 68160K,   0% used [0x04800000, 0x04800000, 0x08a90000)
  from space 8448K,  21% used [0x092d0000, 0x09490500, 0x09b10000)
  to   space 8448K,   0% used [0x08a90000, 0x08a90000, 0x092d0000)
 tenured generation   total 170100K, used 130858K [0x09d50000, 0x1436d000, 0x14800000)
   the space 170100K,  76% used [0x09d50000, 0x11d1a9c0, 0x11d1aa00, 0x1436d000)
 Metaspace       used 2602K, capacity 3737K, committed 3776K, reserved 4480K
}

Deoptimization events (0 events):
No events

Internal exceptions (10 events):
Event: 3.009 Thread 0x00fc2000 Exception <a 'java/io/FileNotFoundException'> (0x05497cc8) thrown at [C:\workspace\8-2-build-windows-i586-cygwin\jdk8u144\9417\hotspot\src\share\vm\prims\jni.cpp, line 709]
Event: 3.011 Thread 0x00fc2000 Exception <a 'java/io/FileNotFoundException'> (0x054a4148) thrown at [C:\workspace\8-2-build-windows-i586-cygwin\jdk8u144\9417\hotspot\src\share\vm\prims\jni.cpp, line 709]
Event: 3.012 Thread 0x00fc2000 Exception <a 'java/io/FileNotFoundException'> (0x054a9b40) thrown at [C:\workspace\8-2-build-windows-i586-cygwin\jdk8u144\9417\hotspot\src\share\vm\prims\jni.cpp, line 709]
Event: 3.013 Thread 0x00fc2000 Exception <a 'java/io/FileNotFoundException'> (0x054b6248) thrown at [C:\workspace\8-2-build-windows-i586-cygwin\jdk8u144\9417\hotspot\src\share\vm\prims\jni.cpp, line 709]
Event: 3.013 Thread 0x00fc2000 Exception <a 'java/io/FileNotFoundException'> (0x054b7578) thrown at [C:\workspace\8-2-build-windows-i586-cygwin\jdk8u144\9417\hotspot\src\share\vm\prims\jni.cpp, line 709]
Event: 3.014 Thread 0x00fc2000 Exception <a 'java/io/FileNotFoundException'> (0x054c0948) thrown at [C:\workspace\8-2-build-windows-i586-cygwin\jdk8u144\9417\hotspot\src\share\vm\prims\jni.cpp, line 709]
Event: 3.015 Thread 0x00fc2000 Exception <a 'java/io/FileNotFoundException'> (0x054cbe68) thrown at [C:\workspace\8-2-build-windows-i586-cygwin\jdk8u144\9417\hotspot\src\share\vm\prims\jni.cpp, line 709]
Event: 3.019 Thread 0x00fc2000 Exception <a 'java/io/FileNotFoundException'> (0x054f0580) thrown at [C:\workspace\8-2-build-windows-i586-cygwin\jdk8u144\9417\hotspot\src\share\vm\prims\jni.cpp, line 709]
Event: 3.386 Thread 0x16bc1c00 Implicit null exception at 0x0290ed8f to 0x02910603
Event: 3.386 Thread 0x16bc1c00 Implicit null exception at 0x0290ed8f to 0x02910603

Events (10 events):
Event: 6.517 loading class javax/swing/Autoscroller
Event: 6.517 loading class javax/swing/Autoscroller done
Event: 6.519 loading class javax/swing/plaf/basic/BasicPopupMenuUI$MouseGrabber$2
Event: 6.519 loading class javax/swing/plaf/basic/BasicPopupMenuUI$MouseGrabber$2 done
Event: 6.980 Thread 0x01057800 flushing nmethod 0x0285ea48
Event: 6.980 Thread 0x01057800 flushing nmethod 0x02878408
Event: 6.980 Thread 0x01057800 flushing nmethod 0x02878648
Event: 6.998 Thread 0x01057800 flushing nmethod 0x0290df88
Event: 8.077 loading class jni_st_mesh/Main
Event: 8.077 loading class jni_st_mesh/Main done


Dynamic libraries:
0x012d0000 - 0x01303000 	C:\Program Files (x86)\Java\jdk1.8.0_144\bin\java.exe
0x77c20000 - 0x77db0000 	C:\WINDOWS\SYSTEM32\ntdll.dll
0x773b0000 - 0x77490000 	C:\WINDOWS\System32\KERNEL32.DLL
0x76e90000 - 0x77074000 	C:\WINDOWS\System32\KERNELBASE.dll
0x712e0000 - 0x7137d000 	C:\WINDOWS\SYSTEM32\apphelp.dll
0x77080000 - 0x770f8000 	C:\WINDOWS\System32\ADVAPI32.dll
0x776c0000 - 0x7777f000 	C:\WINDOWS\System32\msvcrt.dll
0x77920000 - 0x77964000 	C:\WINDOWS\System32\sechost.dll
0x77970000 - 0x77a30000 	C:\WINDOWS\System32\RPCRT4.dll
0x744e0000 - 0x74500000 	C:\WINDOWS\System32\SspiCli.dll
0x744d0000 - 0x744da000 	C:\WINDOWS\System32\CRYPTBASE.dll
0x778c0000 - 0x77918000 	C:\WINDOWS\System32\bcryptPrimitives.dll
0x76cd0000 - 0x76e5d000 	C:\WINDOWS\System32\USER32.dll
0x776a0000 - 0x776b7000 	C:\WINDOWS\System32\win32u.dll
0x772b0000 - 0x772d2000 	C:\WINDOWS\System32\GDI32.dll
0x74500000 - 0x74664000 	C:\WINDOWS\System32\gdi32full.dll
0x750f0000 - 0x7516d000 	C:\WINDOWS\System32\msvcp_win.dll
0x74fc0000 - 0x750dd000 	C:\WINDOWS\System32\ucrtbase.dll
0x70c10000 - 0x70e14000 	C:\WINDOWS\WinSxS\x86_microsoft.windows.common-controls_6595b64144ccf1df_6.0.17134.648_none_42f2d7c044decfd8\COMCTL32.dll
0x74c80000 - 0x74edc000 	C:\WINDOWS\System32\combase.dll
0x77790000 - 0x777b6000 	C:\WINDOWS\System32\IMM32.DLL
0x70310000 - 0x703cf000 	C:\Program Files (x86)\Java\jdk1.8.0_144\jre\bin\msvcr100.dll
0x6f030000 - 0x6f3fe000 	C:\Program Files (x86)\Java\jdk1.8.0_144\jre\bin\client\jvm.dll
0x746b0000 - 0x746b6000 	C:\WINDOWS\System32\PSAPI.DLL
0x723b0000 - 0x723b8000 	C:\WINDOWS\SYSTEM32\WSOCK32.dll
0x74460000 - 0x74468000 	C:\WINDOWS\SYSTEM32\VERSION.dll
0x715b0000 - 0x715d4000 	C:\WINDOWS\SYSTEM32\WINMM.dll
0x77330000 - 0x77397000 	C:\WINDOWS\System32\WS2_32.dll
0x71580000 - 0x715a3000 	C:\WINDOWS\SYSTEM32\winmmbase.dll
0x74670000 - 0x746a9000 	C:\WINDOWS\System32\cfgmgr32.dll
0x71570000 - 0x7157c000 	C:\Program Files (x86)\Java\jdk1.8.0_144\jre\bin\verify.dll
0x71020000 - 0x71041000 	C:\Program Files (x86)\Java\jdk1.8.0_144\jre\bin\java.dll
0x71000000 - 0x71013000 	C:\Program Files (x86)\Java\jdk1.8.0_144\jre\bin\zip.dll
0x75980000 - 0x76cca000 	C:\WINDOWS\System32\SHELL32.dll
0x75640000 - 0x756c8000 	C:\WINDOWS\System32\shcore.dll
0x746c0000 - 0x74c7a000 	C:\WINDOWS\System32\windows.storage.dll
0x777e0000 - 0x77825000 	C:\WINDOWS\System32\shlwapi.dll
0x76e80000 - 0x76e8f000 	C:\WINDOWS\System32\kernel.appcore.dll
0x76e60000 - 0x76e78000 	C:\WINDOWS\System32\profapi.dll
0x772e0000 - 0x77325000 	C:\WINDOWS\System32\powrprof.dll
0x773a0000 - 0x773a8000 	C:\WINDOWS\System32\FLTLIB.DLL
0x701c0000 - 0x70305000 	C:\Program Files (x86)\Java\jdk1.8.0_144\jre\bin\awt.dll
0x755a0000 - 0x75636000 	C:\WINDOWS\System32\OLEAUT32.dll
0x70ef0000 - 0x70f16000 	C:\Program Files (x86)\Java\jdk1.8.0_144\jre\bin\jpeg.dll
0x707a0000 - 0x7081c000 	C:\WINDOWS\system32\uxtheme.dll
0x77160000 - 0x772a3000 	C:\WINDOWS\System32\MSCTF.dll
0x70e40000 - 0x70e63000 	C:\WINDOWS\system32\dwmapi.dll
0x77a30000 - 0x77b2c000 	C:\WINDOWS\System32\ole32.dll
0x700e0000 - 0x701b9000 	C:\WINDOWS\system32\opengl32.dll
0x70eb0000 - 0x70eef000 	C:\WINDOWS\SYSTEM32\GLU32.dll
0x705a0000 - 0x705d9000 	C:\Program Files (x86)\Java\jdk1.8.0_144\jre\bin\fontmanager.dll
0x70fe0000 - 0x70ff6000 	C:\Program Files (x86)\Java\jdk1.8.0_144\jre\bin\net.dll
0x71780000 - 0x717d6000 	C:\WINDOWS\system32\mswsock.dll
0x70fd0000 - 0x70fdf000 	C:\Program Files (x86)\Java\jdk1.8.0_144\jre\bin\nio.dll
0x70420000 - 0x70452000 	C:\Program Files (x86)\Java\jdk1.8.0_144\jre\bin\t2k.dll
0x70050000 - 0x700df000 	C:\WINDOWS\WinSxS\x86_microsoft.windows.common-controls_6595b64144ccf1df_5.82.17134.648_none_40ff37d245123ba5\comctl32.dll
0x74f30000 - 0x74fb3000 	C:\WINDOWS\System32\clbcatq.dll
0x70620000 - 0x707a0000 	C:\WINDOWS\system32\propsys.dll
0x6eb10000 - 0x6ec34000 	C:\WINDOWS\system32\NetworkExplorer.dll
0x6e7e0000 - 0x6eb08000 	C:\Windows\System32\OneCoreUAPCommonProxyStub.dll
0x6e660000 - 0x6e7d1000 	C:\WINDOWS\SYSTEM32\WindowsCodecs.dll
0x70000000 - 0x7004a000 	C:\Windows\System32\thumbcache.dll
0x6ff90000 - 0x6fffd000 	C:\WINDOWS\SYSTEM32\policymanager.dll
0x6fb30000 - 0x6fb97000 	C:\WINDOWS\SYSTEM32\msvcp110_win.dll
0x6f970000 - 0x6f988000 	C:\WINDOWS\SYSTEM32\MPR.dll
0x70fc0000 - 0x70fc9000 	C:\WINDOWS\System32\drprov.dll
0x6fae0000 - 0x6fb22000 	C:\WINDOWS\System32\WINSTA.dll
0x70400000 - 0x70412000 	C:\WINDOWS\System32\ntlanman.dll
0x6ff70000 - 0x6ff89000 	C:\WINDOWS\System32\davclnt.dll
0x70fb0000 - 0x70fba000 	C:\WINDOWS\System32\DAVHLPR.dll
0x6fc80000 - 0x6fc90000 	C:\WINDOWS\System32\wkscli.dll
0x73960000 - 0x73979000 	C:\WINDOWS\System32\bcrypt.dll
0x6fc70000 - 0x6fc7f000 	C:\WINDOWS\SYSTEM32\cscapi.dll
0x72390000 - 0x7239b000 	C:\WINDOWS\System32\netutils.dll
0x6fa10000 - 0x6fa50000 	C:\Windows\System32\dlnashext.dll
0x6efe0000 - 0x6f02d000 	C:\Windows\System32\PlayToDevice.dll
0x6f750000 - 0x6f76a000 	C:\Windows\System32\DevDispItemProvider.dll
0x6ef80000 - 0x6efdc000 	C:\WINDOWS\System32\MMDevApi.dll
0x716b0000 - 0x716d2000 	C:\WINDOWS\System32\DEVOBJ.dll
0x6e480000 - 0x6e655000 	C:\WINDOWS\system32\wpdshext.dll
0x6fd00000 - 0x6fe6b000 	C:\WINDOWS\WinSxS\x86_microsoft.windows.gdiplus_6595b64144ccf1df_1.1.17134.648_none_73ddcaa59f7149a6\gdiplus.dll
0x6e3f0000 - 0x6e476000 	C:\Windows\System32\PortableDeviceApi.dll
0x75170000 - 0x7559b000 	C:\WINDOWS\System32\SETUPAPI.dll
0x74ee0000 - 0x74f27000 	C:\WINDOWS\System32\WINTRUST.dll
0x77490000 - 0x7749e000 	C:\WINDOWS\System32\MSASN1.dll
0x77500000 - 0x77696000 	C:\WINDOWS\System32\CRYPT32.dll
0x6ef30000 - 0x6ef71000 	C:\WINDOWS\system32\audiodev.dll
0x6e1d0000 - 0x6e3ed000 	C:\WINDOWS\system32\WMVCore.DLL
0x6ee70000 - 0x6eeaf000 	C:\WINDOWS\system32\WMASF.DLL
0x6e0c0000 - 0x6e1c6000 	C:\WINDOWS\system32\mfperfhelper.dll
0x6fa00000 - 0x6fa0b000 	C:\WINDOWS\SYSTEM32\LINKINFO.dll
0x723a0000 - 0x723aa000 	C:\WINDOWS\SYSTEM32\Secur32.dll
0x6e0a0000 - 0x6e0b5000 	C:\WINDOWS\SYSTEM32\samcli.dll
0x6e080000 - 0x6e099000 	C:\WINDOWS\SYSTEM32\SAMLIB.dll
0x6e030000 - 0x6e07f000 	C:\WINDOWS\system32\dataexchange.dll
0x6ce30000 - 0x6cf6c000 	C:\WINDOWS\system32\dcomp.dll
0x6cf70000 - 0x6d1c2000 	C:\WINDOWS\system32\d3d11.dll
0x6df90000 - 0x6e028000 	C:\WINDOWS\system32\dxgi.dll
0x6cb00000 - 0x6cc65000 	C:\WINDOWS\system32\twinapi.appcore.dll
0x6df60000 - 0x6df81000 	C:\WINDOWS\system32\RMCLIENT.dll
0x6cdb0000 - 0x6ce2d000 	C:\WINDOWS\System32\TextInputFramework.dll
0x6f4e0000 - 0x6f73d000 	C:\WINDOWS\System32\CoreUIComponents.dll
0x6fa50000 - 0x6fadb000 	C:\WINDOWS\System32\CoreMessaging.dll
0x73b10000 - 0x73b39000 	C:\WINDOWS\SYSTEM32\ntmarta.dll
0x6f400000 - 0x6f4d6000 	C:\WINDOWS\SYSTEM32\wintypes.dll
0x6cd80000 - 0x6cda4000 	C:\Program Files (x86)\Java\jdk1.8.0_144\jre\bin\dcpr.dll
0x6cd60000 - 0x6cd75000 	C:\Program Files (x86)\Java\jdk1.8.0_144\bin\java_mesh.dll
0x6ca00000 - 0x6cafd000 	C:\Program Files (x86)\Java\jdk1.8.0_144\bin\sptmesh.dll
0x6fc90000 - 0x6fd00000 	C:\WINDOWS\SYSTEM32\MSVCP140.dll
0x71550000 - 0x71564000 	C:\WINDOWS\SYSTEM32\VCRUNTIME140.dll
0x6bec0000 - 0x6c01d000 	C:\Program Files (x86)\Java\jdk1.8.0_144\bin\blas_win32_MT.dll
0x777c0000 - 0x777d9000 	C:\WINDOWS\System32\imagehlp.dll
0x6c840000 - 0x6c9f4000 	C:\Program Files (x86)\Java\jdk1.8.0_144\bin\geos_c.dll
0x6bd80000 - 0x6bebd000 	C:\Program Files (x86)\Java\jdk1.8.0_144\bin\mesquite.dll
0x6c020000 - 0x6c838000 	C:\Program Files (x86)\Java\jdk1.8.0_144\bin\lapack_win32_MT.dll
0x6f740000 - 0x6f74c000 	C:\Program Files (x86)\Java\jdk1.8.0_144\bin\Microsoft.VisualStudio.TestTools.CppUnitTestFramework.dll
0x6ccf0000 - 0x6cd59000 	C:\WINDOWS\SYSTEM32\MSVCP100.dll
0x713b0000 - 0x71532000 	C:\WINDOWS\SYSTEM32\dbghelp.dll

VM Arguments:
java_command: org.locationtech.jtstest.testbuilder.JTSTestBuilder
java_class_path (initial): C:\Users\bjpsi\Desktop\Investigacao\JTS-testing\modules\app\target\classes;C:\Users\bjpsi\Desktop\Investigacao\JTS-testing\modules\core\target\classes;C:\Users\bjpsi\.m2\repository\org\locationtech\jts\jts-tests\1.16.1-SNAPSHOT\jts-tests-1.16.1-SNAPSHOT.jar;C:\Users\bjpsi\.m2\repository\org\apache\commons\commons-lang3\3.7\commons-lang3-3.7.jar;C:\Users\bjpsi\Desktop\Investigacao\JTS-testing\modules\io\common\target\classes;C:\Users\bjpsi\.m2\repository\com\googlecode\json-simple\json-simple\1.1.1\json-simple-1.1.1.jar;C:\Users\bjpsi\.m2\repository\org\jdom\jdom2\2.0.6\jdom2-2.0.6.jar;C:\Users\bjpsi\.m2\repository\org\jdesktop\beansbinding\1.2.1\beansbinding-1.2.1.jar;C:\Users\bjpsi\.m2\repository\org\geotools\gt-shapefile\22-SNAPSHOT\gt-shapefile-22-SNAPSHOT.jar;C:\Users\bjpsi\.m2\repository\org\geotools\gt-main\22-SNAPSHOT\gt-main-22-SNAPSHOT.jar;C:\Users\bjpsi\.m2\repository\org\apache\commons\commons-text\1.6\commons-text-1.6.jar;C:\Users\bjpsi\.m2\repository\com\fasterxml\jackson\core\jackson-core\2.9.7\jackson-core-2.9.7.jar;C:\Users\bjpsi\.m2\repository\javax\media\jai_core\1.1.3\jai_core-1.1.3.jar;C:\Users\bjpsi\.m2\repository\org\geotools\gt-swing\22-SNAPSHOT\gt-swing-22-SNAPSHOT.jar;C:\Users\bjpsi\.m2\repository\org\geotools\gt-referencing\22-SNAPSHOT\gt-referencing-22-SNAPSHOT.jar;C:\Users\bjpsi\.m2\repository\org\ejml\ejml-ddense\0.34\ejml-ddense-0.34.jar;C:\Users\bjpsi\.m2\repository\org\ejml\ejml-core\0.34\ejml-core-0.34.jar;C:\Users\bjpsi\.m2\repository\commons-pool\commons-pool\1.5.4\commons-pool-1.5.4.jar;C:\Users\bjpsi\.m2\repository\org\geotools\gt-metadata\22-SNAPSHOT\gt-metadata-22-SNAPSHOT.jar;C:\Users\bjpsi\.m2\repository\org\geotools\gt-opengis\22-SNAPSHOT\gt-opengis-22-SNAPSHOT.jar;C:\Users\bjpsi\.m2\repository\systems\uom\systems-common-java8\0.7.2\systems-common-java8-0.7.2.jar;C:\Users\bjpsi\.m2\repository\tec\uom\uom-se\1.0.8\uom-se-1.0.8.jar;C:\Users\bjpsi\.m2\repository\javax\measure\unit-api\1.0\unit-api-1
Launcher Type: SUN_STANDARD

Environment Variables:
JAVA_HOME=C:\Program Files (x86)\Java\jdk1.8.0_144
PATH=C:\ProgramData\Oracle\Java\javapath;C:\WINDOWS\system32;C:\WINDOWS;C:\WINDOWS\System32\Wbem;C:\WINDOWS\System32\WindowsPowerShell\v1.0\;C:\Program Files (x86)\apache-maven-3.5.0\bin;C:\Program Files\Git\cmd;C:\Program Files (x86)\GtkSharp\2.12\bin;C:\Program Files\dotnet\;C:\Program Files\Microsoft SQL Server\130\Tools\Binn\;C:\Program Files (x86)\Windows Live\Shared;C:\WINDOWS\System32\OpenSSH\;C:\Program Files\PuTTY\;C:\Program Files (x86)\NVIDIA Corporation\PhysX\Common;C:\Program Files (x86)\Microsoft SQL Server\Client SDK\ODBC\130\Tools\Binn\;C:\Program Files (x86)\Microsoft SQL Server\140\Tools\Binn\;C:\Program Files (x86)\Microsoft SQL Server\140\DTS\Binn\;C:\Program Files (x86)\Microsoft SQL Server\140\Tools\Binn\ManagementStudio\;C:\Program Files (x86)\Microsoft SQL Server\110\DTS\Binn\;C:\Program Files (x86)\Microsoft SQL Server\120\DTS\Binn\;C:\Program Files (x86)\Microsoft SQL Server\130\DTS\Binn\;C:\Program Files (x86)\Microsoft SQL Server\150\DTS\Binn\;C:\Program Files\nodejs\;C:\Users\bjpsi\AppData\Local\Programs\Python\Python37-32\Scripts\;C:\Users\bjpsi\AppData\Local\Programs\Python\Python37-32\;C:\Users\bjpsi\AppData\Local\Microsoft\WindowsApps;C:\Users\bjpsi\AppData\Roaming\npm;C:\Users\bjpsi\AppData\Local\Programs\Microsoft VS Code\bin
USERNAME=Bruno Silva
OS=Windows_NT
PROCESSOR_IDENTIFIER=Intel64 Family 6 Model 61 Stepping 4, GenuineIntel



---------------  S Y S T E M  ---------------

OS: Windows 10.0 , 64 bit Build 17134 (10.0.17134.648)

CPU:total 4 (initial active 4) (2 cores per cpu, 2 threads per core) family 6 model 61 stepping 4, cmov, cx8, fxsr, mmx, sse, sse2, sse3, ssse3, sse4.1, sse4.2, popcnt, avx, avx2, aes, clmul, erms, 3dnowpref, lzcnt, ht, tsc, tscinvbit, bmi1, bmi2, adx

Memory: 4k page, physical 6188508k(2171428k free), swap 9613188k(4259016k free)

vm_info: Java HotSpot(TM) Client VM (25.144-b01) for windows-x86 JRE (1.8.0_144-b01), built on Jul 21 2017 21:58:05 by "java_re" with MS VC++ 10.0 (VS2010)

time: Wed Mar 27 17:12:33 2019
elapsed time: 8 seconds (0d 0h 0m 8s)

