#
# A fatal error has been detected by the Java Runtime Environment:
#
#  EXCEPTION_UNCAUGHT_CXX_EXCEPTION (0xe06d7363) at pc=0x74a118a2, pid=11172, tid=0x00001570
#
# JRE version: Java(TM) SE Runtime Environment (8.0_144-b01) (build 1.8.0_144-b01)
# Java VM: Java HotSpot(TM) Client VM (25.144-b01 mixed mode windows-x86 )
# Problematic frame:
# C  [KERNELBASE.dll+0x1118a2]
#
# Failed to write core dump. Minidumps are not enabled by default on client versions of Windows
#
# If you would like to submit a bug report, please visit:
#   http://bugreport.java.com/bugreport/crash.jsp
# The crash happened outside the Java Virtual Machine in native code.
# See problematic frame for where to report the bug.
#

---------------  T H R E A D  ---------------

Current thread (0x150dcc00):  JavaThread "AWT-EventQueue-0" [_thread_in_native, id=5488, stack(0x17150000,0x171a0000)]

siginfo: ExceptionCode=0xe06d7363, ExceptionInformation=0x19930520 0x1719e55c 0x6b0616ec 

Registers:
EAX=0x1719e460, EBX=0x1719e55c, ECX=0x00000003, EDX=0x00000000
ESP=0x1719e460, EBP=0x1719e4bc, ESI=0x72f51538, EDI=0x6b0616ec
EIP=0x74a118a2, EFLAGS=0x00000216

Top of Stack: (sp=0x1719e460)
0x1719e460:   e06d7363 00000001 00000000 74a118a2
0x1719e470:   00000003 19930520 1719e55c 6b0616ec
0x1719e480:   6afa2347 1719e4c4 1719e5c8 00000000
0x1719e490:   1719e504 6b043eb0 1719e568 1719e4c4
0x1719e4a0:   1719e5c8 1719e4c4 1719e4dc 6b0565a8
0x1719e4b0:   9e409240 60a0fc10 6b043f00 1719e500
0x1719e4c0:   72f54796 e06d7363 00000001 00000003
0x1719e4d0:   1719e4f4 18131a70 00000007 150dcd40 

Instructions: (pc=0x74a118a2)
0x74a11882:   89 44 24 10 c1 e0 02 50 51 8d 44 24 1c 50 e8 3f
0x74a11892:   85 00 00 83 c4 0c 8d 04 24 50 ff 15 9c 33 ab 74
0x74a118a2:   8b 4c 24 54 33 cc e8 f3 43 00 00 8b e5 5d c2 10
0x74a118b2:   00 83 64 24 10 00 eb de 6a 0f 58 eb c3 cc cc cc 


Register to memory mapping:

EAX=0x1719e460 is pointing into the stack for thread: 0x150dcc00
EBX=0x1719e55c is pointing into the stack for thread: 0x150dcc00
ECX=0x00000003 is an unknown value
EDX=0x00000000 is an unknown value
ESP=0x1719e460 is pointing into the stack for thread: 0x150dcc00
EBP=0x1719e4bc is pointing into the stack for thread: 0x150dcc00
ESI=0x72f51538 is an unknown value
EDI=0x6b0616ec is an unknown value


Stack: [0x17150000,0x171a0000],  sp=0x1719e460,  free space=313k
Native frames: (J=compiled Java code, j=interpreted, Vv=VM code, C=native code)
C  [KERNELBASE.dll+0x1118a2]
C  [VCRUNTIME140.dll+0x4796]
C  [sptmesh.dll+0x55c9a]
C  [java_mesh.dll+0x66d2]
j  jni_st_mesh.Main.quality_measures(Ljava/lang/String;IZDI)Ljava/util/HashMap;+0
j  org.locationtech.jtstest.testbuilder.MorphingGeometryViewerFrame.showStatisticsInChart(Ljava/lang/String;Ljava/lang/String;)V+147
j  org.locationtech.jtstest.testbuilder.MorphingGeometryViewerFrame.access$1600(Lorg/locationtech/jtstest/testbuilder/MorphingGeometryViewerFrame;Ljava/lang/String;Ljava/lang/String;)V+3
j  org.locationtech.jtstest.testbuilder.MorphingGeometryViewerFrame$10.actionPerformed(Ljava/awt/event/ActionEvent;)V+30
j  javax.swing.AbstractButton.fireActionPerformed(Ljava/awt/event/ActionEvent;)V+83
j  javax.swing.AbstractButton$Handler.actionPerformed(Ljava/awt/event/ActionEvent;)V+5
j  javax.swing.DefaultButtonModel.fireActionPerformed(Ljava/awt/event/ActionEvent;)V+34
j  javax.swing.DefaultButtonModel.setPressed(Z)V+117
j  javax.swing.plaf.basic.BasicButtonListener.mouseReleased(Ljava/awt/event/MouseEvent;)V+35
j  java.awt.Component.processMouseEvent(Ljava/awt/event/MouseEvent;)V+64
j  javax.swing.JComponent.processMouseEvent(Ljava/awt/event/MouseEvent;)V+23
j  java.awt.Component.processEvent(Ljava/awt/AWTEvent;)V+81
j  java.awt.Container.processEvent(Ljava/awt/AWTEvent;)V+18
j  java.awt.Component.dispatchEventImpl(Ljava/awt/AWTEvent;)V+589
J 1756 C1 java.awt.Container.dispatchEventImpl(Ljava/awt/AWTEvent;)V (129 bytes) @ 0x02d8eb7c [0x02d8eb20+0x5c]
J 939 C1 java.awt.LightweightDispatcher.retargetMouseEvent(Ljava/awt/Component;ILjava/awt/event/MouseEvent;)V (350 bytes) @ 0x02c77460 [0x02c76d90+0x6d0]
j  java.awt.LightweightDispatcher.processMouseEvent(Ljava/awt/event/MouseEvent;)Z+155
j  java.awt.LightweightDispatcher.dispatchEvent(Ljava/awt/AWTEvent;)Z+50
J 1756 C1 java.awt.Container.dispatchEventImpl(Ljava/awt/AWTEvent;)V (129 bytes) @ 0x02d8eb60 [0x02d8eb20+0x40]
j  java.awt.Window.dispatchEventImpl(Ljava/awt/AWTEvent;)V+19
J 1290 C1 java.awt.EventQueue.dispatchEventImpl(Ljava/awt/AWTEvent;Ljava/lang/Object;)V (149 bytes) @ 0x02cf821c [0x02cf7dd0+0x44c]
J 1287 C1 java.awt.EventQueue$3.run()Ljava/lang/Void; (60 bytes) @ 0x02cf755c [0x02cf7500+0x5c]
J 1286 C1 java.awt.EventQueue$3.run()Ljava/lang/Object; (5 bytes) @ 0x02cf72e0 [0x02cf72c0+0x20]
v  ~StubRoutines::call_stub
V  [jvm.dll+0x15af45]
V  [jvm.dll+0x2213ae]
V  [jvm.dll+0x15afde]
V  [jvm.dll+0x10b2cf]
C  [java.dll+0x102f]
J 959 C1 java.security.ProtectionDomain$JavaSecurityAccessImpl.doIntersectionPrivilege(Ljava/security/PrivilegedAction;Ljava/security/AccessControlContext;Ljava/security/AccessControlContext;)Ljava/lang/Object; (22 bytes) @ 0x02c7ed40 [0x02c7ec40+0x100]
j  java.security.ProtectionDomain$JavaSecurityAccessImpl.doIntersectionPrivilege(Ljava/security/PrivilegedAction;Ljava/security/AccessControlContext;)Ljava/lang/Object;+6
j  java.awt.EventQueue$4.run()Ljava/lang/Void;+11
j  java.awt.EventQueue$4.run()Ljava/lang/Object;+1
v  ~StubRoutines::call_stub
V  [jvm.dll+0x15af45]
V  [jvm.dll+0x2213ae]
V  [jvm.dll+0x15afde]
V  [jvm.dll+0x10b2cf]
C  [java.dll+0x102f]
J 1282 C1 java.awt.EventQueue.dispatchEvent(Ljava/awt/AWTEvent;)V (80 bytes) @ 0x02cf5f5c [0x02cf5c00+0x35c]
J 924 C1 java.awt.EventDispatchThread.pumpOneEventForFilters(I)V (295 bytes) @ 0x02c71f90 [0x02c71900+0x690]
j  java.awt.EventDispatchThread.pumpEventsForFilter(ILjava/awt/Conditional;Ljava/awt/EventFilter;)V+35
j  java.awt.EventDispatchThread.pumpEventsForHierarchy(ILjava/awt/Conditional;Ljava/awt/Component;)V+11
j  java.awt.EventDispatchThread.pumpEvents(ILjava/awt/Conditional;)V+4
j  java.awt.EventDispatchThread.pumpEvents(Ljava/awt/Conditional;)V+3
j  java.awt.EventDispatchThread.run()V+9
v  ~StubRoutines::call_stub
V  [jvm.dll+0x15af45]
V  [jvm.dll+0x2213ae]
V  [jvm.dll+0x15afde]
V  [jvm.dll+0x15b166]
V  [jvm.dll+0x15b1d7]
V  [jvm.dll+0xff36f]
V  [jvm.dll+0x17dc30]
V  [jvm.dll+0x17e4aa]
V  [jvm.dll+0x1c2ec6]
C  [msvcr100.dll+0x5c556]
C  [msvcr100.dll+0x5c600]
C  [KERNEL32.DLL+0x18494]
C  [ntdll.dll+0x641c8]
C  [ntdll.dll+0x64198]
C  0x00000000

Java frames: (J=compiled Java code, j=interpreted, Vv=VM code)
j  jni_st_mesh.Main.quality_measures(Ljava/lang/String;IZDI)Ljava/util/HashMap;+0
j  org.locationtech.jtstest.testbuilder.MorphingGeometryViewerFrame.showStatisticsInChart(Ljava/lang/String;Ljava/lang/String;)V+147
j  org.locationtech.jtstest.testbuilder.MorphingGeometryViewerFrame.access$1600(Lorg/locationtech/jtstest/testbuilder/MorphingGeometryViewerFrame;Ljava/lang/String;Ljava/lang/String;)V+3
j  org.locationtech.jtstest.testbuilder.MorphingGeometryViewerFrame$10.actionPerformed(Ljava/awt/event/ActionEvent;)V+30
j  javax.swing.AbstractButton.fireActionPerformed(Ljava/awt/event/ActionEvent;)V+83
j  javax.swing.AbstractButton$Handler.actionPerformed(Ljava/awt/event/ActionEvent;)V+5
j  javax.swing.DefaultButtonModel.fireActionPerformed(Ljava/awt/event/ActionEvent;)V+34
j  javax.swing.DefaultButtonModel.setPressed(Z)V+117
j  javax.swing.plaf.basic.BasicButtonListener.mouseReleased(Ljava/awt/event/MouseEvent;)V+35
j  java.awt.Component.processMouseEvent(Ljava/awt/event/MouseEvent;)V+64
j  javax.swing.JComponent.processMouseEvent(Ljava/awt/event/MouseEvent;)V+23
j  java.awt.Component.processEvent(Ljava/awt/AWTEvent;)V+81
j  java.awt.Container.processEvent(Ljava/awt/AWTEvent;)V+18
j  java.awt.Component.dispatchEventImpl(Ljava/awt/AWTEvent;)V+589
J 1756 C1 java.awt.Container.dispatchEventImpl(Ljava/awt/AWTEvent;)V (129 bytes) @ 0x02d8eb7c [0x02d8eb20+0x5c]
J 939 C1 java.awt.LightweightDispatcher.retargetMouseEvent(Ljava/awt/Component;ILjava/awt/event/MouseEvent;)V (350 bytes) @ 0x02c77460 [0x02c76d90+0x6d0]
j  java.awt.LightweightDispatcher.processMouseEvent(Ljava/awt/event/MouseEvent;)Z+155
j  java.awt.LightweightDispatcher.dispatchEvent(Ljava/awt/AWTEvent;)Z+50
J 1756 C1 java.awt.Container.dispatchEventImpl(Ljava/awt/AWTEvent;)V (129 bytes) @ 0x02d8eb60 [0x02d8eb20+0x40]
j  java.awt.Window.dispatchEventImpl(Ljava/awt/AWTEvent;)V+19
J 1290 C1 java.awt.EventQueue.dispatchEventImpl(Ljava/awt/AWTEvent;Ljava/lang/Object;)V (149 bytes) @ 0x02cf821c [0x02cf7dd0+0x44c]
J 1287 C1 java.awt.EventQueue$3.run()Ljava/lang/Void; (60 bytes) @ 0x02cf755c [0x02cf7500+0x5c]
J 1286 C1 java.awt.EventQueue$3.run()Ljava/lang/Object; (5 bytes) @ 0x02cf72e0 [0x02cf72c0+0x20]
v  ~StubRoutines::call_stub
J 485  java.security.AccessController.doPrivileged(Ljava/security/PrivilegedAction;Ljava/security/AccessControlContext;)Ljava/lang/Object; (0 bytes) @ 0x02bc51c7 [0x02bc5160+0x67]
J 959 C1 java.security.ProtectionDomain$JavaSecurityAccessImpl.doIntersectionPrivilege(Ljava/security/PrivilegedAction;Ljava/security/AccessControlContext;Ljava/security/AccessControlContext;)Ljava/lang/Object; (22 bytes) @ 0x02c7ed40 [0x02c7ec40+0x100]
j  java.security.ProtectionDomain$JavaSecurityAccessImpl.doIntersectionPrivilege(Ljava/security/PrivilegedAction;Ljava/security/AccessControlContext;)Ljava/lang/Object;+6
j  java.awt.EventQueue$4.run()Ljava/lang/Void;+11
j  java.awt.EventQueue$4.run()Ljava/lang/Object;+1
v  ~StubRoutines::call_stub
J 485  java.security.AccessController.doPrivileged(Ljava/security/PrivilegedAction;Ljava/security/AccessControlContext;)Ljava/lang/Object; (0 bytes) @ 0x02bc51c7 [0x02bc5160+0x67]
J 1282 C1 java.awt.EventQueue.dispatchEvent(Ljava/awt/AWTEvent;)V (80 bytes) @ 0x02cf5f5c [0x02cf5c00+0x35c]
J 924 C1 java.awt.EventDispatchThread.pumpOneEventForFilters(I)V (295 bytes) @ 0x02c71f90 [0x02c71900+0x690]
j  java.awt.EventDispatchThread.pumpEventsForFilter(ILjava/awt/Conditional;Ljava/awt/EventFilter;)V+35
j  java.awt.EventDispatchThread.pumpEventsForHierarchy(ILjava/awt/Conditional;Ljava/awt/Component;)V+11
j  java.awt.EventDispatchThread.pumpEvents(ILjava/awt/Conditional;)V+4
j  java.awt.EventDispatchThread.pumpEvents(Ljava/awt/Conditional;)V+3
j  java.awt.EventDispatchThread.run()V+9
v  ~StubRoutines::call_stub

---------------  P R O C E S S  ---------------

Java Threads: ( => current thread )
  0x15e3b800 JavaThread "TimerQueue" daemon [_thread_blocked, id=2892, stack(0x18840000,0x18890000)]
  0x02962000 JavaThread "DestroyJavaVM" [_thread_blocked, id=5064, stack(0x02860000,0x028b0000)]
  0x15fe6400 JavaThread "Swing-Shell" daemon [_thread_blocked, id=10060, stack(0x176e0000,0x17730000)]
=>0x150dcc00 JavaThread "AWT-EventQueue-0" [_thread_in_native, id=5488, stack(0x17150000,0x171a0000)]
  0x150b1000 JavaThread "AWT-Shutdown" [_thread_blocked, id=3500, stack(0x16690000,0x166e0000)]
  0x15d5c000 JavaThread "AWT-Windows" daemon [_thread_in_native, id=5580, stack(0x16720000,0x16770000)]
  0x15d4f400 JavaThread "Java2D Disposer" daemon [_thread_blocked, id=2504, stack(0x16600000,0x16650000)]
  0x150b8c00 JavaThread "Service Thread" daemon [_thread_blocked, id=2760, stack(0x156d0000,0x15720000)]
  0x15093800 JavaThread "C1 CompilerThread0" daemon [_thread_blocked, id=2068, stack(0x15640000,0x15690000)]
  0x15092800 JavaThread "Attach Listener" daemon [_thread_blocked, id=8116, stack(0x155b0000,0x15600000)]
  0x15091c00 JavaThread "Signal Dispatcher" daemon [_thread_blocked, id=8968, stack(0x15520000,0x15570000)]
  0x1507ec00 JavaThread "Finalizer" daemon [_thread_blocked, id=10076, stack(0x15380000,0x153d0000)]
  0x15069000 JavaThread "Reference Handler" daemon [_thread_blocked, id=8228, stack(0x152f0000,0x15340000)]

Other Threads:
  0x15063400 VMThread [stack: 0x15260000,0x152b0000] [id=10740]
  0x150c4400 WatcherThread [stack: 0x15870000,0x158c0000] [id=5384]

VM state:not at safepoint (normal execution)

VM Mutex/Monitor currently owned by a thread: None

Heap:
 def new generation   total 78656K, used 47149K [0x04c00000, 0x0a150000, 0x0a150000)
  eden space 69952K,  67% used [0x04c00000, 0x07a0b768, 0x09050000)
  from space 8704K,   0% used [0x09050000, 0x09050000, 0x098d0000)
  to   space 8704K,   0% used [0x098d0000, 0x098d0000, 0x0a150000)
 tenured generation   total 174784K, used 148236K [0x0a150000, 0x14c00000, 0x14c00000)
   the space 174784K,  84% used [0x0a150000, 0x13213118, 0x13213200, 0x14c00000)
 Metaspace       used 13687K, capacity 13926K, committed 14208K, reserved 14720K

Card table byte_map: [0x04ae0000,0x04b70000] byte_map_base: 0x04aba000

Polling page: 0x028b0000

CodeCache: size=32768Kb used=3259Kb max_used=3259Kb free=29508Kb
 bounds [0x02a60000, 0x02d90000, 0x04a60000]
 total_blobs=2009 nmethods=1737 adapters=201
 compilation: enabled

Compilation events (10 events):
Event: 81.137 Thread 0x15093800 1751   !         java.awt.EventQueue::wakeup (79 bytes)
Event: 81.137 Thread 0x15093800 nmethod 1751 0x02d80648 code [0x02d807b0, 0x02d80a10]
Event: 81.160 Thread 0x15093800 1752             javax.swing.JComponent::setFont (24 bytes)
Event: 81.160 Thread 0x15093800 nmethod 1752 0x02d80d48 code [0x02d80e70, 0x02d80f80]
Event: 81.201 Thread 0x15093800 1753   !         java.awt.DefaultKeyboardFocusManager::dispatchEvent (1589 bytes)
Event: 81.212 Thread 0x15093800 nmethod 1753 0x02d81048 code [0x02d81d20, 0x02d88018]
Event: 81.212 Thread 0x15093800 1754   !         sun.awt.windows.ThemeReader::isThemePartDefined (44 bytes)
Event: 81.213 Thread 0x15093800 nmethod 1754 0x02d8e048 code [0x02d8e1b0, 0x02d8e3d0]
Event: 81.314 Thread 0x15093800 1756   !         java.awt.Container::dispatchEventImpl (129 bytes)
Event: 81.314 Thread 0x15093800 nmethod 1756 0x02d8e9c8 code [0x02d8eb20, 0x02d8ef08]

GC Heap History (10 events):
Event: 3.421 GC heap before
{Heap before GC invocations=13 (full 4):
 def new generation   total 44224K, used 29240K [0x04c00000, 0x07bf0000, 0x0a150000)
  eden space 39360K,  74% used [0x04c00000, 0x068878f8, 0x07270000)
  from space 4864K,   0% used [0x07730000, 0x07736ae8, 0x07bf0000)
  to   space 4864K,   0% used [0x07270000, 0x07270000, 0x07730000)
 tenured generation   total 98052K, used 73229K [0x0a150000, 0x10111000, 0x14c00000)
   the space 98052K,  74% used [0x0a150000, 0x0e8d3758, 0x0e8d3800, 0x10111000)
 Metaspace       used 4519K, capacity 4681K, committed 4736K, reserved 5504K
Event: 3.433 GC heap after
Heap after GC invocations=14 (full 4):
 def new generation   total 44224K, used 27K [0x04c00000, 0x07bf0000, 0x0a150000)
  eden space 39360K,   0% used [0x04c00000, 0x04c00000, 0x07270000)
  from space 4864K,   0% used [0x07270000, 0x07276c60, 0x07730000)
  to   space 4864K,   0% used [0x07730000, 0x07730000, 0x07bf0000)
 tenured generation   total 98052K, used 87629K [0x0a150000, 0x10111000, 0x14c00000)
   the space 98052K,  89% used [0x0a150000, 0x0f6e3768, 0x0f6e3800, 0x10111000)
 Metaspace       used 4519K, capacity 4681K, committed 4736K, reserved 5504K
}
Event: 3.561 GC heap before
{Heap before GC invocations=14 (full 4):
 def new generation   total 44224K, used 29224K [0x04c00000, 0x07bf0000, 0x0a150000)
  eden space 39360K,  74% used [0x04c00000, 0x06883780, 0x07270000)
  from space 4864K,   0% used [0x07270000, 0x07276c60, 0x07730000)
  to   space 4864K,   0% used [0x07730000, 0x07730000, 0x07bf0000)
 tenured generation   total 98052K, used 87629K [0x0a150000, 0x10111000, 0x14c00000)
   the space 98052K,  89% used [0x0a150000, 0x0f6e3768, 0x0f6e3800, 0x10111000)
 Metaspace       used 4519K, capacity 4681K, committed 4736K, reserved 5504K
Event: 3.577 GC heap after
Heap after GC invocations=15 (full 5):
 def new generation   total 76608K, used 0K [0x04c00000, 0x09f10000, 0x0a150000)
  eden space 68160K,   0% used [0x04c00000, 0x04c00000, 0x08e90000)
  from space 8448K,   0% used [0x08e90000, 0x08e90000, 0x096d0000)
  to   space 8448K,   0% used [0x096d0000, 0x096d0000, 0x09f10000)
 tenured generation   total 170096K, used 102057K [0x0a150000, 0x1476c000, 0x14c00000)
   the space 170096K,  59% used [0x0a150000, 0x104fa578, 0x104fa600, 0x1476c000)
 Metaspace       used 4519K, capacity 4681K, committed 4736K, reserved 5504K
}
Event: 6.632 GC heap before
{Heap before GC invocations=15 (full 5):
 def new generation   total 76608K, used 68160K [0x04c00000, 0x09f10000, 0x0a150000)
  eden space 68160K, 100% used [0x04c00000, 0x08e90000, 0x08e90000)
  from space 8448K,   0% used [0x08e90000, 0x08e90000, 0x096d0000)
  to   space 8448K,   0% used [0x096d0000, 0x096d0000, 0x09f10000)
 tenured generation   total 170096K, used 102057K [0x0a150000, 0x1476c000, 0x14c00000)
   the space 170096K,  59% used [0x0a150000, 0x104fa578, 0x104fa600, 0x1476c000)
 Metaspace       used 8897K, capacity 9123K, committed 9344K, reserved 9600K
Event: 6.657 GC heap after
Heap after GC invocations=16 (full 5):
 def new generation   total 76608K, used 1505K [0x04c00000, 0x09f10000, 0x0a150000)
  eden space 68160K,   0% used [0x04c00000, 0x04c00000, 0x08e90000)
  from space 8448K,  17% used [0x096d0000, 0x098486f8, 0x09f10000)
  to   space 8448K,   0% used [0x08e90000, 0x08e90000, 0x096d0000)
 tenured generation   total 170096K, used 130857K [0x0a150000, 0x1476c000, 0x14c00000)
   the space 170096K,  76% used [0x0a150000, 0x1211a598, 0x1211a600, 0x1476c000)
 Metaspace       used 8897K, capacity 9123K, committed 9344K, reserved 9600K
}
Event: 28.893 GC heap before
{Heap before GC invocations=16 (full 5):
 def new generation   total 76608K, used 69665K [0x04c00000, 0x09f10000, 0x0a150000)
  eden space 68160K, 100% used [0x04c00000, 0x08e90000, 0x08e90000)
  from space 8448K,  17% used [0x096d0000, 0x098486f8, 0x09f10000)
  to   space 8448K,   0% used [0x08e90000, 0x08e90000, 0x096d0000)
 tenured generation   total 170096K, used 130857K [0x0a150000, 0x1476c000, 0x14c00000)
   the space 170096K,  76% used [0x0a150000, 0x1211a598, 0x1211a600, 0x1476c000)
 Metaspace       used 11863K, capacity 12102K, committed 12288K, reserved 12672K
Event: 28.918 GC heap after
Heap after GC invocations=17 (full 5):
 def new generation   total 76608K, used 8448K [0x04c00000, 0x09f10000, 0x0a150000)
  eden space 68160K,   0% used [0x04c00000, 0x04c00000, 0x08e90000)
  from space 8448K, 100% used [0x08e90000, 0x096d0000, 0x096d0000)
  to   space 8448K,   0% used [0x096d0000, 0x096d0000, 0x09f10000)
 tenured generation   total 170096K, used 139310K [0x0a150000, 0x1476c000, 0x14c00000)
   the space 170096K,  81% used [0x0a150000, 0x1295ba18, 0x1295bc00, 0x1476c000)
 Metaspace       used 11863K, capacity 12102K, committed 12288K, reserved 12672K
}
Event: 28.985 GC heap before
{Heap before GC invocations=17 (full 5):
 def new generation   total 76608K, used 21380K [0x04c00000, 0x09f10000, 0x0a150000)
  eden space 68160K,  18% used [0x04c00000, 0x058a1278, 0x08e90000)
  from space 8448K, 100% used [0x08e90000, 0x096d0000, 0x096d0000)
  to   space 8448K,   0% used [0x096d0000, 0x096d0000, 0x09f10000)
 tenured generation   total 170096K, used 139310K [0x0a150000, 0x1476c000, 0x14c00000)
   the space 170096K,  81% used [0x0a150000, 0x1295ba18, 0x1295bc00, 0x1476c000)
 Metaspace       used 11921K, capacity 12134K, committed 12288K, reserved 12672K
Event: 29.017 GC heap after
Heap after GC invocations=18 (full 6):
 def new generation   total 78656K, used 0K [0x04c00000, 0x0a150000, 0x0a150000)
  eden space 69952K,   0% used [0x04c00000, 0x04c00000, 0x09050000)
  from space 8704K,   0% used [0x09050000, 0x09050000, 0x098d0000)
  to   space 8704K,   0% used [0x098d0000, 0x098d0000, 0x0a150000)
 tenured generation   total 174784K, used 148236K [0x0a150000, 0x14c00000, 0x14c00000)
   the space 174784K,  84% used [0x0a150000, 0x13213118, 0x13213200, 0x14c00000)
 Metaspace       used 11921K, capacity 12134K, committed 12288K, reserved 12672K
}

Deoptimization events (0 events):
No events

Internal exceptions (10 events):
Event: 11.086 Thread 0x02962000 Exception <a 'java/io/FileNotFoundException'> (0x0597d6f0) thrown at [C:\workspace\8-2-build-windows-i586-cygwin\jdk8u144\9417\hotspot\src\share\vm\prims\jni.cpp, line 709]
Event: 11.088 Thread 0x02962000 Exception <a 'java/io/FileNotFoundException'> (0x05989b70) thrown at [C:\workspace\8-2-build-windows-i586-cygwin\jdk8u144\9417\hotspot\src\share\vm\prims\jni.cpp, line 709]
Event: 11.088 Thread 0x02962000 Exception <a 'java/io/FileNotFoundException'> (0x0598f568) thrown at [C:\workspace\8-2-build-windows-i586-cygwin\jdk8u144\9417\hotspot\src\share\vm\prims\jni.cpp, line 709]
Event: 11.089 Thread 0x02962000 Exception <a 'java/io/FileNotFoundException'> (0x0599bc70) thrown at [C:\workspace\8-2-build-windows-i586-cygwin\jdk8u144\9417\hotspot\src\share\vm\prims\jni.cpp, line 709]
Event: 11.089 Thread 0x02962000 Exception <a 'java/io/FileNotFoundException'> (0x0599cfa0) thrown at [C:\workspace\8-2-build-windows-i586-cygwin\jdk8u144\9417\hotspot\src\share\vm\prims\jni.cpp, line 709]
Event: 11.090 Thread 0x02962000 Exception <a 'java/io/FileNotFoundException'> (0x059a6370) thrown at [C:\workspace\8-2-build-windows-i586-cygwin\jdk8u144\9417\hotspot\src\share\vm\prims\jni.cpp, line 709]
Event: 11.091 Thread 0x02962000 Exception <a 'java/io/FileNotFoundException'> (0x059b1890) thrown at [C:\workspace\8-2-build-windows-i586-cygwin\jdk8u144\9417\hotspot\src\share\vm\prims\jni.cpp, line 709]
Event: 11.095 Thread 0x02962000 Exception <a 'java/io/FileNotFoundException'> (0x059d7048) thrown at [C:\workspace\8-2-build-windows-i586-cygwin\jdk8u144\9417\hotspot\src\share\vm\prims\jni.cpp, line 709]
Event: 11.605 Thread 0x150dcc00 Implicit null exception at 0x02c4b80f to 0x02c4d083
Event: 11.606 Thread 0x150dcc00 Implicit null exception at 0x02c4b80f to 0x02c4d083

Events (10 events):
Event: 77.976 loading class javax/swing/JTable$2
Event: 77.978 loading class javax/swing/JTable$Resizable3
Event: 77.978 loading class javax/swing/JTable$Resizable2
Event: 77.978 loading class javax/swing/JTable$Resizable2 done
Event: 77.978 loading class javax/swing/JTable$Resizable3 done
Event: 77.978 loading class javax/swing/JTable$2 done
Event: 77.978 loading class javax/swing/JTable$5
Event: 77.979 loading class javax/swing/JTable$5 done
Event: 77.982 loading class javax/swing/table/DefaultTableCellRenderer$UIResource
Event: 77.990 loading class javax/swing/table/DefaultTableCellRenderer$UIResource done


Dynamic libraries:
0x008e0000 - 0x00913000 	C:\Program Files (x86)\Java\jdk1.8.0_144\bin\java.exe
0x77120000 - 0x772b0000 	C:\WINDOWS\SYSTEM32\ntdll.dll
0x74b50000 - 0x74c30000 	C:\WINDOWS\System32\KERNEL32.DLL
0x74900000 - 0x74ae4000 	C:\WINDOWS\System32\KERNELBASE.dll
0x6f9a0000 - 0x6fa3d000 	C:\WINDOWS\SYSTEM32\apphelp.dll
0x75720000 - 0x75798000 	C:\WINDOWS\System32\ADVAPI32.dll
0x745a0000 - 0x7465f000 	C:\WINDOWS\System32\msvcrt.dll
0x757f0000 - 0x75834000 	C:\WINDOWS\System32\sechost.dll
0x75500000 - 0x755c0000 	C:\WINDOWS\System32\RPCRT4.dll
0x739e0000 - 0x73a00000 	C:\WINDOWS\System32\SspiCli.dll
0x739d0000 - 0x739da000 	C:\WINDOWS\System32\CRYPTBASE.dll
0x74af0000 - 0x74b48000 	C:\WINDOWS\System32\bcryptPrimitives.dll
0x74320000 - 0x744ad000 	C:\WINDOWS\System32\USER32.dll
0x75c70000 - 0x75c87000 	C:\WINDOWS\System32\win32u.dll
0x758d0000 - 0x758f2000 	C:\WINDOWS\System32\GDI32.dll
0x75a70000 - 0x75bd4000 	C:\WINDOWS\System32\gdi32full.dll
0x759f0000 - 0x75a6d000 	C:\WINDOWS\System32\msvcp_win.dll
0x73bb0000 - 0x73ccd000 	C:\WINDOWS\System32\ucrtbase.dll
0x6d350000 - 0x6d554000 	C:\WINDOWS\WinSxS\x86_microsoft.windows.common-controls_6595b64144ccf1df_6.0.17134.706_none_42f0d9a244e0990d\COMCTL32.dll
0x74c30000 - 0x74e8c000 	C:\WINDOWS\System32\combase.dll
0x757c0000 - 0x757e6000 	C:\WINDOWS\System32\IMM32.DLL
0x6d8d0000 - 0x6d98f000 	C:\Program Files (x86)\Java\jdk1.8.0_144\jre\bin\msvcr100.dll
0x6cd70000 - 0x6d13e000 	C:\Program Files (x86)\Java\jdk1.8.0_144\jre\bin\client\jvm.dll
0x74590000 - 0x74596000 	C:\WINDOWS\System32\PSAPI.DLL
0x70880000 - 0x70888000 	C:\WINDOWS\SYSTEM32\WSOCK32.dll
0x739c0000 - 0x739c8000 	C:\WINDOWS\SYSTEM32\VERSION.dll
0x744b0000 - 0x74517000 	C:\WINDOWS\System32\WS2_32.dll
0x71060000 - 0x71084000 	C:\WINDOWS\SYSTEM32\WINMM.dll
0x70850000 - 0x70873000 	C:\WINDOWS\SYSTEM32\winmmbase.dll
0x74720000 - 0x74759000 	C:\WINDOWS\System32\cfgmgr32.dll
0x6f100000 - 0x6f10c000 	C:\Program Files (x86)\Java\jdk1.8.0_144\jre\bin\verify.dll
0x6d8a0000 - 0x6d8c1000 	C:\Program Files (x86)\Java\jdk1.8.0_144\jre\bin\java.dll
0x6d880000 - 0x6d893000 	C:\Program Files (x86)\Java\jdk1.8.0_144\jre\bin\zip.dll
0x75c90000 - 0x76fda000 	C:\WINDOWS\System32\SHELL32.dll
0x75be0000 - 0x75c68000 	C:\WINDOWS\System32\shcore.dll
0x73cd0000 - 0x7428a000 	C:\WINDOWS\System32\windows.storage.dll
0x75450000 - 0x75495000 	C:\WINDOWS\System32\shlwapi.dll
0x74580000 - 0x7458f000 	C:\WINDOWS\System32\kernel.appcore.dll
0x757a0000 - 0x757b8000 	C:\WINDOWS\System32\profapi.dll
0x76fe0000 - 0x77025000 	C:\WINDOWS\System32\powrprof.dll
0x759e0000 - 0x759e8000 	C:\WINDOWS\System32\FLTLIB.DLL
0x6d200000 - 0x6d345000 	C:\Program Files (x86)\Java\jdk1.8.0_144\jre\bin\awt.dll
0x73b00000 - 0x73b96000 	C:\WINDOWS\System32\OLEAUT32.dll
0x6cd40000 - 0x6cd66000 	C:\Program Files (x86)\Java\jdk1.8.0_144\jre\bin\jpeg.dll
0x6da50000 - 0x6dacc000 	C:\WINDOWS\system32\uxtheme.dll
0x755d0000 - 0x75713000 	C:\WINDOWS\System32\MSCTF.dll
0x6da20000 - 0x6da43000 	C:\WINDOWS\system32\dwmapi.dll
0x73a00000 - 0x73afc000 	C:\WINDOWS\System32\ole32.dll
0x6cc60000 - 0x6cd39000 	C:\WINDOWS\system32\opengl32.dll
0x6cc20000 - 0x6cc5f000 	C:\WINDOWS\SYSTEM32\GLU32.dll
0x6cbe0000 - 0x6cc19000 	C:\Program Files (x86)\Java\jdk1.8.0_144\jre\bin\fontmanager.dll
0x6d860000 - 0x6d876000 	C:\Program Files (x86)\Java\jdk1.8.0_144\jre\bin\net.dll
0x70fc0000 - 0x71016000 	C:\WINDOWS\system32\mswsock.dll
0x6eed0000 - 0x6eedf000 	C:\Program Files (x86)\Java\jdk1.8.0_144\jre\bin\nio.dll
0x6cba0000 - 0x6cbd2000 	C:\Program Files (x86)\Java\jdk1.8.0_144\jre\bin\t2k.dll
0x6cb10000 - 0x6cb9f000 	C:\WINDOWS\WinSxS\x86_microsoft.windows.common-controls_6595b64144ccf1df_5.82.17134.706_none_40fb64164515a358\comctl32.dll
0x75840000 - 0x758c3000 	C:\WINDOWS\System32\clbcatq.dll
0x6ef80000 - 0x6f100000 	C:\WINDOWS\system32\propsys.dll
0x6c9e0000 - 0x6cb04000 	C:\WINDOWS\system32\NetworkExplorer.dll
0x6c100000 - 0x6c428000 	C:\Windows\System32\OneCoreUAPCommonProxyStub.dll
0x6c860000 - 0x6c9d1000 	C:\WINDOWS\SYSTEM32\WindowsCodecs.dll
0x6c0b0000 - 0x6c0fa000 	C:\Windows\System32\thumbcache.dll
0x6c040000 - 0x6c0ad000 	C:\WINDOWS\SYSTEM32\policymanager.dll
0x6bfd0000 - 0x6c037000 	C:\WINDOWS\SYSTEM32\msvcp110_win.dll
0x708c0000 - 0x708d8000 	C:\WINDOWS\SYSTEM32\MPR.dll
0x6d850000 - 0x6d859000 	C:\WINDOWS\System32\drprov.dll
0x6bf80000 - 0x6bfc2000 	C:\WINDOWS\System32\WINSTA.dll
0x6bf60000 - 0x6bf72000 	C:\WINDOWS\System32\ntlanman.dll
0x6bf40000 - 0x6bf59000 	C:\WINDOWS\System32\davclnt.dll
0x6d840000 - 0x6d84a000 	C:\WINDOWS\System32\DAVHLPR.dll
0x6d1f0000 - 0x6d200000 	C:\WINDOWS\System32\wkscli.dll
0x72600000 - 0x72619000 	C:\WINDOWS\System32\bcrypt.dll
0x6bf30000 - 0x6bf3f000 	C:\WINDOWS\SYSTEM32\cscapi.dll
0x6f4e0000 - 0x6f4eb000 	C:\WINDOWS\System32\netutils.dll
0x6bef0000 - 0x6bf30000 	C:\Windows\System32\dlnashext.dll
0x6bea0000 - 0x6beed000 	C:\Windows\System32\PlayToDevice.dll
0x6be80000 - 0x6be9a000 	C:\Windows\System32\DevDispItemProvider.dll
0x6be20000 - 0x6be7c000 	C:\WINDOWS\System32\MMDevApi.dll
0x70820000 - 0x70842000 	C:\WINDOWS\System32\DEVOBJ.dll
0x6bc40000 - 0x6be15000 	C:\WINDOWS\system32\wpdshext.dll
0x6ea70000 - 0x6ebdb000 	C:\WINDOWS\WinSxS\x86_microsoft.windows.gdiplus_6595b64144ccf1df_1.1.17134.706_none_73dbcc879f7312db\gdiplus.dll
0x6bbb0000 - 0x6bc36000 	C:\Windows\System32\PortableDeviceApi.dll
0x75020000 - 0x7544b000 	C:\WINDOWS\System32\SETUPAPI.dll
0x746c0000 - 0x74707000 	C:\WINDOWS\System32\WINTRUST.dll
0x74710000 - 0x7471e000 	C:\WINDOWS\System32\MSASN1.dll
0x74760000 - 0x748f6000 	C:\WINDOWS\System32\CRYPT32.dll
0x6bb60000 - 0x6bba1000 	C:\WINDOWS\system32\audiodev.dll
0x6b940000 - 0x6bb5d000 	C:\WINDOWS\system32\WMVCore.DLL
0x6b900000 - 0x6b93f000 	C:\WINDOWS\system32\WMASF.DLL
0x6b7f0000 - 0x6b8f6000 	C:\WINDOWS\system32\mfperfhelper.dll
0x6b7e0000 - 0x6b7eb000 	C:\WINDOWS\SYSTEM32\LINKINFO.dll
0x6f6c0000 - 0x6f6ca000 	C:\WINDOWS\SYSTEM32\Secur32.dll
0x6b7c0000 - 0x6b7d5000 	C:\WINDOWS\SYSTEM32\samcli.dll
0x6b7a0000 - 0x6b7b9000 	C:\WINDOWS\SYSTEM32\SAMLIB.dll
0x6b750000 - 0x6b79f000 	C:\WINDOWS\system32\dataexchange.dll
0x6b610000 - 0x6b74c000 	C:\WINDOWS\system32\dcomp.dll
0x6b3b0000 - 0x6b602000 	C:\WINDOWS\system32\d3d11.dll
0x6b310000 - 0x6b3a8000 	C:\WINDOWS\system32\dxgi.dll
0x6b1a0000 - 0x6b305000 	C:\WINDOWS\system32\twinapi.appcore.dll
0x6b170000 - 0x6b191000 	C:\WINDOWS\system32\RMCLIENT.dll
0x6b0f0000 - 0x6b16d000 	C:\WINDOWS\System32\TextInputFramework.dll
0x6c4c0000 - 0x6c71d000 	C:\WINDOWS\System32\CoreUIComponents.dll
0x6c430000 - 0x6c4bb000 	C:\WINDOWS\System32\CoreMessaging.dll
0x72830000 - 0x72859000 	C:\WINDOWS\SYSTEM32\ntmarta.dll
0x6c720000 - 0x6c7f6000 	C:\WINDOWS\SYSTEM32\wintypes.dll
0x6b0c0000 - 0x6b0e4000 	C:\Program Files (x86)\Java\jdk1.8.0_144\jre\bin\dcpr.dll
0x6b0a0000 - 0x6b0b5000 	C:\Program Files (x86)\Java\jdk1.8.0_144\bin\java_mesh.dll
0x6afa0000 - 0x6b09d000 	C:\Program Files (x86)\Java\jdk1.8.0_144\bin\sptmesh.dll
0x72f50000 - 0x72f64000 	C:\WINDOWS\SYSTEM32\VCRUNTIME140.dll
0x6f120000 - 0x6f190000 	C:\WINDOWS\SYSTEM32\MSVCP140.dll
0x6ade0000 - 0x6af94000 	C:\Program Files (x86)\Java\jdk1.8.0_144\bin\geos_c.dll
0x6a460000 - 0x6a5bd000 	C:\Program Files (x86)\Java\jdk1.8.0_144\bin\blas_win32_MT.dll
0x75000000 - 0x75019000 	C:\WINDOWS\System32\imagehlp.dll
0x6a320000 - 0x6a45d000 	C:\Program Files (x86)\Java\jdk1.8.0_144\bin\mesquite.dll
0x6a310000 - 0x6a31c000 	C:\Program Files (x86)\Java\jdk1.8.0_144\bin\Microsoft.VisualStudio.TestTools.CppUnitTestFramework.dll
0x6a5c0000 - 0x6add8000 	C:\Program Files (x86)\Java\jdk1.8.0_144\bin\lapack_win32_MT.dll
0x6a2a0000 - 0x6a309000 	C:\WINDOWS\SYSTEM32\MSVCP100.dll
0x6f330000 - 0x6f4b2000 	C:\WINDOWS\SYSTEM32\dbghelp.dll

VM Arguments:
java_command: org.locationtech.jtstest.testbuilder.JTSTestBuilder
java_class_path (initial): C:\Users\bjpsi\Desktop\Investigacao\JTS-testing\modules\app\target\classes;C:\Users\bjpsi\Desktop\Investigacao\JTS-testing\modules\core\target\classes;C:\Users\bjpsi\.m2\repository\org\locationtech\jts\jts-tests\1.16.1-SNAPSHOT\jts-tests-1.16.1-SNAPSHOT.jar;C:\Users\bjpsi\.m2\repository\org\apache\commons\commons-lang3\3.7\commons-lang3-3.7.jar;C:\Users\bjpsi\Desktop\Investigacao\JTS-testing\modules\io\common\target\classes;C:\Users\bjpsi\.m2\repository\com\googlecode\json-simple\json-simple\1.1.1\json-simple-1.1.1.jar;C:\Users\bjpsi\.m2\repository\org\jdom\jdom2\2.0.6\jdom2-2.0.6.jar;C:\Users\bjpsi\.m2\repository\org\jdesktop\beansbinding\1.2.1\beansbinding-1.2.1.jar;C:\Users\bjpsi\.m2\repository\org\geotools\gt-shapefile\22-SNAPSHOT\gt-shapefile-22-SNAPSHOT.jar;C:\Users\bjpsi\.m2\repository\org\geotools\gt-main\22-SNAPSHOT\gt-main-22-SNAPSHOT.jar;C:\Users\bjpsi\.m2\repository\org\apache\commons\commons-text\1.6\commons-text-1.6.jar;C:\Users\bjpsi\.m2\repository\com\fasterxml\jackson\core\jackson-core\2.9.7\jackson-core-2.9.7.jar;C:\Users\bjpsi\.m2\repository\javax\media\jai_core\1.1.3\jai_core-1.1.3.jar;C:\Users\bjpsi\.m2\repository\org\geotools\gt-swing\22-SNAPSHOT\gt-swing-22-SNAPSHOT.jar;C:\Users\bjpsi\.m2\repository\org\geotools\gt-referencing\22-SNAPSHOT\gt-referencing-22-SNAPSHOT.jar;C:\Users\bjpsi\.m2\repository\org\ejml\ejml-ddense\0.34\ejml-ddense-0.34.jar;C:\Users\bjpsi\.m2\repository\org\ejml\ejml-core\0.34\ejml-core-0.34.jar;C:\Users\bjpsi\.m2\repository\commons-pool\commons-pool\1.5.4\commons-pool-1.5.4.jar;C:\Users\bjpsi\.m2\repository\org\geotools\gt-metadata\22-SNAPSHOT\gt-metadata-22-SNAPSHOT.jar;C:\Users\bjpsi\.m2\repository\org\geotools\gt-opengis\22-SNAPSHOT\gt-opengis-22-SNAPSHOT.jar;C:\Users\bjpsi\.m2\repository\systems\uom\systems-common-java8\0.7.2\systems-common-java8-0.7.2.jar;C:\Users\bjpsi\.m2\repository\tec\uom\uom-se\1.0.8\uom-se-1.0.8.jar;C:\Users\bjpsi\.m2\repository\javax\measure\unit-api\1.0\unit-api-1
Launcher Type: SUN_STANDARD

Environment Variables:
JAVA_HOME=C:\Program Files (x86)\Java\jdk1.8.0_144
PATH=C:\Python27\;C:\Python27\Scripts;C:\ProgramData\Oracle\Java\javapath;C:\WINDOWS\system32;C:\WINDOWS;C:\WINDOWS\System32\Wbem;C:\WINDOWS\System32\WindowsPowerShell\v1.0\;C:\Program Files (x86)\apache-maven-3.5.0\bin;C:\Program Files\Git\cmd;C:\Program Files (x86)\GtkSharp\2.12\bin;C:\Program Files\dotnet\;C:\Program Files\Microsoft SQL Server\130\Tools\Binn\;C:\Program Files (x86)\Windows Live\Shared;C:\WINDOWS\System32\OpenSSH\;C:\Program Files\PuTTY\;C:\Program Files (x86)\NVIDIA Corporation\PhysX\Common;C:\Program Files\nodejs\;C:\Users\bjpsi\AppData\Local\Programs\Python\Python37-32\Scripts\;C:\Users\bjpsi\AppData\Local\Programs\Python\Python37-32\;C:\Users\bjpsi\AppData\Local\Microsoft\WindowsApps;C:\Users\bjpsi\AppData\Roaming\npm;C:\Users\bjpsi\AppData\Local\Programs\Microsoft VS Code\bin
USERNAME=Bruno Silva
OS=Windows_NT
PROCESSOR_IDENTIFIER=Intel64 Family 6 Model 61 Stepping 4, GenuineIntel



---------------  S Y S T E M  ---------------

OS: Windows 10.0 , 64 bit Build 17134 (10.0.17134.706)

CPU:total 4 (initial active 4) (2 cores per cpu, 2 threads per core) family 6 model 61 stepping 4, cmov, cx8, fxsr, mmx, sse, sse2, sse3, ssse3, sse4.1, sse4.2, popcnt, avx, avx2, aes, clmul, erms, 3dnowpref, lzcnt, ht, tsc, tscinvbit, bmi1, bmi2, adx

Memory: 4k page, physical 6188508k(2021048k free), swap 12479964k(7374176k free)

vm_info: Java HotSpot(TM) Client VM (25.144-b01) for windows-x86 JRE (1.8.0_144-b01), built on Jul 21 2017 21:58:05 by "java_re" with MS VC++ 10.0 (VS2010)

time: Fri Apr 26 12:23:47 2019
elapsed time: 81 seconds (0d 0h 1m 21s)

