#
# A fatal error has been detected by the Java Runtime Environment:
#
#  EXCEPTION_UNCAUGHT_CXX_EXCEPTION (0xe06d7363) at pc=0x74a118a2, pid=4840, tid=0x00001ecc
#
# JRE version: Java(TM) SE Runtime Environment (8.0_144-b01) (build 1.8.0_144-b01)
# Java VM: Java HotSpot(TM) Client VM (25.144-b01 mixed mode windows-x86 )
# Problematic frame:
# C  [KERNELBASE.dll+0x1118a2]
#
# Failed to write core dump. Minidumps are not enabled by default on client versions of Windows
#
# If you would like to submit a bug report, please visit:
#   http://bugreport.java.com/bugreport/crash.jsp
# The crash happened outside the Java Virtual Machine in native code.
# See problematic frame for where to report the bug.
#

---------------  T H R E A D  ---------------

Current thread (0x168a9400):  JavaThread "AWT-EventQueue-0" [_thread_in_native, id=7884, stack(0x178a0000,0x178f0000)]

siginfo: ExceptionCode=0xe06d7363, ExceptionInformation=0x19930520 0x178ee41c 0x6b0116ec 

Registers:
EAX=0x178ee320, EBX=0x178ee41c, ECX=0x00000003, EDX=0x00000000
ESP=0x178ee320, EBP=0x178ee37c, ESI=0x72f51538, EDI=0x6b0116ec
EIP=0x74a118a2, EFLAGS=0x00000212

Top of Stack: (sp=0x178ee320)
0x178ee320:   e06d7363 00000001 00000000 74a118a2
0x178ee330:   00000003 19930520 178ee41c 6b0116ec
0x178ee340:   6af52347 178ee384 178ee488 00000000
0x178ee350:   178ee3c4 6aff3eb0 178ee428 178ee384
0x178ee360:   178ee488 178ee384 178ee39c 6b0065a8
0x178ee370:   fc8d75dc c46ca68b 6aff3f00 178ee3c0
0x178ee380:   72f54796 e06d7363 00000001 00000003
0x178ee390:   178ee3b4 18843778 00000007 168a9540 

Instructions: (pc=0x74a118a2)
0x74a11882:   89 44 24 10 c1 e0 02 50 51 8d 44 24 1c 50 e8 3f
0x74a11892:   85 00 00 83 c4 0c 8d 04 24 50 ff 15 9c 33 ab 74
0x74a118a2:   8b 4c 24 54 33 cc e8 f3 43 00 00 8b e5 5d c2 10
0x74a118b2:   00 83 64 24 10 00 eb de 6a 0f 58 eb c3 cc cc cc 


Register to memory mapping:

EAX=0x178ee320 is pointing into the stack for thread: 0x168a9400
EBX=0x178ee41c is pointing into the stack for thread: 0x168a9400
ECX=0x00000003 is an unknown value
EDX=0x00000000 is an unknown value
ESP=0x178ee320 is pointing into the stack for thread: 0x168a9400
EBP=0x178ee37c is pointing into the stack for thread: 0x168a9400
ESI=0x72f51538 is an unknown value
EDI=0x6b0116ec is an unknown value


Stack: [0x178a0000,0x178f0000],  sp=0x178ee320,  free space=312k
Native frames: (J=compiled Java code, j=interpreted, Vv=VM code, C=native code)
C  [KERNELBASE.dll+0x1118a2]
C  [VCRUNTIME140.dll+0x4796]
C  [sptmesh.dll+0x55c9a]
C  [java_mesh.dll+0x66d2]
j  jni_st_mesh.Main.quality_measures(Ljava/lang/String;IZDI)Ljava/util/HashMap;+0
j  org.locationtech.jtstest.testbuilder.MorphingGeometryViewerFrame.showStatisticsInChart(Ljava/lang/String;Ljava/lang/String;)V+147
j  org.locationtech.jtstest.testbuilder.MorphingGeometryViewerFrame.access$1600(Lorg/locationtech/jtstest/testbuilder/MorphingGeometryViewerFrame;Ljava/lang/String;Ljava/lang/String;)V+3
j  org.locationtech.jtstest.testbuilder.MorphingGeometryViewerFrame$10.actionPerformed(Ljava/awt/event/ActionEvent;)V+30
j  javax.swing.AbstractButton.fireActionPerformed(Ljava/awt/event/ActionEvent;)V+83
j  javax.swing.AbstractButton$Handler.actionPerformed(Ljava/awt/event/ActionEvent;)V+5
j  javax.swing.DefaultButtonModel.fireActionPerformed(Ljava/awt/event/ActionEvent;)V+34
j  javax.swing.DefaultButtonModel.setPressed(Z)V+117
j  javax.swing.plaf.basic.BasicButtonListener.mouseReleased(Ljava/awt/event/MouseEvent;)V+35
j  java.awt.Component.processMouseEvent(Ljava/awt/event/MouseEvent;)V+64
j  javax.swing.JComponent.processMouseEvent(Ljava/awt/event/MouseEvent;)V+23
j  java.awt.Component.processEvent(Ljava/awt/AWTEvent;)V+81
j  java.awt.Container.processEvent(Ljava/awt/AWTEvent;)V+18
j  java.awt.Component.dispatchEventImpl(Ljava/awt/AWTEvent;)V+589
J 1652 C1 java.awt.Container.dispatchEventImpl(Ljava/awt/AWTEvent;)V (129 bytes) @ 0x032b1d3c [0x032b1ce0+0x5c]
J 1671 C1 java.awt.LightweightDispatcher.retargetMouseEvent(Ljava/awt/Component;ILjava/awt/event/MouseEvent;)V (350 bytes) @ 0x0330a8b4 [0x0330a230+0x684]
j  java.awt.LightweightDispatcher.processMouseEvent(Ljava/awt/event/MouseEvent;)Z+155
j  java.awt.LightweightDispatcher.dispatchEvent(Ljava/awt/AWTEvent;)Z+50
J 1652 C1 java.awt.Container.dispatchEventImpl(Ljava/awt/AWTEvent;)V (129 bytes) @ 0x032b1d20 [0x032b1ce0+0x40]
j  java.awt.Window.dispatchEventImpl(Ljava/awt/AWTEvent;)V+19
J 1641 C1 java.awt.EventQueue.dispatchEventImpl(Ljava/awt/AWTEvent;Ljava/lang/Object;)V (149 bytes) @ 0x03306f78 [0x03306b10+0x468]
J 1643 C1 java.awt.EventQueue$3.run()Ljava/lang/Void; (60 bytes) @ 0x03307ae8 [0x03307a80+0x68]
J 1642 C1 java.awt.EventQueue$3.run()Ljava/lang/Object; (5 bytes) @ 0x03307868 [0x03307840+0x28]
v  ~StubRoutines::call_stub
V  [jvm.dll+0x15af45]
V  [jvm.dll+0x2213ae]
V  [jvm.dll+0x15afde]
V  [jvm.dll+0x10b2cf]
C  [java.dll+0x102f]
j  java.security.ProtectionDomain$JavaSecurityAccessImpl.doIntersectionPrivilege(Ljava/security/PrivilegedAction;Ljava/security/AccessControlContext;Ljava/security/AccessControlContext;)Ljava/lang/Object;+18
j  java.security.ProtectionDomain$JavaSecurityAccessImpl.doIntersectionPrivilege(Ljava/security/PrivilegedAction;Ljava/security/AccessControlContext;)Ljava/lang/Object;+6
j  java.awt.EventQueue$4.run()Ljava/lang/Void;+11
j  java.awt.EventQueue$4.run()Ljava/lang/Object;+1
v  ~StubRoutines::call_stub
V  [jvm.dll+0x15af45]
V  [jvm.dll+0x2213ae]
V  [jvm.dll+0x15afde]
V  [jvm.dll+0x10b2cf]
C  [java.dll+0x102f]
J 1640 C1 java.awt.EventQueue.dispatchEvent(Ljava/awt/AWTEvent;)V (80 bytes) @ 0x03305f70 [0x03305c00+0x370]
J 1573 C1 java.awt.EventDispatchThread.pumpOneEventForFilters(I)V (295 bytes) @ 0x032ec44c [0x032ebd50+0x6fc]
j  java.awt.EventDispatchThread.pumpEventsForFilter(ILjava/awt/Conditional;Ljava/awt/EventFilter;)V+35
j  java.awt.EventDispatchThread.pumpEventsForHierarchy(ILjava/awt/Conditional;Ljava/awt/Component;)V+11
j  java.awt.EventDispatchThread.pumpEvents(ILjava/awt/Conditional;)V+4
j  java.awt.EventDispatchThread.pumpEvents(Ljava/awt/Conditional;)V+3
j  java.awt.EventDispatchThread.run()V+9
v  ~StubRoutines::call_stub
V  [jvm.dll+0x15af45]
V  [jvm.dll+0x2213ae]
V  [jvm.dll+0x15afde]
V  [jvm.dll+0x15b166]
V  [jvm.dll+0x15b1d7]
V  [jvm.dll+0xff36f]
V  [jvm.dll+0x17dc30]
V  [jvm.dll+0x17e4aa]
V  [jvm.dll+0x1c2ec6]
C  [msvcr100.dll+0x5c556]
C  [msvcr100.dll+0x5c600]
C  [KERNEL32.DLL+0x18494]
C  [ntdll.dll+0x641c8]
C  [ntdll.dll+0x64198]
C  0x00000000

Java frames: (J=compiled Java code, j=interpreted, Vv=VM code)
j  jni_st_mesh.Main.quality_measures(Ljava/lang/String;IZDI)Ljava/util/HashMap;+0
j  org.locationtech.jtstest.testbuilder.MorphingGeometryViewerFrame.showStatisticsInChart(Ljava/lang/String;Ljava/lang/String;)V+147
j  org.locationtech.jtstest.testbuilder.MorphingGeometryViewerFrame.access$1600(Lorg/locationtech/jtstest/testbuilder/MorphingGeometryViewerFrame;Ljava/lang/String;Ljava/lang/String;)V+3
j  org.locationtech.jtstest.testbuilder.MorphingGeometryViewerFrame$10.actionPerformed(Ljava/awt/event/ActionEvent;)V+30
j  javax.swing.AbstractButton.fireActionPerformed(Ljava/awt/event/ActionEvent;)V+83
j  javax.swing.AbstractButton$Handler.actionPerformed(Ljava/awt/event/ActionEvent;)V+5
j  javax.swing.DefaultButtonModel.fireActionPerformed(Ljava/awt/event/ActionEvent;)V+34
j  javax.swing.DefaultButtonModel.setPressed(Z)V+117
j  javax.swing.plaf.basic.BasicButtonListener.mouseReleased(Ljava/awt/event/MouseEvent;)V+35
j  java.awt.Component.processMouseEvent(Ljava/awt/event/MouseEvent;)V+64
j  javax.swing.JComponent.processMouseEvent(Ljava/awt/event/MouseEvent;)V+23
j  java.awt.Component.processEvent(Ljava/awt/AWTEvent;)V+81
j  java.awt.Container.processEvent(Ljava/awt/AWTEvent;)V+18
j  java.awt.Component.dispatchEventImpl(Ljava/awt/AWTEvent;)V+589
J 1652 C1 java.awt.Container.dispatchEventImpl(Ljava/awt/AWTEvent;)V (129 bytes) @ 0x032b1d3c [0x032b1ce0+0x5c]
J 1671 C1 java.awt.LightweightDispatcher.retargetMouseEvent(Ljava/awt/Component;ILjava/awt/event/MouseEvent;)V (350 bytes) @ 0x0330a8b4 [0x0330a230+0x684]
j  java.awt.LightweightDispatcher.processMouseEvent(Ljava/awt/event/MouseEvent;)Z+155
j  java.awt.LightweightDispatcher.dispatchEvent(Ljava/awt/AWTEvent;)Z+50
J 1652 C1 java.awt.Container.dispatchEventImpl(Ljava/awt/AWTEvent;)V (129 bytes) @ 0x032b1d20 [0x032b1ce0+0x40]
j  java.awt.Window.dispatchEventImpl(Ljava/awt/AWTEvent;)V+19
J 1641 C1 java.awt.EventQueue.dispatchEventImpl(Ljava/awt/AWTEvent;Ljava/lang/Object;)V (149 bytes) @ 0x03306f78 [0x03306b10+0x468]
J 1643 C1 java.awt.EventQueue$3.run()Ljava/lang/Void; (60 bytes) @ 0x03307ae8 [0x03307a80+0x68]
J 1642 C1 java.awt.EventQueue$3.run()Ljava/lang/Object; (5 bytes) @ 0x03307868 [0x03307840+0x28]
v  ~StubRoutines::call_stub
J 486  java.security.AccessController.doPrivileged(Ljava/security/PrivilegedAction;Ljava/security/AccessControlContext;)Ljava/lang/Object; (0 bytes) @ 0x0314f787 [0x0314f720+0x67]
j  java.security.ProtectionDomain$JavaSecurityAccessImpl.doIntersectionPrivilege(Ljava/security/PrivilegedAction;Ljava/security/AccessControlContext;Ljava/security/AccessControlContext;)Ljava/lang/Object;+18
j  java.security.ProtectionDomain$JavaSecurityAccessImpl.doIntersectionPrivilege(Ljava/security/PrivilegedAction;Ljava/security/AccessControlContext;)Ljava/lang/Object;+6
j  java.awt.EventQueue$4.run()Ljava/lang/Void;+11
j  java.awt.EventQueue$4.run()Ljava/lang/Object;+1
v  ~StubRoutines::call_stub
J 486  java.security.AccessController.doPrivileged(Ljava/security/PrivilegedAction;Ljava/security/AccessControlContext;)Ljava/lang/Object; (0 bytes) @ 0x0314f787 [0x0314f720+0x67]
J 1640 C1 java.awt.EventQueue.dispatchEvent(Ljava/awt/AWTEvent;)V (80 bytes) @ 0x03305f70 [0x03305c00+0x370]
J 1573 C1 java.awt.EventDispatchThread.pumpOneEventForFilters(I)V (295 bytes) @ 0x032ec44c [0x032ebd50+0x6fc]
j  java.awt.EventDispatchThread.pumpEventsForFilter(ILjava/awt/Conditional;Ljava/awt/EventFilter;)V+35
j  java.awt.EventDispatchThread.pumpEventsForHierarchy(ILjava/awt/Conditional;Ljava/awt/Component;)V+11
j  java.awt.EventDispatchThread.pumpEvents(ILjava/awt/Conditional;)V+4
j  java.awt.EventDispatchThread.pumpEvents(Ljava/awt/Conditional;)V+3
j  java.awt.EventDispatchThread.run()V+9
v  ~StubRoutines::call_stub

---------------  P R O C E S S  ---------------

Java Threads: ( => current thread )
  0x16aa9c00 JavaThread "TimerQueue" daemon [_thread_blocked, id=8188, stack(0x18fc0000,0x19010000)]
  0x16aa9800 JavaThread "DestroyJavaVM" [_thread_blocked, id=6612, stack(0x02e40000,0x02e90000)]
  0x169b4800 JavaThread "Swing-Shell" daemon [_thread_blocked, id=3152, stack(0x17fa0000,0x17ff0000)]
  0x1693a400 JavaThread "org.netbeans.modules.debugger.jpda.visual AWT Access Loop" daemon [_thread_blocked, id=8712, stack(0x17930000,0x17980000)]
=>0x168a9400 JavaThread "AWT-EventQueue-0" [_thread_in_native, id=7884, stack(0x178a0000,0x178f0000)]
  0x166d7800 JavaThread "AWT-Windows" daemon [_thread_in_native, id=3272, stack(0x16e70000,0x16ec0000)]
  0x16695c00 JavaThread "AWT-Shutdown" [_thread_blocked, id=1804, stack(0x16de0000,0x16e30000)]
  0x16688000 JavaThread "Java2D Disposer" daemon [_thread_blocked, id=4264, stack(0x16520000,0x16570000)]
  0x156d8800 JavaThread "Service Thread" daemon [_thread_blocked, id=7612, stack(0x15df0000,0x15e40000)]
  0x156b9400 JavaThread "C1 CompilerThread0" daemon [_thread_blocked, id=1312, stack(0x15d60000,0x15db0000)]
  0x156b1800 JavaThread "JDWP Command Reader" daemon [_thread_in_native, id=6240, stack(0x15cd0000,0x15d20000)]
  0x156aec00 JavaThread "JDWP Event Helper Thread" daemon [_thread_blocked, id=1132, stack(0x15c40000,0x15c90000)]
  0x1569c000 JavaThread "JDWP Transport Listener: dt_socket" daemon [_thread_blocked, id=4156, stack(0x15bb0000,0x15c00000)]
  0x156a0800 JavaThread "Attach Listener" daemon [_thread_blocked, id=8824, stack(0x15b20000,0x15b70000)]
  0x1569dc00 JavaThread "Signal Dispatcher" daemon [_thread_blocked, id=5220, stack(0x15a90000,0x15ae0000)]
  0x1567f000 JavaThread "Finalizer" daemon [_thread_blocked, id=7288, stack(0x158f0000,0x15940000)]
  0x15669000 JavaThread "Reference Handler" daemon [_thread_blocked, id=11212, stack(0x15860000,0x158b0000)]

Other Threads:
  0x15663800 VMThread [stack: 0x05150000,0x051a0000] [id=10460]
  0x156de800 WatcherThread [stack: 0x15f90000,0x15fe0000] [id=3944]

VM state:not at safepoint (normal execution)

VM Mutex/Monitor currently owned by a thread: None

Heap:
 def new generation   total 78656K, used 6879K [0x05200000, 0x0a750000, 0x0a750000)
  eden space 69952K,   1% used [0x05200000, 0x05354218, 0x09650000)
  from space 8704K,  63% used [0x09ed0000, 0x0a433a10, 0x0a750000)
  to   space 8704K,   0% used [0x09650000, 0x09650000, 0x09ed0000)
 tenured generation   total 174784K, used 142793K [0x0a750000, 0x15200000, 0x15200000)
   the space 174784K,  81% used [0x0a750000, 0x132c26c8, 0x132c2800, 0x15200000)
 Metaspace       used 13857K, capacity 14084K, committed 14336K, reserved 14720K

Card table byte_map: [0x05060000,0x050f0000] byte_map_base: 0x05037000

Polling page: 0x012e0000

CodeCache: size=32768Kb used=3242Kb max_used=3242Kb free=29525Kb
 bounds [0x02fe0000, 0x03310000, 0x04fe0000]
 total_blobs=1912 nmethods=1650 adapters=200
 compilation: enabled

Compilation events (10 events):
Event: 64.802 Thread 0x156b9400 1672             javax.swing.JLabel::getDisplayedMnemonic (5 bytes)
Event: 64.802 Thread 0x156b9400 nmethod 1672 0x03218148 code [0x03218240, 0x032182c0]
Event: 64.910 Thread 0x156b9400 1673             sun.java2d.windows.GDIWindowSurfaceData::getBounds (20 bytes)
Event: 64.911 Thread 0x156b9400 nmethod 1673 0x03217d88 code [0x03217e90, 0x03217fdc]
Event: 64.912 Thread 0x156b9400 1674             sun.java2d.windows.GDIWindowSurfaceData::validatePipe (282 bytes)
Event: 64.913 Thread 0x156b9400 nmethod 1674 0x032177c8 code [0x03217900, 0x03217c40]
Event: 64.913 Thread 0x156b9400 1675             sun.java2d.windows.GDIWindowSurfaceData::getRenderLoops (31 bytes)
Event: 64.913 Thread 0x156b9400 nmethod 1675 0x03217548 code [0x03217650, 0x0321771c]
Event: 64.926 Thread 0x156b9400 1676             java.awt.Rectangle::getSize (16 bytes)
Event: 64.926 Thread 0x156b9400 nmethod 1676 0x03217308 code [0x03217400, 0x032174c0]

GC Heap History (10 events):
Event: 2.522 GC heap before
{Heap before GC invocations=13 (full 4):
 def new generation   total 44224K, used 29228K [0x05200000, 0x081f0000, 0x0a750000)
  eden space 39360K,  74% used [0x05200000, 0x06e84680, 0x07870000)
  from space 4864K,   0% used [0x07d30000, 0x07d36ae8, 0x081f0000)
  to   space 4864K,   0% used [0x07870000, 0x07870000, 0x07d30000)
 tenured generation   total 98056K, used 73232K [0x0a750000, 0x10712000, 0x15200000)
   the space 98056K,  74% used [0x0a750000, 0x0eed4398, 0x0eed4400, 0x10712000)
 Metaspace       used 4586K, capacity 4745K, committed 4864K, reserved 5504K
Event: 2.533 GC heap after
Heap after GC invocations=14 (full 4):
 def new generation   total 44224K, used 27K [0x05200000, 0x081f0000, 0x0a750000)
  eden space 39360K,   0% used [0x05200000, 0x05200000, 0x07870000)
  from space 4864K,   0% used [0x07870000, 0x07876c60, 0x07d30000)
  to   space 4864K,   0% used [0x07d30000, 0x07d30000, 0x081f0000)
 tenured generation   total 98056K, used 87632K [0x0a750000, 0x10712000, 0x15200000)
   the space 98056K,  89% used [0x0a750000, 0x0fce43a8, 0x0fce4400, 0x10712000)
 Metaspace       used 4586K, capacity 4745K, committed 4864K, reserved 5504K
}
Event: 2.633 GC heap before
{Heap before GC invocations=14 (full 4):
 def new generation   total 44224K, used 29215K [0x05200000, 0x081f0000, 0x0a750000)
  eden space 39360K,  74% used [0x05200000, 0x06e80fb8, 0x07870000)
  from space 4864K,   0% used [0x07870000, 0x07876c60, 0x07d30000)
  to   space 4864K,   0% used [0x07d30000, 0x07d30000, 0x081f0000)
 tenured generation   total 98056K, used 87632K [0x0a750000, 0x10712000, 0x15200000)
   the space 98056K,  89% used [0x0a750000, 0x0fce43a8, 0x0fce4400, 0x10712000)
 Metaspace       used 4586K, capacity 4745K, committed 4864K, reserved 5504K
Event: 2.648 GC heap after
Heap after GC invocations=15 (full 5):
 def new generation   total 76608K, used 0K [0x05200000, 0x0a510000, 0x0a750000)
  eden space 68160K,   0% used [0x05200000, 0x05200000, 0x09490000)
  from space 8448K,   0% used [0x09490000, 0x09490000, 0x09cd0000)
  to   space 8448K,   0% used [0x09cd0000, 0x09cd0000, 0x0a510000)
 tenured generation   total 170104K, used 102060K [0x0a750000, 0x14d6e000, 0x15200000)
   the space 170104K,  59% used [0x0a750000, 0x10afb1b8, 0x10afb200, 0x14d6e000)
 Metaspace       used 4586K, capacity 4745K, committed 4864K, reserved 5504K
}
Event: 4.872 GC heap before
{Heap before GC invocations=15 (full 5):
 def new generation   total 76608K, used 68160K [0x05200000, 0x0a510000, 0x0a750000)
  eden space 68160K, 100% used [0x05200000, 0x09490000, 0x09490000)
  from space 8448K,   0% used [0x09490000, 0x09490000, 0x09cd0000)
  to   space 8448K,   0% used [0x09cd0000, 0x09cd0000, 0x0a510000)
 tenured generation   total 170104K, used 102060K [0x0a750000, 0x14d6e000, 0x15200000)
   the space 170104K,  59% used [0x0a750000, 0x10afb1b8, 0x10afb200, 0x14d6e000)
 Metaspace       used 8900K, capacity 9091K, committed 9216K, reserved 9600K
Event: 4.901 GC heap after
Heap after GC invocations=16 (full 5):
 def new generation   total 76608K, used 1519K [0x05200000, 0x0a510000, 0x0a750000)
  eden space 68160K,   0% used [0x05200000, 0x05200000, 0x09490000)
  from space 8448K,  17% used [0x09cd0000, 0x09e4bda0, 0x0a510000)
  to   space 8448K,   0% used [0x09490000, 0x09490000, 0x09cd0000)
 tenured generation   total 170104K, used 130860K [0x0a750000, 0x14d6e000, 0x15200000)
   the space 170104K,  76% used [0x0a750000, 0x1271b1d8, 0x1271b200, 0x14d6e000)
 Metaspace       used 8900K, capacity 9091K, committed 9216K, reserved 9600K
}
Event: 12.487 GC heap before
{Heap before GC invocations=16 (full 5):
 def new generation   total 76608K, used 47270K [0x05200000, 0x0a510000, 0x0a750000)
  eden space 68160K,  67% used [0x05200000, 0x07eadd98, 0x09490000)
  from space 8448K,  17% used [0x09cd0000, 0x09e4bda0, 0x0a510000)
  to   space 8448K,   0% used [0x09490000, 0x09490000, 0x09cd0000)
 tenured generation   total 170104K, used 130860K [0x0a750000, 0x14d6e000, 0x15200000)
   the space 170104K,  76% used [0x0a750000, 0x1271b1d8, 0x1271b200, 0x14d6e000)
 Metaspace       used 11970K, capacity 12166K, committed 12288K, reserved 12672K
Event: 12.521 GC heap after
Heap after GC invocations=17 (full 6):
 def new generation   total 78656K, used 0K [0x05200000, 0x0a750000, 0x0a750000)
  eden space 69952K,   0% used [0x05200000, 0x05200000, 0x09650000)
  from space 8704K,   0% used [0x09650000, 0x09650000, 0x09ed0000)
  to   space 8704K,   0% used [0x09ed0000, 0x09ed0000, 0x0a750000)
 tenured generation   total 174784K, used 142793K [0x0a750000, 0x15200000, 0x15200000)
   the space 174784K,  81% used [0x0a750000, 0x132c26c8, 0x132c2800, 0x15200000)
 Metaspace       used 11970K, capacity 12166K, committed 12288K, reserved 12672K
}
Event: 64.663 GC heap before
{Heap before GC invocations=17 (full 6):
 def new generation   total 78656K, used 69952K [0x05200000, 0x0a750000, 0x0a750000)
  eden space 69952K, 100% used [0x05200000, 0x09650000, 0x09650000)
  from space 8704K,   0% used [0x09650000, 0x09650000, 0x09ed0000)
  to   space 8704K,   0% used [0x09ed0000, 0x09ed0000, 0x0a750000)
 tenured generation   total 174784K, used 142793K [0x0a750000, 0x15200000, 0x15200000)
   the space 174784K,  81% used [0x0a750000, 0x132c26c8, 0x132c2800, 0x15200000)
 Metaspace       used 13857K, capacity 14084K, committed 14336K, reserved 14720K
Event: 64.673 GC heap after
Heap after GC invocations=18 (full 6):
 def new generation   total 78656K, used 5518K [0x05200000, 0x0a750000, 0x0a750000)
  eden space 69952K,   0% used [0x05200000, 0x05200000, 0x09650000)
  from space 8704K,  63% used [0x09ed0000, 0x0a433a10, 0x0a750000)
  to   space 8704K,   0% used [0x09650000, 0x09650000, 0x09ed0000)
 tenured generation   total 174784K, used 142793K [0x0a750000, 0x15200000, 0x15200000)
   the space 174784K,  81% used [0x0a750000, 0x132c26c8, 0x132c2800, 0x15200000)
 Metaspace       used 13857K, capacity 14084K, committed 14336K, reserved 14720K
}

Deoptimization events (0 events):
No events

Internal exceptions (10 events):
Event: 9.502 Thread 0x02e92400 Exception <a 'java/io/FileNotFoundException'> (0x060e0cc8) thrown at [C:\workspace\8-2-build-windows-i586-cygwin\jdk8u144\9417\hotspot\src\share\vm\prims\jni.cpp, line 709]
Event: 9.504 Thread 0x02e92400 Exception <a 'java/io/FileNotFoundException'> (0x060ed148) thrown at [C:\workspace\8-2-build-windows-i586-cygwin\jdk8u144\9417\hotspot\src\share\vm\prims\jni.cpp, line 709]
Event: 9.504 Thread 0x02e92400 Exception <a 'java/io/FileNotFoundException'> (0x060f2b40) thrown at [C:\workspace\8-2-build-windows-i586-cygwin\jdk8u144\9417\hotspot\src\share\vm\prims\jni.cpp, line 709]
Event: 9.505 Thread 0x02e92400 Exception <a 'java/io/FileNotFoundException'> (0x060ff248) thrown at [C:\workspace\8-2-build-windows-i586-cygwin\jdk8u144\9417\hotspot\src\share\vm\prims\jni.cpp, line 709]
Event: 9.506 Thread 0x02e92400 Exception <a 'java/io/FileNotFoundException'> (0x06100578) thrown at [C:\workspace\8-2-build-windows-i586-cygwin\jdk8u144\9417\hotspot\src\share\vm\prims\jni.cpp, line 709]
Event: 9.507 Thread 0x02e92400 Exception <a 'java/io/FileNotFoundException'> (0x06109948) thrown at [C:\workspace\8-2-build-windows-i586-cygwin\jdk8u144\9417\hotspot\src\share\vm\prims\jni.cpp, line 709]
Event: 9.508 Thread 0x02e92400 Exception <a 'java/io/FileNotFoundException'> (0x06114e80) thrown at [C:\workspace\8-2-build-windows-i586-cygwin\jdk8u144\9417\hotspot\src\share\vm\prims\jni.cpp, line 709]
Event: 9.512 Thread 0x02e92400 Exception <a 'java/io/FileNotFoundException'> (0x06139598) thrown at [C:\workspace\8-2-build-windows-i586-cygwin\jdk8u144\9417\hotspot\src\share\vm\prims\jni.cpp, line 709]
Event: 10.389 Thread 0x168a9400 Implicit null exception at 0x031e7e4a to 0x031e990a
Event: 10.389 Thread 0x168a9400 Implicit null exception at 0x031e7e4a to 0x031e990a

Events (10 events):
Event: 65.349 Executing VM operation: GetOrSetLocal
Event: 65.349 Executing VM operation: GetOrSetLocal done
Event: 65.349 Executing VM operation: GetOrSetLocal
Event: 65.349 Executing VM operation: GetOrSetLocal done
Event: 65.349 Executing VM operation: GetOrSetLocal
Event: 65.349 Executing VM operation: GetOrSetLocal done
Event: 65.350 Executing VM operation: GetOrSetLocal
Event: 65.350 Executing VM operation: GetOrSetLocal done
Event: 65.352 Executing VM operation: GetOrSetLocal
Event: 65.352 Executing VM operation: GetOrSetLocal done


Dynamic libraries:
0x008e0000 - 0x00913000 	C:\Program Files (x86)\Java\jdk1.8.0_144\bin\java.exe
0x77120000 - 0x772b0000 	C:\WINDOWS\SYSTEM32\ntdll.dll
0x74b50000 - 0x74c30000 	C:\WINDOWS\System32\KERNEL32.DLL
0x74900000 - 0x74ae4000 	C:\WINDOWS\System32\KERNELBASE.dll
0x6f9a0000 - 0x6fa3d000 	C:\WINDOWS\SYSTEM32\apphelp.dll
0x75720000 - 0x75798000 	C:\WINDOWS\System32\ADVAPI32.dll
0x745a0000 - 0x7465f000 	C:\WINDOWS\System32\msvcrt.dll
0x757f0000 - 0x75834000 	C:\WINDOWS\System32\sechost.dll
0x75500000 - 0x755c0000 	C:\WINDOWS\System32\RPCRT4.dll
0x739e0000 - 0x73a00000 	C:\WINDOWS\System32\SspiCli.dll
0x739d0000 - 0x739da000 	C:\WINDOWS\System32\CRYPTBASE.dll
0x74af0000 - 0x74b48000 	C:\WINDOWS\System32\bcryptPrimitives.dll
0x74320000 - 0x744ad000 	C:\WINDOWS\System32\USER32.dll
0x75c70000 - 0x75c87000 	C:\WINDOWS\System32\win32u.dll
0x758d0000 - 0x758f2000 	C:\WINDOWS\System32\GDI32.dll
0x75a70000 - 0x75bd4000 	C:\WINDOWS\System32\gdi32full.dll
0x759f0000 - 0x75a6d000 	C:\WINDOWS\System32\msvcp_win.dll
0x73bb0000 - 0x73ccd000 	C:\WINDOWS\System32\ucrtbase.dll
0x6d350000 - 0x6d554000 	C:\WINDOWS\WinSxS\x86_microsoft.windows.common-controls_6595b64144ccf1df_6.0.17134.706_none_42f0d9a244e0990d\COMCTL32.dll
0x74c30000 - 0x74e8c000 	C:\WINDOWS\System32\combase.dll
0x757c0000 - 0x757e6000 	C:\WINDOWS\System32\IMM32.DLL
0x6d8d0000 - 0x6d98f000 	C:\Program Files (x86)\Java\jdk1.8.0_144\jre\bin\msvcr100.dll
0x6cd70000 - 0x6d13e000 	C:\Program Files (x86)\Java\jdk1.8.0_144\jre\bin\client\jvm.dll
0x74590000 - 0x74596000 	C:\WINDOWS\System32\PSAPI.DLL
0x70880000 - 0x70888000 	C:\WINDOWS\SYSTEM32\WSOCK32.dll
0x739c0000 - 0x739c8000 	C:\WINDOWS\SYSTEM32\VERSION.dll
0x71060000 - 0x71084000 	C:\WINDOWS\SYSTEM32\WINMM.dll
0x744b0000 - 0x74517000 	C:\WINDOWS\System32\WS2_32.dll
0x70850000 - 0x70873000 	C:\WINDOWS\SYSTEM32\winmmbase.dll
0x74720000 - 0x74759000 	C:\WINDOWS\System32\cfgmgr32.dll
0x6f100000 - 0x6f10c000 	C:\Program Files (x86)\Java\jdk1.8.0_144\jre\bin\verify.dll
0x6d8a0000 - 0x6d8c1000 	C:\Program Files (x86)\Java\jdk1.8.0_144\jre\bin\java.dll
0x6d320000 - 0x6d34a000 	C:\Program Files (x86)\Java\jdk1.8.0_144\jre\bin\jdwp.dll
0x6d850000 - 0x6d857000 	C:\Program Files (x86)\Java\jdk1.8.0_144\jre\bin\npt.dll
0x6d880000 - 0x6d893000 	C:\Program Files (x86)\Java\jdk1.8.0_144\jre\bin\zip.dll
0x75c90000 - 0x76fda000 	C:\WINDOWS\System32\SHELL32.dll
0x75be0000 - 0x75c68000 	C:\WINDOWS\System32\shcore.dll
0x73cd0000 - 0x7428a000 	C:\WINDOWS\System32\windows.storage.dll
0x75450000 - 0x75495000 	C:\WINDOWS\System32\shlwapi.dll
0x74580000 - 0x7458f000 	C:\WINDOWS\System32\kernel.appcore.dll
0x757a0000 - 0x757b8000 	C:\WINDOWS\System32\profapi.dll
0x76fe0000 - 0x77025000 	C:\WINDOWS\System32\powrprof.dll
0x759e0000 - 0x759e8000 	C:\WINDOWS\System32\FLTLIB.DLL
0x6d840000 - 0x6d848000 	C:\Program Files (x86)\Java\jdk1.8.0_144\jre\bin\dt_socket.dll
0x70fc0000 - 0x71016000 	C:\WINDOWS\system32\mswsock.dll
0x6cc20000 - 0x6cd65000 	C:\Program Files (x86)\Java\jdk1.8.0_144\jre\bin\awt.dll
0x73b00000 - 0x73b96000 	C:\WINDOWS\System32\OLEAUT32.dll
0x6d2f0000 - 0x6d316000 	C:\Program Files (x86)\Java\jdk1.8.0_144\jre\bin\jpeg.dll
0x6da50000 - 0x6dacc000 	C:\WINDOWS\system32\uxtheme.dll
0x755d0000 - 0x75713000 	C:\WINDOWS\System32\MSCTF.dll
0x6da20000 - 0x6da43000 	C:\WINDOWS\system32\dwmapi.dll
0x73a00000 - 0x73afc000 	C:\WINDOWS\System32\ole32.dll
0x6d210000 - 0x6d2e9000 	C:\WINDOWS\system32\opengl32.dll
0x6cbe0000 - 0x6cc1f000 	C:\WINDOWS\SYSTEM32\GLU32.dll
0x6cba0000 - 0x6cbd9000 	C:\Program Files (x86)\Java\jdk1.8.0_144\jre\bin\fontmanager.dll
0x6d860000 - 0x6d876000 	C:\Program Files (x86)\Java\jdk1.8.0_144\jre\bin\net.dll
0x6eed0000 - 0x6eedf000 	C:\Program Files (x86)\Java\jdk1.8.0_144\jre\bin\nio.dll
0x6cb60000 - 0x6cb92000 	C:\Program Files (x86)\Java\jdk1.8.0_144\jre\bin\t2k.dll
0x6cad0000 - 0x6cb5f000 	C:\WINDOWS\WinSxS\x86_microsoft.windows.common-controls_6595b64144ccf1df_5.82.17134.706_none_40fb64164515a358\comctl32.dll
0x75840000 - 0x758c3000 	C:\WINDOWS\System32\clbcatq.dll
0x6ef80000 - 0x6f100000 	C:\WINDOWS\system32\propsys.dll
0x6c9a0000 - 0x6cac4000 	C:\WINDOWS\system32\NetworkExplorer.dll
0x6c100000 - 0x6c428000 	C:\Windows\System32\OneCoreUAPCommonProxyStub.dll
0x6bf80000 - 0x6c0f1000 	C:\WINDOWS\SYSTEM32\WindowsCodecs.dll
0x6c950000 - 0x6c99a000 	C:\Windows\System32\thumbcache.dll
0x6c8e0000 - 0x6c94d000 	C:\WINDOWS\SYSTEM32\policymanager.dll
0x6c870000 - 0x6c8d7000 	C:\WINDOWS\SYSTEM32\msvcp110_win.dll
0x708c0000 - 0x708d8000 	C:\WINDOWS\SYSTEM32\MPR.dll
0x6d200000 - 0x6d209000 	C:\WINDOWS\System32\drprov.dll
0x6bf30000 - 0x6bf72000 	C:\WINDOWS\System32\WINSTA.dll
0x6bf10000 - 0x6bf22000 	C:\WINDOWS\System32\ntlanman.dll
0x6bef0000 - 0x6bf09000 	C:\WINDOWS\System32\davclnt.dll
0x6d1f0000 - 0x6d1fa000 	C:\WINDOWS\System32\DAVHLPR.dll
0x6c860000 - 0x6c870000 	C:\WINDOWS\System32\wkscli.dll
0x72600000 - 0x72619000 	C:\WINDOWS\System32\bcrypt.dll
0x6bee0000 - 0x6beef000 	C:\WINDOWS\SYSTEM32\cscapi.dll
0x6f4e0000 - 0x6f4eb000 	C:\WINDOWS\System32\netutils.dll
0x6bea0000 - 0x6bee0000 	C:\Windows\System32\dlnashext.dll
0x6be50000 - 0x6be9d000 	C:\Windows\System32\PlayToDevice.dll
0x6be30000 - 0x6be4a000 	C:\Windows\System32\DevDispItemProvider.dll
0x6bdd0000 - 0x6be2c000 	C:\WINDOWS\System32\MMDevApi.dll
0x70820000 - 0x70842000 	C:\WINDOWS\System32\DEVOBJ.dll
0x6bbf0000 - 0x6bdc5000 	C:\WINDOWS\system32\wpdshext.dll
0x6ea70000 - 0x6ebdb000 	C:\WINDOWS\WinSxS\x86_microsoft.windows.gdiplus_6595b64144ccf1df_1.1.17134.706_none_73dbcc879f7312db\gdiplus.dll
0x6bb60000 - 0x6bbe6000 	C:\Windows\System32\PortableDeviceApi.dll
0x75020000 - 0x7544b000 	C:\WINDOWS\System32\SETUPAPI.dll
0x746c0000 - 0x74707000 	C:\WINDOWS\System32\WINTRUST.dll
0x74710000 - 0x7471e000 	C:\WINDOWS\System32\MSASN1.dll
0x74760000 - 0x748f6000 	C:\WINDOWS\System32\CRYPT32.dll
0x6bb10000 - 0x6bb51000 	C:\WINDOWS\system32\audiodev.dll
0x6b8f0000 - 0x6bb0d000 	C:\WINDOWS\system32\WMVCore.DLL
0x6b8b0000 - 0x6b8ef000 	C:\WINDOWS\system32\WMASF.DLL
0x6b7a0000 - 0x6b8a6000 	C:\WINDOWS\system32\mfperfhelper.dll
0x6b790000 - 0x6b79b000 	C:\WINDOWS\SYSTEM32\LINKINFO.dll
0x6f6c0000 - 0x6f6ca000 	C:\WINDOWS\SYSTEM32\Secur32.dll
0x6b770000 - 0x6b785000 	C:\WINDOWS\SYSTEM32\samcli.dll
0x6b750000 - 0x6b769000 	C:\WINDOWS\SYSTEM32\SAMLIB.dll
0x6b700000 - 0x6b74f000 	C:\WINDOWS\system32\dataexchange.dll
0x6b4a0000 - 0x6b6f2000 	C:\WINDOWS\system32\d3d11.dll
0x6b360000 - 0x6b49c000 	C:\WINDOWS\system32\dcomp.dll
0x6b2c0000 - 0x6b358000 	C:\WINDOWS\system32\dxgi.dll
0x6b150000 - 0x6b2b5000 	C:\WINDOWS\system32\twinapi.appcore.dll
0x6b120000 - 0x6b141000 	C:\WINDOWS\system32\RMCLIENT.dll
0x6b0a0000 - 0x6b11d000 	C:\WINDOWS\System32\TextInputFramework.dll
0x6c430000 - 0x6c4bb000 	C:\WINDOWS\System32\CoreMessaging.dll
0x6c4c0000 - 0x6c71d000 	C:\WINDOWS\System32\CoreUIComponents.dll
0x72830000 - 0x72859000 	C:\WINDOWS\SYSTEM32\ntmarta.dll
0x6c720000 - 0x6c7f6000 	C:\WINDOWS\SYSTEM32\wintypes.dll
0x6b070000 - 0x6b094000 	C:\Program Files (x86)\Java\jdk1.8.0_144\jre\bin\dcpr.dll
0x6b050000 - 0x6b065000 	C:\Program Files (x86)\Java\jdk1.8.0_144\bin\java_mesh.dll
0x6af50000 - 0x6b04d000 	C:\Program Files (x86)\Java\jdk1.8.0_144\bin\sptmesh.dll
0x6f120000 - 0x6f190000 	C:\WINDOWS\SYSTEM32\MSVCP140.dll
0x72f50000 - 0x72f64000 	C:\WINDOWS\SYSTEM32\VCRUNTIME140.dll
0x6a410000 - 0x6a56d000 	C:\Program Files (x86)\Java\jdk1.8.0_144\bin\blas_win32_MT.dll
0x75000000 - 0x75019000 	C:\WINDOWS\System32\imagehlp.dll
0x6a2d0000 - 0x6a40d000 	C:\Program Files (x86)\Java\jdk1.8.0_144\bin\mesquite.dll
0x6ad90000 - 0x6af44000 	C:\Program Files (x86)\Java\jdk1.8.0_144\bin\geos_c.dll
0x6a2c0000 - 0x6a2cc000 	C:\Program Files (x86)\Java\jdk1.8.0_144\bin\Microsoft.VisualStudio.TestTools.CppUnitTestFramework.dll
0x6a570000 - 0x6ad88000 	C:\Program Files (x86)\Java\jdk1.8.0_144\bin\lapack_win32_MT.dll
0x6a250000 - 0x6a2b9000 	C:\WINDOWS\SYSTEM32\MSVCP100.dll
0x6f330000 - 0x6f4b2000 	C:\WINDOWS\SYSTEM32\dbghelp.dll

VM Arguments:
jvm_args: -agentlib:jdwp=transport=dt_socket,server=n,address=54814 
java_command: org.locationtech.jtstest.testbuilder.JTSTestBuilder
java_class_path (initial): C:\Users\bjpsi\Desktop\Investigacao\JTS-testing\modules\app\target\classes;C:\Users\bjpsi\Desktop\Investigacao\JTS-testing\modules\core\target\classes;C:\Users\bjpsi\.m2\repository\org\locationtech\jts\jts-tests\1.16.1-SNAPSHOT\jts-tests-1.16.1-SNAPSHOT.jar;C:\Users\bjpsi\.m2\repository\org\apache\commons\commons-lang3\3.7\commons-lang3-3.7.jar;C:\Users\bjpsi\Desktop\Investigacao\JTS-testing\modules\io\common\target\classes;C:\Users\bjpsi\.m2\repository\com\googlecode\json-simple\json-simple\1.1.1\json-simple-1.1.1.jar;C:\Users\bjpsi\.m2\repository\org\jdom\jdom2\2.0.6\jdom2-2.0.6.jar;C:\Users\bjpsi\.m2\repository\org\jdesktop\beansbinding\1.2.1\beansbinding-1.2.1.jar;C:\Users\bjpsi\.m2\repository\org\geotools\gt-shapefile\22-SNAPSHOT\gt-shapefile-22-SNAPSHOT.jar;C:\Users\bjpsi\.m2\repository\org\geotools\gt-main\22-SNAPSHOT\gt-main-22-SNAPSHOT.jar;C:\Users\bjpsi\.m2\repository\org\apache\commons\commons-text\1.6\commons-text-1.6.jar;C:\Users\bjpsi\.m2\repository\com\fasterxml\jackson\core\jackson-core\2.9.7\jackson-core-2.9.7.jar;C:\Users\bjpsi\.m2\repository\javax\media\jai_core\1.1.3\jai_core-1.1.3.jar;C:\Users\bjpsi\.m2\repository\org\geotools\gt-swing\22-SNAPSHOT\gt-swing-22-SNAPSHOT.jar;C:\Users\bjpsi\.m2\repository\org\geotools\gt-referencing\22-SNAPSHOT\gt-referencing-22-SNAPSHOT.jar;C:\Users\bjpsi\.m2\repository\org\ejml\ejml-ddense\0.34\ejml-ddense-0.34.jar;C:\Users\bjpsi\.m2\repository\org\ejml\ejml-core\0.34\ejml-core-0.34.jar;C:\Users\bjpsi\.m2\repository\commons-pool\commons-pool\1.5.4\commons-pool-1.5.4.jar;C:\Users\bjpsi\.m2\repository\org\geotools\gt-metadata\22-SNAPSHOT\gt-metadata-22-SNAPSHOT.jar;C:\Users\bjpsi\.m2\repository\org\geotools\gt-opengis\22-SNAPSHOT\gt-opengis-22-SNAPSHOT.jar;C:\Users\bjpsi\.m2\repository\systems\uom\systems-common-java8\0.7.2\systems-common-java8-0.7.2.jar;C:\Users\bjpsi\.m2\repository\tec\uom\uom-se\1.0.8\uom-se-1.0.8.jar;C:\Users\bjpsi\.m2\repository\javax\measure\unit-api\1.0\unit-api-1
Launcher Type: SUN_STANDARD

Environment Variables:
JAVA_HOME=C:\Program Files (x86)\Java\jdk1.8.0_144
PATH=C:\Python27\;C:\Python27\Scripts;C:\ProgramData\Oracle\Java\javapath;C:\WINDOWS\system32;C:\WINDOWS;C:\WINDOWS\System32\Wbem;C:\WINDOWS\System32\WindowsPowerShell\v1.0\;C:\Program Files (x86)\apache-maven-3.5.0\bin;C:\Program Files\Git\cmd;C:\Program Files (x86)\GtkSharp\2.12\bin;C:\Program Files\dotnet\;C:\Program Files\Microsoft SQL Server\130\Tools\Binn\;C:\Program Files (x86)\Windows Live\Shared;C:\WINDOWS\System32\OpenSSH\;C:\Program Files\PuTTY\;C:\Program Files (x86)\NVIDIA Corporation\PhysX\Common;C:\Program Files\nodejs\;C:\Users\bjpsi\AppData\Local\Programs\Python\Python37-32\Scripts\;C:\Users\bjpsi\AppData\Local\Programs\Python\Python37-32\;C:\Users\bjpsi\AppData\Local\Microsoft\WindowsApps;C:\Users\bjpsi\AppData\Roaming\npm;C:\Users\bjpsi\AppData\Local\Programs\Microsoft VS Code\bin
USERNAME=Bruno Silva
OS=Windows_NT
PROCESSOR_IDENTIFIER=Intel64 Family 6 Model 61 Stepping 4, GenuineIntel



---------------  S Y S T E M  ---------------

OS: Windows 10.0 , 64 bit Build 17134 (10.0.17134.706)

CPU:total 4 (initial active 4) (2 cores per cpu, 2 threads per core) family 6 model 61 stepping 4, cmov, cx8, fxsr, mmx, sse, sse2, sse3, ssse3, sse4.1, sse4.2, popcnt, avx, avx2, aes, clmul, erms, 3dnowpref, lzcnt, ht, tsc, tscinvbit, bmi1, bmi2, adx

Memory: 4k page, physical 6188508k(1956544k free), swap 12479964k(7290628k free)

vm_info: Java HotSpot(TM) Client VM (25.144-b01) for windows-x86 JRE (1.8.0_144-b01), built on Jul 21 2017 21:58:05 by "java_re" with MS VC++ 10.0 (VS2010)

time: Fri Apr 26 12:27:42 2019
elapsed time: 72 seconds (0d 0h 1m 12s)

