#
# A fatal error has been detected by the Java Runtime Environment:
#
#  EXCEPTION_UNCAUGHT_CXX_EXCEPTION (0xe06d7363) at pc=0x757e18a2, pid=15672, tid=0x00000488
#
# JRE version: Java(TM) SE Runtime Environment (8.0_144-b01) (build 1.8.0_144-b01)
# Java VM: Java HotSpot(TM) Client VM (25.144-b01 mixed mode, sharing windows-x86 )
# Problematic frame:
# C  [KERNELBASE.dll+0x1118a2]
#
# Failed to write core dump. Minidumps are not enabled by default on client versions of Windows
#
# If you would like to submit a bug report, please visit:
#   http://bugreport.java.com/bugreport/crash.jsp
# The crash happened outside the Java Virtual Machine in native code.
# See problematic frame for where to report the bug.
#

---------------  T H R E A D  ---------------

Current thread (0x16a94400):  JavaThread "AWT-EventQueue-0" [_thread_in_native, id=1160, stack(0x17330000,0x17380000)]

siginfo: ExceptionCode=0xe06d7363, ExceptionInformation=0x19930520 0x1737e384 0x6f6716ec 

Registers:
EAX=0x1737e2a0, EBX=0x1737e384, ECX=0x00000003, EDX=0x00000000
ESP=0x1737e2a0, EBP=0x1737e2fc, ESI=0x71cc1538, EDI=0x6f6716ec
EIP=0x757e18a2, EFLAGS=0x00000216

Top of Stack: (sp=0x1737e2a0)
0x1737e2a0:   e06d7363 00000001 00000000 757e18a2
0x1737e2b0:   00000003 19930520 1737e384 6f6716ec
0x1737e2c0:   6f5b2347 1737e304 1737e3d8 00000000
0x1737e2d0:   1737e344 6f653eb0 1737e390 1737e304
0x1737e2e0:   1737e3d8 1737e304 1737e31c 6f6665a8
0x1737e2f0:   9a3c9d6c 7ca634de 6f653f00 1737e340
0x1737e300:   71cc4796 e06d7363 00000001 00000003
0x1737e310:   1737e334 180a89c8 0000000c 023f7528 

Instructions: (pc=0x757e18a2)
0x757e1882:   89 44 24 10 c1 e0 02 50 51 8d 44 24 1c 50 e8 3f
0x757e1892:   85 00 00 83 c4 0c 8d 04 24 50 ff 15 9c 33 88 75
0x757e18a2:   8b 4c 24 54 33 cc e8 f3 43 00 00 8b e5 5d c2 10
0x757e18b2:   00 83 64 24 10 00 eb de 6a 0f 58 eb c3 cc cc cc 


Register to memory mapping:

EAX=0x1737e2a0 is pointing into the stack for thread: 0x16a94400
EBX=0x1737e384 is pointing into the stack for thread: 0x16a94400
ECX=0x00000003 is an unknown value
EDX=0x00000000 is an unknown value
ESP=0x1737e2a0 is pointing into the stack for thread: 0x16a94400
EBP=0x1737e2fc is pointing into the stack for thread: 0x16a94400
ESI=0x71cc1538 is an unknown value
EDI=0x6f6716ec is an unknown value


Stack: [0x17330000,0x17380000],  sp=0x1737e2a0,  free space=312k
Native frames: (J=compiled Java code, j=interpreted, Vv=VM code, C=native code)
C  [KERNELBASE.dll+0x1118a2]
C  [VCRUNTIME140.dll+0x4796]
C  [sptmesh.dll+0x55595]
C  [java_mesh.dll+0x4cf6]
C  [java_mesh.dll+0x5168]
j  jni_st_mesh.Main.during_period_poly(DDLjava/lang/String;Ljava/lang/String;DDIIZD)[Ljava/lang/String;+0
j  org.locationtech.jtstest.testbuilder.MorphingGeometryViewerFrame$3.actionPerformed(Ljava/awt/event/ActionEvent;)V+168
j  javax.swing.AbstractButton.fireActionPerformed(Ljava/awt/event/ActionEvent;)V+83
j  javax.swing.AbstractButton$Handler.actionPerformed(Ljava/awt/event/ActionEvent;)V+5
j  javax.swing.DefaultButtonModel.fireActionPerformed(Ljava/awt/event/ActionEvent;)V+34
j  javax.swing.DefaultButtonModel.setPressed(Z)V+117
j  javax.swing.plaf.basic.BasicButtonListener.mouseReleased(Ljava/awt/event/MouseEvent;)V+35
j  java.awt.Component.processMouseEvent(Ljava/awt/event/MouseEvent;)V+64
j  javax.swing.JComponent.processMouseEvent(Ljava/awt/event/MouseEvent;)V+23
J 1666 C1 java.awt.Component.processEvent(Ljava/awt/AWTEvent;)V (220 bytes) @ 0x02719388 [0x02719280+0x108]
J 1542 C1 java.awt.Container.processEvent(Ljava/awt/AWTEvent;)V (22 bytes) @ 0x026e9d18 [0x026e9ca0+0x78]
J 1550 C1 java.awt.Component.dispatchEventImpl(Ljava/awt/AWTEvent;)V (883 bytes) @ 0x026ee7fc [0x026ed7e0+0x101c]
J 1143 C1 java.awt.Container.dispatchEventImpl(Ljava/awt/AWTEvent;)V (129 bytes) @ 0x0265227c [0x02652220+0x5c]
J 916 C1 java.awt.LightweightDispatcher.retargetMouseEvent(Ljava/awt/Component;ILjava/awt/event/MouseEvent;)V (350 bytes) @ 0x0260a760 [0x0260a090+0x6d0]
J 1667 C1 java.awt.LightweightDispatcher.processMouseEvent(Ljava/awt/event/MouseEvent;)Z (286 bytes) @ 0x0271a058 [0x02719be0+0x478]
J 1665 C1 java.awt.LightweightDispatcher.dispatchEvent(Ljava/awt/AWTEvent;)Z (73 bytes) @ 0x02718e9c [0x02718db0+0xec]
J 1143 C1 java.awt.Container.dispatchEventImpl(Ljava/awt/AWTEvent;)V (129 bytes) @ 0x02652260 [0x02652220+0x40]
J 1703 C1 java.awt.Window.dispatchEventImpl(Ljava/awt/AWTEvent;)V (23 bytes) @ 0x02720ec8 [0x02720dc0+0x108]
J 1032 C1 java.awt.EventQueue.dispatchEventImpl(Ljava/awt/AWTEvent;Ljava/lang/Object;)V (149 bytes) @ 0x0262e7dc [0x0262e390+0x44c]
J 1095 C1 java.awt.EventQueue$3.run()Ljava/lang/Void; (60 bytes) @ 0x02644bdc [0x02644b80+0x5c]
J 1094 C1 java.awt.EventQueue$3.run()Ljava/lang/Object; (5 bytes) @ 0x02644960 [0x02644940+0x20]
v  ~StubRoutines::call_stub
V  [jvm.dll+0x15af45]
V  [jvm.dll+0x2213ae]
V  [jvm.dll+0x15afde]
V  [jvm.dll+0x10b2cf]
C  [java.dll+0x102f]
J 1319 C1 java.awt.EventQueue$4.run()Ljava/lang/Object; (5 bytes) @ 0x0268c0d8 [0x0268c010+0xc8]
v  ~StubRoutines::call_stub
V  [jvm.dll+0x15af45]
V  [jvm.dll+0x2213ae]
V  [jvm.dll+0x15afde]
V  [jvm.dll+0x10b2cf]
C  [java.dll+0x102f]
J 1027 C1 java.awt.EventQueue.dispatchEvent(Ljava/awt/AWTEvent;)V (80 bytes) @ 0x0262cd5c [0x0262ca00+0x35c]
J 905 C1 java.awt.EventDispatchThread.pumpOneEventForFilters(I)V (295 bytes) @ 0x02606550 [0x02605ec0+0x690]
j  java.awt.EventDispatchThread.pumpEventsForFilter(ILjava/awt/Conditional;Ljava/awt/EventFilter;)V+35
j  java.awt.EventDispatchThread.pumpEventsForHierarchy(ILjava/awt/Conditional;Ljava/awt/Component;)V+11
j  java.awt.EventDispatchThread.pumpEvents(ILjava/awt/Conditional;)V+4
j  java.awt.EventDispatchThread.pumpEvents(Ljava/awt/Conditional;)V+3
j  java.awt.EventDispatchThread.run()V+9
v  ~StubRoutines::call_stub
V  [jvm.dll+0x15af45]
V  [jvm.dll+0x2213ae]
V  [jvm.dll+0x15afde]
V  [jvm.dll+0x15b166]
V  [jvm.dll+0x15b1d7]
V  [jvm.dll+0xff36f]
V  [jvm.dll+0x17dc30]
V  [jvm.dll+0x17e4aa]
V  [jvm.dll+0x1c2ec6]
C  [msvcr100.dll+0x5c556]
C  [msvcr100.dll+0x5c600]
C  [KERNEL32.DLL+0x18494]
C  [ntdll.dll+0x641c8]
C  [ntdll.dll+0x64198]
C  0x00000000

Java frames: (J=compiled Java code, j=interpreted, Vv=VM code)
j  jni_st_mesh.Main.during_period_poly(DDLjava/lang/String;Ljava/lang/String;DDIIZD)[Ljava/lang/String;+0
j  org.locationtech.jtstest.testbuilder.MorphingGeometryViewerFrame$3.actionPerformed(Ljava/awt/event/ActionEvent;)V+168
j  javax.swing.AbstractButton.fireActionPerformed(Ljava/awt/event/ActionEvent;)V+83
j  javax.swing.AbstractButton$Handler.actionPerformed(Ljava/awt/event/ActionEvent;)V+5
j  javax.swing.DefaultButtonModel.fireActionPerformed(Ljava/awt/event/ActionEvent;)V+34
j  javax.swing.DefaultButtonModel.setPressed(Z)V+117
j  javax.swing.plaf.basic.BasicButtonListener.mouseReleased(Ljava/awt/event/MouseEvent;)V+35
j  java.awt.Component.processMouseEvent(Ljava/awt/event/MouseEvent;)V+64
j  javax.swing.JComponent.processMouseEvent(Ljava/awt/event/MouseEvent;)V+23
J 1666 C1 java.awt.Component.processEvent(Ljava/awt/AWTEvent;)V (220 bytes) @ 0x02719388 [0x02719280+0x108]
J 1542 C1 java.awt.Container.processEvent(Ljava/awt/AWTEvent;)V (22 bytes) @ 0x026e9d18 [0x026e9ca0+0x78]
J 1550 C1 java.awt.Component.dispatchEventImpl(Ljava/awt/AWTEvent;)V (883 bytes) @ 0x026ee7fc [0x026ed7e0+0x101c]
J 1143 C1 java.awt.Container.dispatchEventImpl(Ljava/awt/AWTEvent;)V (129 bytes) @ 0x0265227c [0x02652220+0x5c]
J 916 C1 java.awt.LightweightDispatcher.retargetMouseEvent(Ljava/awt/Component;ILjava/awt/event/MouseEvent;)V (350 bytes) @ 0x0260a760 [0x0260a090+0x6d0]
J 1667 C1 java.awt.LightweightDispatcher.processMouseEvent(Ljava/awt/event/MouseEvent;)Z (286 bytes) @ 0x0271a058 [0x02719be0+0x478]
J 1665 C1 java.awt.LightweightDispatcher.dispatchEvent(Ljava/awt/AWTEvent;)Z (73 bytes) @ 0x02718e9c [0x02718db0+0xec]
J 1143 C1 java.awt.Container.dispatchEventImpl(Ljava/awt/AWTEvent;)V (129 bytes) @ 0x02652260 [0x02652220+0x40]
J 1703 C1 java.awt.Window.dispatchEventImpl(Ljava/awt/AWTEvent;)V (23 bytes) @ 0x02720ec8 [0x02720dc0+0x108]
J 1032 C1 java.awt.EventQueue.dispatchEventImpl(Ljava/awt/AWTEvent;Ljava/lang/Object;)V (149 bytes) @ 0x0262e7dc [0x0262e390+0x44c]
J 1095 C1 java.awt.EventQueue$3.run()Ljava/lang/Void; (60 bytes) @ 0x02644bdc [0x02644b80+0x5c]
J 1094 C1 java.awt.EventQueue$3.run()Ljava/lang/Object; (5 bytes) @ 0x02644960 [0x02644940+0x20]
v  ~StubRoutines::call_stub
J 450  java.security.AccessController.doPrivileged(Ljava/security/PrivilegedAction;Ljava/security/AccessControlContext;)Ljava/lang/Object; (0 bytes) @ 0x02555e07 [0x02555da0+0x67]
J 1319 C1 java.awt.EventQueue$4.run()Ljava/lang/Object; (5 bytes) @ 0x0268c0d8 [0x0268c010+0xc8]
v  ~StubRoutines::call_stub
J 450  java.security.AccessController.doPrivileged(Ljava/security/PrivilegedAction;Ljava/security/AccessControlContext;)Ljava/lang/Object; (0 bytes) @ 0x02555e07 [0x02555da0+0x67]
J 1027 C1 java.awt.EventQueue.dispatchEvent(Ljava/awt/AWTEvent;)V (80 bytes) @ 0x0262cd5c [0x0262ca00+0x35c]
J 905 C1 java.awt.EventDispatchThread.pumpOneEventForFilters(I)V (295 bytes) @ 0x02606550 [0x02605ec0+0x690]
j  java.awt.EventDispatchThread.pumpEventsForFilter(ILjava/awt/Conditional;Ljava/awt/EventFilter;)V+35
j  java.awt.EventDispatchThread.pumpEventsForHierarchy(ILjava/awt/Conditional;Ljava/awt/Component;)V+11
j  java.awt.EventDispatchThread.pumpEvents(ILjava/awt/Conditional;)V+4
j  java.awt.EventDispatchThread.pumpEvents(Ljava/awt/Conditional;)V+3
j  java.awt.EventDispatchThread.run()V+9
v  ~StubRoutines::call_stub

---------------  P R O C E S S  ---------------

Java Threads: ( => current thread )
  0x16bd7c00 JavaThread "TimerQueue" daemon [_thread_blocked, id=13544, stack(0x18730000,0x18780000)]
  0x16bd7800 JavaThread "DestroyJavaVM" [_thread_blocked, id=8124, stack(0x021d0000,0x02220000)]
  0x16afd000 JavaThread "Swing-Shell" daemon [_thread_blocked, id=5988, stack(0x177c0000,0x17810000)]
=>0x16a94400 JavaThread "AWT-EventQueue-0" [_thread_in_native, id=1160, stack(0x17330000,0x17380000)]
  0x161c1400 JavaThread "AWT-Shutdown" [_thread_blocked, id=6648, stack(0x16260000,0x162b0000)]
  0x16214000 JavaThread "AWT-Windows" daemon [_thread_in_native, id=10976, stack(0x163c0000,0x16410000)]
  0x161e9000 JavaThread "Java2D Disposer" daemon [_thread_blocked, id=5560, stack(0x15640000,0x15690000)]
  0x023bf400 JavaThread "Service Thread" daemon [_thread_blocked, id=6996, stack(0x15410000,0x15460000)]
  0x02397000 JavaThread "C1 CompilerThread0" daemon [_thread_blocked, id=13844, stack(0x15380000,0x153d0000)]
  0x02396000 JavaThread "Attach Listener" daemon [_thread_blocked, id=10584, stack(0x152f0000,0x15340000)]
  0x02395000 JavaThread "Signal Dispatcher" daemon [_thread_blocked, id=5352, stack(0x15260000,0x152b0000)]
  0x02389000 JavaThread "Finalizer" daemon [_thread_blocked, id=14912, stack(0x14aa0000,0x14af0000)]
  0x0232c000 JavaThread "Reference Handler" daemon [_thread_blocked, id=10732, stack(0x045b0000,0x04600000)]

Other Threads:
  0x02328400 VMThread [stack: 0x022a0000,0x022f0000] [id=7140]
  0x023d5800 WatcherThread [stack: 0x155b0000,0x15600000] [id=6964]

VM state:not at safepoint (normal execution)

VM Mutex/Monitor currently owned by a thread: None

Heap:
 def new generation   total 78656K, used 2393K [0x04600000, 0x09b50000, 0x09b50000)
  eden space 69952K,   3% used [0x04600000, 0x048566c0, 0x08a50000)
  from space 8704K,   0% used [0x08a50000, 0x08a50000, 0x092d0000)
  to   space 8704K,   0% used [0x092d0000, 0x092d0000, 0x09b50000)
 tenured generation   total 174784K, used 160757K [0x09b50000, 0x14600000, 0x14600000)
   the space 174784K,  91% used [0x09b50000, 0x1384d768, 0x1384d800, 0x14600000)
 Metaspace       used 4411K, capacity 4612K, committed 4736K, reserved 5504K

Card table byte_map: [0x04480000,0x04510000] byte_map_base: 0x0445d000

Polling page: 0x006d0000

CodeCache: size=32768Kb used=3222Kb max_used=3222Kb free=29545Kb
 bounds [0x02400000, 0x02728000, 0x04400000]
 total_blobs=1939 nmethods=1699 adapters=170
 compilation: enabled

Compilation events (10 events):
Event: 65.365 Thread 0x02397000 1715             javax.swing.CellRendererPane::invalidate (1 bytes)
Event: 65.366 Thread 0x02397000 nmethod 1715 0x02723c48 code [0x02723d40, 0x02723dc0]
Event: 66.084 Thread 0x02397000 1716   !         java.awt.Container::mixOnReshaping (163 bytes)
Event: 66.086 Thread 0x02397000 nmethod 1716 0x02723e08 code [0x027240b0, 0x02724a3c]
Event: 66.128 Thread 0x02397000 1717             sun.awt.NullComponentPeer::setFont (1 bytes)
Event: 66.128 Thread 0x02397000 nmethod 1717 0x02725848 code [0x02725940, 0x027259c0]
Event: 66.178 Thread 0x02397000 1718             java.lang.String::equals (81 bytes)
Event: 66.178 Thread 0x02397000 nmethod 1718 0x02725a08 code [0x02725b10, 0x02725c90]
Event: 66.273 Thread 0x02397000 1719             java.lang.String::hashCode (55 bytes)
Event: 66.273 Thread 0x02397000 nmethod 1719 0x02725e08 code [0x02725f00, 0x02725fd0]

GC Heap History (10 events):
Event: 2.843 GC heap before
{Heap before GC invocations=14 (full 4):
 def new generation   total 44224K, used 29226K [0x04600000, 0x075f0000, 0x09b50000)
  eden space 39360K,  74% used [0x04600000, 0x06283bb0, 0x06c70000)
  from space 4864K,   0% used [0x06c70000, 0x06c76c60, 0x07130000)
  to   space 4864K,   0% used [0x07130000, 0x07130000, 0x075f0000)
 tenured generation   total 98048K, used 87627K [0x09b50000, 0x0fb10000, 0x14600000)
   the space 98048K,  89% used [0x09b50000, 0x0f0e2fb0, 0x0f0e3000, 0x0fb10000)
 Metaspace       used 1416K, capacity 3231K, committed 3264K, reserved 4480K
Event: 2.859 GC heap after
Heap after GC invocations=15 (full 5):
 def new generation   total 76608K, used 0K [0x04600000, 0x09910000, 0x09b50000)
  eden space 68160K,   0% used [0x04600000, 0x04600000, 0x08890000)
  from space 8448K,   0% used [0x08890000, 0x08890000, 0x090d0000)
  to   space 8448K,   0% used [0x090d0000, 0x090d0000, 0x09910000)
 tenured generation   total 170096K, used 102055K [0x09b50000, 0x1416c000, 0x14600000)
   the space 170096K,  59% used [0x09b50000, 0x0fef9dc0, 0x0fef9e00, 0x1416c000)
 Metaspace       used 1416K, capacity 3231K, committed 3264K, reserved 4480K
}
Event: 5.195 GC heap before
{Heap before GC invocations=15 (full 5):
 def new generation   total 76608K, used 68160K [0x04600000, 0x09910000, 0x09b50000)
  eden space 68160K, 100% used [0x04600000, 0x08890000, 0x08890000)
  from space 8448K,   0% used [0x08890000, 0x08890000, 0x090d0000)
  to   space 8448K,   0% used [0x090d0000, 0x090d0000, 0x09910000)
 tenured generation   total 170096K, used 102055K [0x09b50000, 0x1416c000, 0x14600000)
   the space 170096K,  59% used [0x09b50000, 0x0fef9dc0, 0x0fef9e00, 0x1416c000)
 Metaspace       used 2147K, capacity 3665K, committed 3776K, reserved 4480K
Event: 5.226 GC heap after
Heap after GC invocations=16 (full 5):
 def new generation   total 76608K, used 1310K [0x04600000, 0x09910000, 0x09b50000)
  eden space 68160K,   0% used [0x04600000, 0x04600000, 0x08890000)
  from space 8448K,  15% used [0x090d0000, 0x092178a8, 0x09910000)
  to   space 8448K,   0% used [0x08890000, 0x08890000, 0x090d0000)
 tenured generation   total 170096K, used 130855K [0x09b50000, 0x1416c000, 0x14600000)
   the space 170096K,  76% used [0x09b50000, 0x11b19de0, 0x11b19e00, 0x1416c000)
 Metaspace       used 2147K, capacity 3665K, committed 3776K, reserved 4480K
}
Event: 52.736 GC heap before
{Heap before GC invocations=16 (full 5):
 def new generation   total 76608K, used 69470K [0x04600000, 0x09910000, 0x09b50000)
  eden space 68160K, 100% used [0x04600000, 0x08890000, 0x08890000)
  from space 8448K,  15% used [0x090d0000, 0x092178a8, 0x09910000)
  to   space 8448K,   0% used [0x08890000, 0x08890000, 0x090d0000)
 tenured generation   total 170096K, used 130855K [0x09b50000, 0x1416c000, 0x14600000)
   the space 170096K,  76% used [0x09b50000, 0x11b19de0, 0x11b19e00, 0x1416c000)
 Metaspace       used 4202K, capacity 4420K, committed 4480K, reserved 4480K
Event: 52.758 GC heap after
Heap after GC invocations=17 (full 5):
 def new generation   total 76608K, used 8362K [0x04600000, 0x09910000, 0x09b50000)
  eden space 68160K,   0% used [0x04600000, 0x04600000, 0x08890000)
  from space 8448K,  98% used [0x08890000, 0x090baa38, 0x090d0000)
  to   space 8448K,   0% used [0x090d0000, 0x090d0000, 0x09910000)
 tenured generation   total 170096K, used 134617K [0x09b50000, 0x1416c000, 0x14600000)
   the space 170096K,  79% used [0x09b50000, 0x11ec6548, 0x11ec6600, 0x1416c000)
 Metaspace       used 4202K, capacity 4420K, committed 4480K, reserved 4480K
}
Event: 54.489 GC heap before
{Heap before GC invocations=17 (full 5):
 def new generation   total 76608K, used 76522K [0x04600000, 0x09910000, 0x09b50000)
  eden space 68160K, 100% used [0x04600000, 0x08890000, 0x08890000)
  from space 8448K,  98% used [0x08890000, 0x090baa38, 0x090d0000)
  to   space 8448K,   0% used [0x090d0000, 0x090d0000, 0x09910000)
 tenured generation   total 170096K, used 134617K [0x09b50000, 0x1416c000, 0x14600000)
   the space 170096K,  79% used [0x09b50000, 0x11ec6548, 0x11ec6600, 0x1416c000)
 Metaspace       used 4230K, capacity 4452K, committed 4480K, reserved 4480K
Event: 54.524 GC heap after
Heap after GC invocations=18 (full 5):
 def new generation   total 76608K, used 8448K [0x04600000, 0x09910000, 0x09b50000)
  eden space 68160K,   0% used [0x04600000, 0x04600000, 0x08890000)
  from space 8448K, 100% used [0x090d0000, 0x09910000, 0x09910000)
  to   space 8448K,   0% used [0x08890000, 0x08890000, 0x090d0000)
 tenured generation   total 170096K, used 151195K [0x09b50000, 0x1416c000, 0x14600000)
   the space 170096K,  88% used [0x09b50000, 0x12ef6c88, 0x12ef6e00, 0x1416c000)
 Metaspace       used 4230K, capacity 4452K, committed 4480K, reserved 4480K
}
Event: 63.736 GC heap before
{Heap before GC invocations=18 (full 5):
 def new generation   total 76608K, used 76608K [0x04600000, 0x09910000, 0x09b50000)
  eden space 68160K, 100% used [0x04600000, 0x08890000, 0x08890000)
  from space 8448K, 100% used [0x090d0000, 0x09910000, 0x09910000)
  to   space 8448K,   0% used [0x08890000, 0x08890000, 0x090d0000)
 tenured generation   total 170096K, used 151195K [0x09b50000, 0x1416c000, 0x14600000)
   the space 170096K,  88% used [0x09b50000, 0x12ef6c88, 0x12ef6e00, 0x1416c000)
 Metaspace       used 4412K, capacity 4614K, committed 4736K, reserved 5504K
Event: 63.795 GC heap after
Heap after GC invocations=19 (full 6):
 def new generation   total 78656K, used 0K [0x04600000, 0x09b50000, 0x09b50000)
  eden space 69952K,   0% used [0x04600000, 0x04600000, 0x08a50000)
  from space 8704K,   0% used [0x08a50000, 0x08a50000, 0x092d0000)
  to   space 8704K,   0% used [0x092d0000, 0x092d0000, 0x09b50000)
 tenured generation   total 174784K, used 160757K [0x09b50000, 0x14600000, 0x14600000)
   the space 174784K,  91% used [0x09b50000, 0x1384d768, 0x1384d800, 0x14600000)
 Metaspace       used 4410K, capacity 4612K, committed 4736K, reserved 5504K
}

Deoptimization events (0 events):
No events

Internal exceptions (10 events):
Event: 9.603 Thread 0x02301c00 Exception <a 'java/io/FileNotFoundException'> (0x0545e658) thrown at [C:\workspace\8-2-build-windows-i586-cygwin\jdk8u144\9417\hotspot\src\share\vm\prims\jni.cpp, line 709]
Event: 9.606 Thread 0x02301c00 Exception <a 'java/io/FileNotFoundException'> (0x0546aad8) thrown at [C:\workspace\8-2-build-windows-i586-cygwin\jdk8u144\9417\hotspot\src\share\vm\prims\jni.cpp, line 709]
Event: 9.607 Thread 0x02301c00 Exception <a 'java/io/FileNotFoundException'> (0x054704d0) thrown at [C:\workspace\8-2-build-windows-i586-cygwin\jdk8u144\9417\hotspot\src\share\vm\prims\jni.cpp, line 709]
Event: 9.608 Thread 0x02301c00 Exception <a 'java/io/FileNotFoundException'> (0x0547cbd8) thrown at [C:\workspace\8-2-build-windows-i586-cygwin\jdk8u144\9417\hotspot\src\share\vm\prims\jni.cpp, line 709]
Event: 9.608 Thread 0x02301c00 Exception <a 'java/io/FileNotFoundException'> (0x0547df08) thrown at [C:\workspace\8-2-build-windows-i586-cygwin\jdk8u144\9417\hotspot\src\share\vm\prims\jni.cpp, line 709]
Event: 9.609 Thread 0x02301c00 Exception <a 'java/io/FileNotFoundException'> (0x054872d8) thrown at [C:\workspace\8-2-build-windows-i586-cygwin\jdk8u144\9417\hotspot\src\share\vm\prims\jni.cpp, line 709]
Event: 9.611 Thread 0x02301c00 Exception <a 'java/io/FileNotFoundException'> (0x054927f8) thrown at [C:\workspace\8-2-build-windows-i586-cygwin\jdk8u144\9417\hotspot\src\share\vm\prims\jni.cpp, line 709]
Event: 9.616 Thread 0x02301c00 Exception <a 'java/io/FileNotFoundException'> (0x054b6f10) thrown at [C:\workspace\8-2-build-windows-i586-cygwin\jdk8u144\9417\hotspot\src\share\vm\prims\jni.cpp, line 709]
Event: 10.421 Thread 0x16a94400 Implicit null exception at 0x025df90f to 0x025e1183
Event: 10.422 Thread 0x16a94400 Implicit null exception at 0x025df90f to 0x025e1183

Events (10 events):
Event: 55.245 loading class java/awt/event/MouseWheelEvent done
Event: 59.040 Thread 0x02397000 flushing nmethod 0x0254c148
Event: 59.042 Thread 0x02397000 flushing nmethod 0x0260c8c8
Event: 59.042 Thread 0x02397000 flushing nmethod 0x02616248
Event: 59.048 Thread 0x02397000 flushing nmethod 0x0265b408
Event: 59.049 Thread 0x02397000 flushing nmethod 0x02688a08
Event: 60.704 loading class java/awt/Scrollbar
Event: 60.704 loading class java/awt/Scrollbar done
Event: 63.736 Executing VM operation: GenCollectForAllocation
Event: 63.795 Executing VM operation: GenCollectForAllocation done


Dynamic libraries:
0x001b0000 - 0x001e3000 	C:\Program Files (x86)\Java\jdk1.8.0_144\bin\java.exe
0x77500000 - 0x77690000 	C:\WINDOWS\SYSTEM32\ntdll.dll
0x73fd0000 - 0x740b0000 	C:\WINDOWS\System32\KERNEL32.DLL
0x756d0000 - 0x758b4000 	C:\WINDOWS\System32\KERNELBASE.dll
0x72cc0000 - 0x72d5d000 	C:\WINDOWS\SYSTEM32\apphelp.dll
0x74f90000 - 0x75008000 	C:\WINDOWS\System32\ADVAPI32.dll
0x75a00000 - 0x75abf000 	C:\WINDOWS\System32\msvcrt.dll
0x75960000 - 0x759a4000 	C:\WINDOWS\System32\sechost.dll
0x771a0000 - 0x77260000 	C:\WINDOWS\System32\RPCRT4.dll
0x73dc0000 - 0x73de0000 	C:\WINDOWS\System32\SspiCli.dll
0x73db0000 - 0x73dba000 	C:\WINDOWS\System32\CRYPTBASE.dll
0x77280000 - 0x772d8000 	C:\WINDOWS\System32\bcryptPrimitives.dll
0x745a0000 - 0x7472d000 	C:\WINDOWS\System32\USER32.dll
0x772e0000 - 0x772f7000 	C:\WINDOWS\System32\win32u.dll
0x77300000 - 0x77322000 	C:\WINDOWS\System32\GDI32.dll
0x75070000 - 0x751d4000 	C:\WINDOWS\System32\gdi32full.dll
0x74e20000 - 0x74e9d000 	C:\WINDOWS\System32\msvcp_win.dll
0x74480000 - 0x7459d000 	C:\WINDOWS\System32\ucrtbase.dll
0x72590000 - 0x72794000 	C:\WINDOWS\WinSxS\x86_microsoft.windows.common-controls_6595b64144ccf1df_6.0.17134.706_none_42f0d9a244e0990d\COMCTL32.dll
0x740b0000 - 0x7430c000 	C:\WINDOWS\System32\combase.dll
0x74ea0000 - 0x74ec6000 	C:\WINDOWS\System32\IMM32.DLL
0x716a0000 - 0x7175f000 	C:\Program Files (x86)\Java\jdk1.8.0_144\jre\bin\msvcr100.dll
0x70fc0000 - 0x7138e000 	C:\Program Files (x86)\Java\jdk1.8.0_144\jre\bin\client\jvm.dll
0x74730000 - 0x74736000 	C:\WINDOWS\System32\PSAPI.DLL
0x71fd0000 - 0x71fd8000 	C:\WINDOWS\SYSTEM32\WSOCK32.dll
0x72c80000 - 0x72ca4000 	C:\WINDOWS\SYSTEM32\WINMM.dll
0x73d40000 - 0x73d48000 	C:\WINDOWS\SYSTEM32\VERSION.dll
0x770f0000 - 0x77157000 	C:\WINDOWS\System32\WS2_32.dll
0x720e0000 - 0x72103000 	C:\WINDOWS\SYSTEM32\winmmbase.dll
0x77160000 - 0x77199000 	C:\WINDOWS\System32\cfgmgr32.dll
0x71fc0000 - 0x71fcc000 	C:\Program Files (x86)\Java\jdk1.8.0_144\jre\bin\verify.dll
0x71f90000 - 0x71fb1000 	C:\Program Files (x86)\Java\jdk1.8.0_144\jre\bin\java.dll
0x71f70000 - 0x71f83000 	C:\Program Files (x86)\Java\jdk1.8.0_144\jre\bin\zip.dll
0x75bd0000 - 0x76f1a000 	C:\WINDOWS\System32\SHELL32.dll
0x74d00000 - 0x74d88000 	C:\WINDOWS\System32\shcore.dll
0x74740000 - 0x74cfa000 	C:\WINDOWS\System32\windows.storage.dll
0x74f30000 - 0x74f75000 	C:\WINDOWS\System32\shlwapi.dll
0x75ac0000 - 0x75acf000 	C:\WINDOWS\System32\kernel.appcore.dll
0x770d0000 - 0x770e8000 	C:\WINDOWS\System32\profapi.dll
0x759b0000 - 0x759f5000 	C:\WINDOWS\System32\powrprof.dll
0x770c0000 - 0x770c8000 	C:\WINDOWS\System32\FLTLIB.DLL
0x71550000 - 0x71695000 	C:\Program Files (x86)\Java\jdk1.8.0_144\jre\bin\awt.dll
0x73de0000 - 0x73e76000 	C:\WINDOWS\System32\OLEAUT32.dll
0x71d80000 - 0x71da6000 	C:\Program Files (x86)\Java\jdk1.8.0_144\jre\bin\jpeg.dll
0x71ce0000 - 0x71d5c000 	C:\WINDOWS\system32\uxtheme.dll
0x73e80000 - 0x73fc3000 	C:\WINDOWS\System32\MSCTF.dll
0x70b80000 - 0x70ba3000 	C:\WINDOWS\system32\dwmapi.dll
0x75ad0000 - 0x75bcc000 	C:\WINDOWS\System32\ole32.dll
0x71430000 - 0x71509000 	C:\WINDOWS\system32\opengl32.dll
0x713f0000 - 0x7142f000 	C:\WINDOWS\SYSTEM32\GLU32.dll
0x70f80000 - 0x70fb9000 	C:\Program Files (x86)\Java\jdk1.8.0_144\jre\bin\fontmanager.dll
0x71db0000 - 0x71dc6000 	C:\Program Files (x86)\Java\jdk1.8.0_144\jre\bin\net.dll
0x72f70000 - 0x72fc6000 	C:\WINDOWS\system32\mswsock.dll
0x71f60000 - 0x71f6f000 	C:\Program Files (x86)\Java\jdk1.8.0_144\jre\bin\nio.dll
0x70f40000 - 0x70f72000 	C:\Program Files (x86)\Java\jdk1.8.0_144\jre\bin\t2k.dll
0x70eb0000 - 0x70f3f000 	C:\WINDOWS\WinSxS\x86_microsoft.windows.common-controls_6595b64144ccf1df_5.82.17134.706_none_40fb64164515a358\comctl32.dll
0x74d90000 - 0x74e13000 	C:\WINDOWS\System32\clbcatq.dll
0x71dd0000 - 0x71f50000 	C:\WINDOWS\system32\propsys.dll
0x70d80000 - 0x70ea4000 	C:\WINDOWS\system32\NetworkExplorer.dll
0x706c0000 - 0x709e8000 	C:\Windows\System32\OneCoreUAPCommonProxyStub.dll
0x70c00000 - 0x70d71000 	C:\WINDOWS\SYSTEM32\WindowsCodecs.dll
0x70bb0000 - 0x70bfa000 	C:\Windows\System32\thumbcache.dll
0x70650000 - 0x706bd000 	C:\WINDOWS\SYSTEM32\policymanager.dll
0x705e0000 - 0x70647000 	C:\WINDOWS\SYSTEM32\msvcp110_win.dll
0x72930000 - 0x72948000 	C:\WINDOWS\SYSTEM32\MPR.dll
0x71d70000 - 0x71d79000 	C:\WINDOWS\System32\drprov.dll
0x70590000 - 0x705d2000 	C:\WINDOWS\System32\WINSTA.dll
0x71870000 - 0x71882000 	C:\WINDOWS\System32\ntlanman.dll
0x71530000 - 0x71549000 	C:\WINDOWS\System32\davclnt.dll
0x71520000 - 0x7152a000 	C:\WINDOWS\System32\DAVHLPR.dll
0x72cb0000 - 0x72cc0000 	C:\WINDOWS\System32\wkscli.dll
0x73a30000 - 0x73a49000 	C:\WINDOWS\System32\bcrypt.dll
0x72c70000 - 0x72c7f000 	C:\WINDOWS\SYSTEM32\cscapi.dll
0x71510000 - 0x7151b000 	C:\WINDOWS\System32\netutils.dll
0x70550000 - 0x70590000 	C:\Windows\System32\dlnashext.dll
0x70500000 - 0x7054d000 	C:\Windows\System32\PlayToDevice.dll
0x704e0000 - 0x704fa000 	C:\Windows\System32\DevDispItemProvider.dll
0x70480000 - 0x704dc000 	C:\WINDOWS\System32\MMDevApi.dll
0x72d60000 - 0x72d82000 	C:\WINDOWS\System32\DEVOBJ.dll
0x702a0000 - 0x70475000 	C:\WINDOWS\system32\wpdshext.dll
0x6bfa0000 - 0x6c10b000 	C:\WINDOWS\WinSxS\x86_microsoft.windows.gdiplus_6595b64144ccf1df_1.1.17134.706_none_73dbcc879f7312db\gdiplus.dll
0x70210000 - 0x70296000 	C:\Windows\System32\PortableDeviceApi.dll
0x75230000 - 0x7565b000 	C:\WINDOWS\System32\SETUPAPI.dll
0x751e0000 - 0x75227000 	C:\WINDOWS\System32\WINTRUST.dll
0x74f80000 - 0x74f8e000 	C:\WINDOWS\System32\MSASN1.dll
0x76f20000 - 0x770b6000 	C:\WINDOWS\System32\CRYPT32.dll
0x701c0000 - 0x70201000 	C:\WINDOWS\system32\audiodev.dll
0x6ffa0000 - 0x701bd000 	C:\WINDOWS\system32\WMVCore.DLL
0x6ff60000 - 0x6ff9f000 	C:\WINDOWS\system32\WMASF.DLL
0x6fe50000 - 0x6ff56000 	C:\WINDOWS\system32\mfperfhelper.dll
0x713c0000 - 0x713cb000 	C:\WINDOWS\SYSTEM32\LINKINFO.dll
0x72570000 - 0x7257a000 	C:\WINDOWS\SYSTEM32\Secur32.dll
0x6fe30000 - 0x6fe45000 	C:\WINDOWS\SYSTEM32\samcli.dll
0x6fe10000 - 0x6fe29000 	C:\WINDOWS\SYSTEM32\SAMLIB.dll
0x6fdc0000 - 0x6fe0f000 	C:\WINDOWS\system32\dataexchange.dll
0x6fc80000 - 0x6fdbc000 	C:\WINDOWS\system32\dcomp.dll
0x6fa20000 - 0x6fc72000 	C:\WINDOWS\system32\d3d11.dll
0x6f980000 - 0x6fa18000 	C:\WINDOWS\system32\dxgi.dll
0x6f810000 - 0x6f975000 	C:\WINDOWS\system32\twinapi.appcore.dll
0x6f7e0000 - 0x6f801000 	C:\WINDOWS\system32\RMCLIENT.dll
0x6f760000 - 0x6f7dd000 	C:\WINDOWS\System32\TextInputFramework.dll
0x68da0000 - 0x68ffd000 	C:\WINDOWS\System32\CoreUIComponents.dll
0x69000000 - 0x6908b000 	C:\WINDOWS\System32\CoreMessaging.dll
0x694d0000 - 0x695a6000 	C:\WINDOWS\SYSTEM32\wintypes.dll
0x73be0000 - 0x73c09000 	C:\WINDOWS\SYSTEM32\ntmarta.dll
0x6f700000 - 0x6f756000 	C:\WINDOWS\system32\Oleacc.dll
0x6f6d0000 - 0x6f6f4000 	C:\Program Files (x86)\Java\jdk1.8.0_144\jre\bin\dcpr.dll
0x6f6b0000 - 0x6f6c5000 	C:\Program Files (x86)\Java\jdk1.8.0_144\bin\java_mesh.dll
0x6f5b0000 - 0x6f6ad000 	C:\Program Files (x86)\Java\jdk1.8.0_144\bin\sptmesh.dll
0x6c540000 - 0x6c5b0000 	C:\WINDOWS\SYSTEM32\MSVCP140.dll
0x71cc0000 - 0x71cd4000 	C:\WINDOWS\SYSTEM32\VCRUNTIME140.dll
0x6f3f0000 - 0x6f5a4000 	C:\Program Files (x86)\Java\jdk1.8.0_144\bin\geos_c.dll
0x6ea70000 - 0x6ebcd000 	C:\Program Files (x86)\Java\jdk1.8.0_144\bin\blas_win32_MT.dll
0x6ebd0000 - 0x6f3e8000 	C:\Program Files (x86)\Java\jdk1.8.0_144\bin\lapack_win32_MT.dll
0x77260000 - 0x77279000 	C:\WINDOWS\System32\imagehlp.dll
0x6e930000 - 0x6ea6d000 	C:\Program Files (x86)\Java\jdk1.8.0_144\bin\mesquite.dll
0x6e920000 - 0x6e92c000 	C:\Program Files (x86)\Java\jdk1.8.0_144\bin\Microsoft.VisualStudio.TestTools.CppUnitTestFramework.dll
0x6e8b0000 - 0x6e919000 	C:\WINDOWS\SYSTEM32\MSVCP100.dll
0x709f0000 - 0x70b72000 	C:\WINDOWS\SYSTEM32\dbghelp.dll

VM Arguments:
java_command: org.locationtech.jtstest.testbuilder.JTSTestBuilder
java_class_path (initial): C:\Users\bjpsi\Desktop\Investigacao\JTS-testing\modules\app\target\classes;C:\Users\bjpsi\Desktop\Investigacao\JTS-testing\modules\core\target\classes;C:\Users\bjpsi\.m2\repository\org\locationtech\jts\jts-tests\1.16.1-SNAPSHOT\jts-tests-1.16.1-SNAPSHOT.jar;C:\Users\bjpsi\.m2\repository\org\apache\commons\commons-lang3\3.7\commons-lang3-3.7.jar;C:\Users\bjpsi\Desktop\Investigacao\JTS-testing\modules\io\common\target\classes;C:\Users\bjpsi\.m2\repository\com\googlecode\json-simple\json-simple\1.1.1\json-simple-1.1.1.jar;C:\Users\bjpsi\.m2\repository\org\jdom\jdom2\2.0.6\jdom2-2.0.6.jar;C:\Users\bjpsi\.m2\repository\org\jdesktop\beansbinding\1.2.1\beansbinding-1.2.1.jar;C:\Users\bjpsi\.m2\repository\org\geotools\gt-shapefile\22-SNAPSHOT\gt-shapefile-22-SNAPSHOT.jar;C:\Users\bjpsi\.m2\repository\org\geotools\gt-main\22-SNAPSHOT\gt-main-22-SNAPSHOT.jar;C:\Users\bjpsi\.m2\repository\org\apache\commons\commons-text\1.6\commons-text-1.6.jar;C:\Users\bjpsi\.m2\repository\com\fasterxml\jackson\core\jackson-core\2.9.7\jackson-core-2.9.7.jar;C:\Users\bjpsi\.m2\repository\javax\media\jai_core\1.1.3\jai_core-1.1.3.jar;C:\Users\bjpsi\.m2\repository\org\geotools\gt-swing\22-SNAPSHOT\gt-swing-22-SNAPSHOT.jar;C:\Users\bjpsi\.m2\repository\org\geotools\gt-referencing\22-SNAPSHOT\gt-referencing-22-SNAPSHOT.jar;C:\Users\bjpsi\.m2\repository\org\ejml\ejml-ddense\0.34\ejml-ddense-0.34.jar;C:\Users\bjpsi\.m2\repository\org\ejml\ejml-core\0.34\ejml-core-0.34.jar;C:\Users\bjpsi\.m2\repository\commons-pool\commons-pool\1.5.4\commons-pool-1.5.4.jar;C:\Users\bjpsi\.m2\repository\org\geotools\gt-metadata\22-SNAPSHOT\gt-metadata-22-SNAPSHOT.jar;C:\Users\bjpsi\.m2\repository\org\geotools\gt-opengis\22-SNAPSHOT\gt-opengis-22-SNAPSHOT.jar;C:\Users\bjpsi\.m2\repository\systems\uom\systems-common-java8\0.7.2\systems-common-java8-0.7.2.jar;C:\Users\bjpsi\.m2\repository\tec\uom\uom-se\1.0.8\uom-se-1.0.8.jar;C:\Users\bjpsi\.m2\repository\javax\measure\unit-api\1.0\unit-api-1
Launcher Type: SUN_STANDARD

Environment Variables:
JAVA_HOME=C:\Program Files (x86)\Java\jdk1.8.0_144
PATH=C:\ProgramData\Oracle\Java\javapath;C:\WINDOWS\system32;C:\WINDOWS;C:\WINDOWS\System32\Wbem;C:\WINDOWS\System32\WindowsPowerShell\v1.0\;C:\Program Files (x86)\apache-maven-3.5.0\bin;C:\Program Files\Git\cmd;C:\Program Files (x86)\GtkSharp\2.12\bin;C:\Program Files\dotnet\;C:\Program Files\Microsoft SQL Server\130\Tools\Binn\;C:\Program Files (x86)\Windows Live\Shared;C:\WINDOWS\System32\OpenSSH\;C:\Program Files\PuTTY\;C:\Program Files (x86)\NVIDIA Corporation\PhysX\Common;C:\Program Files\nodejs\;C:\Users\bjpsi\AppData\Local\Programs\Python\Python37-32\Scripts\;C:\Users\bjpsi\AppData\Local\Programs\Python\Python37-32\;C:\Users\bjpsi\AppData\Local\Microsoft\WindowsApps;C:\Users\bjpsi\AppData\Roaming\npm;C:\Users\bjpsi\AppData\Local\Programs\Microsoft VS Code\bin
USERNAME=Bruno Silva
OS=Windows_NT
PROCESSOR_IDENTIFIER=Intel64 Family 6 Model 61 Stepping 4, GenuineIntel



---------------  S Y S T E M  ---------------

OS: Windows 10.0 , 64 bit Build 17134 (10.0.17134.706)

CPU:total 4 (initial active 4) (2 cores per cpu, 2 threads per core) family 6 model 61 stepping 4, cmov, cx8, fxsr, mmx, sse, sse2, sse3, ssse3, sse4.1, sse4.2, popcnt, avx, avx2, aes, clmul, erms, 3dnowpref, lzcnt, ht, tsc, tscinvbit, bmi1, bmi2, adx

Memory: 4k page, physical 6188508k(2219980k free), swap 12479964k(7438220k free)

vm_info: Java HotSpot(TM) Client VM (25.144-b01) for windows-x86 JRE (1.8.0_144-b01), built on Jul 21 2017 21:58:05 by "java_re" with MS VC++ 10.0 (VS2010)

time: Fri Apr 12 10:01:05 2019
elapsed time: 66 seconds (0d 0h 1m 6s)

