#
# A fatal error has been detected by the Java Runtime Environment:
#
#  EXCEPTION_UNCAUGHT_CXX_EXCEPTION (0xe06d7363) at pc=0x757e18a2, pid=16452, tid=0x00001438
#
# JRE version: Java(TM) SE Runtime Environment (8.0_144-b01) (build 1.8.0_144-b01)
# Java VM: Java HotSpot(TM) Client VM (25.144-b01 mixed mode, sharing windows-x86 )
# Problematic frame:
# C  [KERNELBASE.dll+0x1118a2]
#
# Failed to write core dump. Minidumps are not enabled by default on client versions of Windows
#
# If you would like to submit a bug report, please visit:
#   http://bugreport.java.com/bugreport/crash.jsp
# The crash happened outside the Java Virtual Machine in native code.
# See problematic frame for where to report the bug.
#

---------------  T H R E A D  ---------------

Current thread (0x16bd0000):  JavaThread "AWT-EventQueue-0" [_thread_in_native, id=5176, stack(0x17310000,0x17360000)]

siginfo: ExceptionCode=0xe06d7363, ExceptionInformation=0x19930520 0x1735e544 0x700616ec 

Registers:
EAX=0x1735e460, EBX=0x1735e544, ECX=0x00000003, EDX=0x00000000
ESP=0x1735e460, EBP=0x1735e4bc, ESI=0x71cc1538, EDI=0x700616ec
EIP=0x757e18a2, EFLAGS=0x00000216

Top of Stack: (sp=0x1735e460)
0x1735e460:   e06d7363 00000001 00000000 757e18a2
0x1735e470:   00000003 19930520 1735e544 700616ec
0x1735e480:   6ffa2347 1735e4c4 1735e598 00000000
0x1735e490:   1735e504 70043eb0 1735e550 1735e4c4
0x1735e4a0:   1735e598 1735e4c4 1735e4dc 700565a8
0x1735e4b0:   ec8e94d1 0aac85c1 70043f00 1735e500
0x1735e4c0:   71cc4796 e06d7363 00000001 00000003
0x1735e4d0:   1735e4f4 180babe0 0000000c 16db7460 

Instructions: (pc=0x757e18a2)
0x757e1882:   89 44 24 10 c1 e0 02 50 51 8d 44 24 1c 50 e8 3f
0x757e1892:   85 00 00 83 c4 0c 8d 04 24 50 ff 15 9c 33 88 75
0x757e18a2:   8b 4c 24 54 33 cc e8 f3 43 00 00 8b e5 5d c2 10
0x757e18b2:   00 83 64 24 10 00 eb de 6a 0f 58 eb c3 cc cc cc 


Register to memory mapping:

EAX=0x1735e460 is pointing into the stack for thread: 0x16bd0000
EBX=0x1735e544 is pointing into the stack for thread: 0x16bd0000
ECX=0x00000003 is an unknown value
EDX=0x00000000 is an unknown value
ESP=0x1735e460 is pointing into the stack for thread: 0x16bd0000
EBP=0x1735e4bc is pointing into the stack for thread: 0x16bd0000
ESI=0x71cc1538 is an unknown value
EDI=0x700616ec is an unknown value


Stack: [0x17310000,0x17360000],  sp=0x1735e460,  free space=313k
Native frames: (J=compiled Java code, j=interpreted, Vv=VM code, C=native code)
C  [KERNELBASE.dll+0x1118a2]
C  [VCRUNTIME140.dll+0x4796]
C  [sptmesh.dll+0x55595]
C  [java_mesh.dll+0x4cf6]
C  [java_mesh.dll+0x57f1]
j  jni_st_mesh.Main.during_period_mesh(DDLjava/lang/String;Ljava/lang/String;DDIIZD)[Ljava/lang/String;+0
j  org.locationtech.jtstest.testbuilder.MorphingGeometryViewerFrame$3.actionPerformed(Ljava/awt/event/ActionEvent;)V+226
j  javax.swing.AbstractButton.fireActionPerformed(Ljava/awt/event/ActionEvent;)V+83
j  javax.swing.AbstractButton$Handler.actionPerformed(Ljava/awt/event/ActionEvent;)V+5
j  javax.swing.DefaultButtonModel.fireActionPerformed(Ljava/awt/event/ActionEvent;)V+34
j  javax.swing.DefaultButtonModel.setPressed(Z)V+117
j  javax.swing.plaf.basic.BasicButtonListener.mouseReleased(Ljava/awt/event/MouseEvent;)V+35
j  java.awt.Component.processMouseEvent(Ljava/awt/event/MouseEvent;)V+64
j  javax.swing.JComponent.processMouseEvent(Ljava/awt/event/MouseEvent;)V+23
j  java.awt.Component.processEvent(Ljava/awt/AWTEvent;)V+81
j  java.awt.Container.processEvent(Ljava/awt/AWTEvent;)V+18
j  java.awt.Component.dispatchEventImpl(Ljava/awt/AWTEvent;)V+589
j  java.awt.Container.dispatchEventImpl(Ljava/awt/AWTEvent;)V+42
J 962 C1 java.awt.LightweightDispatcher.retargetMouseEvent(Ljava/awt/Component;ILjava/awt/event/MouseEvent;)V (350 bytes) @ 0x0274f7a0 [0x0274f0d0+0x6d0]
j  java.awt.LightweightDispatcher.processMouseEvent(Ljava/awt/event/MouseEvent;)Z+155
j  java.awt.LightweightDispatcher.dispatchEvent(Ljava/awt/AWTEvent;)Z+50
j  java.awt.Container.dispatchEventImpl(Ljava/awt/AWTEvent;)V+12
j  java.awt.Window.dispatchEventImpl(Ljava/awt/AWTEvent;)V+19
J 1266 C1 java.awt.EventQueue.dispatchEventImpl(Ljava/awt/AWTEvent;Ljava/lang/Object;)V (149 bytes) @ 0x027c0b5c [0x027c0710+0x44c]
J 1363 C1 java.awt.EventQueue$3.run()Ljava/lang/Void; (60 bytes) @ 0x02745f9c [0x02745f40+0x5c]
J 1362 C1 java.awt.EventQueue$3.run()Ljava/lang/Object; (5 bytes) @ 0x02768fe0 [0x02768fc0+0x20]
v  ~StubRoutines::call_stub
V  [jvm.dll+0x15af45]
V  [jvm.dll+0x2213ae]
V  [jvm.dll+0x15afde]
V  [jvm.dll+0x10b2cf]
C  [java.dll+0x102f]
J 952 C1 java.security.ProtectionDomain$JavaSecurityAccessImpl.doIntersectionPrivilege(Ljava/security/PrivilegedAction;Ljava/security/AccessControlContext;Ljava/security/AccessControlContext;)Ljava/lang/Object; (22 bytes) @ 0x0274b780 [0x0274b680+0x100]
j  java.security.ProtectionDomain$JavaSecurityAccessImpl.doIntersectionPrivilege(Ljava/security/PrivilegedAction;Ljava/security/AccessControlContext;)Ljava/lang/Object;+6
j  java.awt.EventQueue$4.run()Ljava/lang/Void;+11
j  java.awt.EventQueue$4.run()Ljava/lang/Object;+1
v  ~StubRoutines::call_stub
V  [jvm.dll+0x15af45]
V  [jvm.dll+0x2213ae]
V  [jvm.dll+0x15afde]
V  [jvm.dll+0x10b2cf]
C  [java.dll+0x102f]
J 1261 C1 java.awt.EventQueue.dispatchEvent(Ljava/awt/AWTEvent;)V (80 bytes) @ 0x027bf0dc [0x027bed80+0x35c]
J 961 C1 java.awt.EventDispatchThread.pumpOneEventForFilters(I)V (295 bytes) @ 0x0274d650 [0x0274cfc0+0x690]
j  java.awt.EventDispatchThread.pumpEventsForFilter(ILjava/awt/Conditional;Ljava/awt/EventFilter;)V+35
j  java.awt.EventDispatchThread.pumpEventsForHierarchy(ILjava/awt/Conditional;Ljava/awt/Component;)V+11
j  java.awt.EventDispatchThread.pumpEvents(ILjava/awt/Conditional;)V+4
j  java.awt.EventDispatchThread.pumpEvents(Ljava/awt/Conditional;)V+3
j  java.awt.EventDispatchThread.run()V+9
v  ~StubRoutines::call_stub
V  [jvm.dll+0x15af45]
V  [jvm.dll+0x2213ae]
V  [jvm.dll+0x15afde]
V  [jvm.dll+0x15b166]
V  [jvm.dll+0x15b1d7]
V  [jvm.dll+0xff36f]
V  [jvm.dll+0x17dc30]
V  [jvm.dll+0x17e4aa]
V  [jvm.dll+0x1c2ec6]
C  [msvcr100.dll+0x5c556]
C  [msvcr100.dll+0x5c600]
C  [KERNEL32.DLL+0x18494]
C  [ntdll.dll+0x641c8]
C  [ntdll.dll+0x64198]
C  0x00000000

Java frames: (J=compiled Java code, j=interpreted, Vv=VM code)
j  jni_st_mesh.Main.during_period_mesh(DDLjava/lang/String;Ljava/lang/String;DDIIZD)[Ljava/lang/String;+0
j  org.locationtech.jtstest.testbuilder.MorphingGeometryViewerFrame$3.actionPerformed(Ljava/awt/event/ActionEvent;)V+226
j  javax.swing.AbstractButton.fireActionPerformed(Ljava/awt/event/ActionEvent;)V+83
j  javax.swing.AbstractButton$Handler.actionPerformed(Ljava/awt/event/ActionEvent;)V+5
j  javax.swing.DefaultButtonModel.fireActionPerformed(Ljava/awt/event/ActionEvent;)V+34
j  javax.swing.DefaultButtonModel.setPressed(Z)V+117
j  javax.swing.plaf.basic.BasicButtonListener.mouseReleased(Ljava/awt/event/MouseEvent;)V+35
j  java.awt.Component.processMouseEvent(Ljava/awt/event/MouseEvent;)V+64
j  javax.swing.JComponent.processMouseEvent(Ljava/awt/event/MouseEvent;)V+23
j  java.awt.Component.processEvent(Ljava/awt/AWTEvent;)V+81
j  java.awt.Container.processEvent(Ljava/awt/AWTEvent;)V+18
j  java.awt.Component.dispatchEventImpl(Ljava/awt/AWTEvent;)V+589
j  java.awt.Container.dispatchEventImpl(Ljava/awt/AWTEvent;)V+42
J 962 C1 java.awt.LightweightDispatcher.retargetMouseEvent(Ljava/awt/Component;ILjava/awt/event/MouseEvent;)V (350 bytes) @ 0x0274f7a0 [0x0274f0d0+0x6d0]
j  java.awt.LightweightDispatcher.processMouseEvent(Ljava/awt/event/MouseEvent;)Z+155
j  java.awt.LightweightDispatcher.dispatchEvent(Ljava/awt/AWTEvent;)Z+50
j  java.awt.Container.dispatchEventImpl(Ljava/awt/AWTEvent;)V+12
j  java.awt.Window.dispatchEventImpl(Ljava/awt/AWTEvent;)V+19
J 1266 C1 java.awt.EventQueue.dispatchEventImpl(Ljava/awt/AWTEvent;Ljava/lang/Object;)V (149 bytes) @ 0x027c0b5c [0x027c0710+0x44c]
J 1363 C1 java.awt.EventQueue$3.run()Ljava/lang/Void; (60 bytes) @ 0x02745f9c [0x02745f40+0x5c]
J 1362 C1 java.awt.EventQueue$3.run()Ljava/lang/Object; (5 bytes) @ 0x02768fe0 [0x02768fc0+0x20]
v  ~StubRoutines::call_stub
J 453  java.security.AccessController.doPrivileged(Ljava/security/PrivilegedAction;Ljava/security/AccessControlContext;)Ljava/lang/Object; (0 bytes) @ 0x02689987 [0x02689920+0x67]
J 952 C1 java.security.ProtectionDomain$JavaSecurityAccessImpl.doIntersectionPrivilege(Ljava/security/PrivilegedAction;Ljava/security/AccessControlContext;Ljava/security/AccessControlContext;)Ljava/lang/Object; (22 bytes) @ 0x0274b780 [0x0274b680+0x100]
j  java.security.ProtectionDomain$JavaSecurityAccessImpl.doIntersectionPrivilege(Ljava/security/PrivilegedAction;Ljava/security/AccessControlContext;)Ljava/lang/Object;+6
j  java.awt.EventQueue$4.run()Ljava/lang/Void;+11
j  java.awt.EventQueue$4.run()Ljava/lang/Object;+1
v  ~StubRoutines::call_stub
J 453  java.security.AccessController.doPrivileged(Ljava/security/PrivilegedAction;Ljava/security/AccessControlContext;)Ljava/lang/Object; (0 bytes) @ 0x02689987 [0x02689920+0x67]
J 1261 C1 java.awt.EventQueue.dispatchEvent(Ljava/awt/AWTEvent;)V (80 bytes) @ 0x027bf0dc [0x027bed80+0x35c]
J 961 C1 java.awt.EventDispatchThread.pumpOneEventForFilters(I)V (295 bytes) @ 0x0274d650 [0x0274cfc0+0x690]
j  java.awt.EventDispatchThread.pumpEventsForFilter(ILjava/awt/Conditional;Ljava/awt/EventFilter;)V+35
j  java.awt.EventDispatchThread.pumpEventsForHierarchy(ILjava/awt/Conditional;Ljava/awt/Component;)V+11
j  java.awt.EventDispatchThread.pumpEvents(ILjava/awt/Conditional;)V+4
j  java.awt.EventDispatchThread.pumpEvents(Ljava/awt/Conditional;)V+3
j  java.awt.EventDispatchThread.run()V+9
v  ~StubRoutines::call_stub

---------------  P R O C E S S  ---------------

Java Threads: ( => current thread )
  0x16d1b000 JavaThread "TimerQueue" daemon [_thread_blocked, id=15288, stack(0x18710000,0x18760000)]
  0x02431c00 JavaThread "DestroyJavaVM" [_thread_blocked, id=10932, stack(0x00b30000,0x00b80000)]
  0x16c0b400 JavaThread "Swing-Shell" daemon [_thread_blocked, id=11200, stack(0x177a0000,0x177f0000)]
=>0x16bd0000 JavaThread "AWT-EventQueue-0" [_thread_in_native, id=5176, stack(0x17310000,0x17360000)]
  0x1620b800 JavaThread "AWT-Windows" daemon [_thread_in_native, id=14488, stack(0x16500000,0x16550000)]
  0x16256800 JavaThread "AWT-Shutdown" [_thread_blocked, id=17280, stack(0x16450000,0x164a0000)]
  0x1625d000 JavaThread "Java2D Disposer" daemon [_thread_blocked, id=16520, stack(0x163c0000,0x16410000)]
  0x024ea400 JavaThread "Service Thread" daemon [_thread_blocked, id=8320, stack(0x15530000,0x15580000)]
  0x024c6000 JavaThread "C1 CompilerThread0" daemon [_thread_blocked, id=4412, stack(0x154a0000,0x154f0000)]
  0x024c5000 JavaThread "Attach Listener" daemon [_thread_blocked, id=11784, stack(0x15410000,0x15460000)]
  0x024bb800 JavaThread "Signal Dispatcher" daemon [_thread_blocked, id=4220, stack(0x15380000,0x153d0000)]
  0x024b9000 JavaThread "Finalizer" daemon [_thread_blocked, id=17264, stack(0x151e0000,0x15230000)]
  0x0245bc00 JavaThread "Reference Handler" daemon [_thread_blocked, id=12808, stack(0x15150000,0x151a0000)]

Other Threads:
  0x02458000 VMThread [stack: 0x15100000,0x15150000] [id=2936]
  0x024fe800 WatcherThread [stack: 0x15c60000,0x15cb0000] [id=2656]

VM state:not at safepoint (normal execution)

VM Mutex/Monitor currently owned by a thread: None

Heap:
 def new generation   total 76608K, used 43799K [0x04600000, 0x09910000, 0x09b50000)
  eden space 68160K,  51% used [0x04600000, 0x06885ff8, 0x08890000)
  from space 8448K, 100% used [0x08890000, 0x090d0000, 0x090d0000)
  to   space 8448K,   0% used [0x090d0000, 0x090d0000, 0x09910000)
 tenured generation   total 170096K, used 139364K [0x09b50000, 0x1416c000, 0x14600000)
   the space 170096K,  81% used [0x09b50000, 0x123690d8, 0x12369200, 0x1416c000)
 Metaspace       used 5595K, capacity 5830K, committed 5888K, reserved 6528K

Card table byte_map: [0x04530000,0x045c0000] byte_map_base: 0x0450d000

Polling page: 0x00b00000

CodeCache: size=32768Kb used=2766Kb max_used=2766Kb free=30001Kb
 bounds [0x02530000, 0x027e8000, 0x04530000]
 total_blobs=1674 nmethods=1401 adapters=202
 compilation: enabled

Compilation events (10 events):
Event: 13.876 Thread 0x024c6000 1414             sun.swing.CachedPainter::getGraphicsConfiguration (11 bytes)
Event: 13.876 Thread 0x024c6000 nmethod 1414 0x027e32c8 code [0x027e33c0, 0x027e3460]
Event: 13.876 Thread 0x024c6000 1415             sun.swing.CachedPainter::paintImage (12 bytes)
Event: 13.876 Thread 0x024c6000 nmethod 1415 0x027e34c8 code [0x027e35d0, 0x027e368c]
Event: 13.919 Thread 0x024c6000 1417             java.awt.Window::isShowing (5 bytes)
Event: 13.920 Thread 0x024c6000 nmethod 1417 0x027e3a08 code [0x027e3b00, 0x027e3b80]
Event: 13.951 Thread 0x024c6000 1418             java.awt.Component::hasFocus (16 bytes)
Event: 13.952 Thread 0x024c6000 nmethod 1418 0x027e3bc8 code [0x027e3ce0, 0x027e3db4]
Event: 13.954 Thread 0x024c6000 1419             sun.java2d.SunGraphics2D::getFont (19 bytes)
Event: 13.954 Thread 0x024c6000 nmethod 1419 0x027e3e88 code [0x027e3f80, 0x027e4030]

GC Heap History (10 events):
Event: 1.214 GC heap before
{Heap before GC invocations=12 (full 4):
 def new generation   total 44224K, used 37985K [0x04600000, 0x075f0000, 0x09b50000)
  eden space 39360K,  96% used [0x04600000, 0x06b184c0, 0x06c70000)
  from space 4864K,   0% used [0x06c70000, 0x06c70000, 0x07130000)
  to   space 4864K,   0% used [0x07130000, 0x07130000, 0x075f0000)
 tenured generation   total 98048K, used 58827K [0x09b50000, 0x0fb10000, 0x14600000)
   the space 98048K,  59% used [0x09b50000, 0x0d4c2f90, 0x0d4c3000, 0x0fb10000)
 Metaspace       used 1416K, capacity 3231K, committed 3264K, reserved 4480K
Event: 1.224 GC heap after
Heap after GC invocations=13 (full 4):
 def new generation   total 44224K, used 26K [0x04600000, 0x075f0000, 0x09b50000)
  eden space 39360K,   0% used [0x04600000, 0x04600000, 0x06c70000)
  from space 4864K,   0% used [0x07130000, 0x07136ae8, 0x075f0000)
  to   space 4864K,   0% used [0x06c70000, 0x06c70000, 0x07130000)
 tenured generation   total 98048K, used 73227K [0x09b50000, 0x0fb10000, 0x14600000)
   the space 98048K,  74% used [0x09b50000, 0x0e2d2fa0, 0x0e2d3000, 0x0fb10000)
 Metaspace       used 1416K, capacity 3231K, committed 3264K, reserved 4480K
}
Event: 1.324 GC heap before
{Heap before GC invocations=13 (full 4):
 def new generation   total 44224K, used 29242K [0x04600000, 0x075f0000, 0x09b50000)
  eden space 39360K,  74% used [0x04600000, 0x06287db8, 0x06c70000)
  from space 4864K,   0% used [0x07130000, 0x07136ae8, 0x075f0000)
  to   space 4864K,   0% used [0x06c70000, 0x06c70000, 0x07130000)
 tenured generation   total 98048K, used 73227K [0x09b50000, 0x0fb10000, 0x14600000)
   the space 98048K,  74% used [0x09b50000, 0x0e2d2fa0, 0x0e2d3000, 0x0fb10000)
 Metaspace       used 1416K, capacity 3231K, committed 3264K, reserved 4480K
Event: 1.334 GC heap after
Heap after GC invocations=14 (full 4):
 def new generation   total 44224K, used 27K [0x04600000, 0x075f0000, 0x09b50000)
  eden space 39360K,   0% used [0x04600000, 0x04600000, 0x06c70000)
  from space 4864K,   0% used [0x06c70000, 0x06c76c60, 0x07130000)
  to   space 4864K,   0% used [0x07130000, 0x07130000, 0x075f0000)
 tenured generation   total 98048K, used 87627K [0x09b50000, 0x0fb10000, 0x14600000)
   the space 98048K,  89% used [0x09b50000, 0x0f0e2fb0, 0x0f0e3000, 0x0fb10000)
 Metaspace       used 1416K, capacity 3231K, committed 3264K, reserved 4480K
}
Event: 1.446 GC heap before
{Heap before GC invocations=14 (full 4):
 def new generation   total 44224K, used 29225K [0x04600000, 0x075f0000, 0x09b50000)
  eden space 39360K,  74% used [0x04600000, 0x062839e0, 0x06c70000)
  from space 4864K,   0% used [0x06c70000, 0x06c76c60, 0x07130000)
  to   space 4864K,   0% used [0x07130000, 0x07130000, 0x075f0000)
 tenured generation   total 98048K, used 87627K [0x09b50000, 0x0fb10000, 0x14600000)
   the space 98048K,  89% used [0x09b50000, 0x0f0e2fb0, 0x0f0e3000, 0x0fb10000)
 Metaspace       used 1416K, capacity 3231K, committed 3264K, reserved 4480K
Event: 1.461 GC heap after
Heap after GC invocations=15 (full 5):
 def new generation   total 76608K, used 0K [0x04600000, 0x09910000, 0x09b50000)
  eden space 68160K,   0% used [0x04600000, 0x04600000, 0x08890000)
  from space 8448K,   0% used [0x08890000, 0x08890000, 0x090d0000)
  to   space 8448K,   0% used [0x090d0000, 0x090d0000, 0x09910000)
 tenured generation   total 170096K, used 102055K [0x09b50000, 0x1416c000, 0x14600000)
   the space 170096K,  59% used [0x09b50000, 0x0fef9dc0, 0x0fef9e00, 0x1416c000)
 Metaspace       used 1416K, capacity 3231K, committed 3264K, reserved 4480K
}
Event: 2.033 GC heap before
{Heap before GC invocations=15 (full 5):
 def new generation   total 76608K, used 68160K [0x04600000, 0x09910000, 0x09b50000)
  eden space 68160K, 100% used [0x04600000, 0x08890000, 0x08890000)
  from space 8448K,   0% used [0x08890000, 0x08890000, 0x090d0000)
  to   space 8448K,   0% used [0x090d0000, 0x090d0000, 0x09910000)
 tenured generation   total 170096K, used 102055K [0x09b50000, 0x1416c000, 0x14600000)
   the space 170096K,  59% used [0x09b50000, 0x0fef9dc0, 0x0fef9e00, 0x1416c000)
 Metaspace       used 2596K, capacity 3737K, committed 3776K, reserved 4480K
Event: 2.061 GC heap after
Heap after GC invocations=16 (full 5):
 def new generation   total 76608K, used 1802K [0x04600000, 0x09910000, 0x09b50000)
  eden space 68160K,   0% used [0x04600000, 0x04600000, 0x08890000)
  from space 8448K,  21% used [0x090d0000, 0x09292a88, 0x09910000)
  to   space 8448K,   0% used [0x08890000, 0x08890000, 0x090d0000)
 tenured generation   total 170096K, used 130855K [0x09b50000, 0x1416c000, 0x14600000)
   the space 170096K,  76% used [0x09b50000, 0x11b19de0, 0x11b19e00, 0x1416c000)
 Metaspace       used 2596K, capacity 3737K, committed 3776K, reserved 4480K
}
Event: 8.440 GC heap before
{Heap before GC invocations=16 (full 5):
 def new generation   total 76608K, used 69962K [0x04600000, 0x09910000, 0x09b50000)
  eden space 68160K, 100% used [0x04600000, 0x08890000, 0x08890000)
  from space 8448K,  21% used [0x090d0000, 0x09292a88, 0x09910000)
  to   space 8448K,   0% used [0x08890000, 0x08890000, 0x090d0000)
 tenured generation   total 170096K, used 130855K [0x09b50000, 0x1416c000, 0x14600000)
   the space 170096K,  76% used [0x09b50000, 0x11b19de0, 0x11b19e00, 0x1416c000)
 Metaspace       used 4081K, capacity 4324K, committed 4416K, reserved 4480K
Event: 8.466 GC heap after
Heap after GC invocations=17 (full 5):
 def new generation   total 76608K, used 8448K [0x04600000, 0x09910000, 0x09b50000)
  eden space 68160K,   0% used [0x04600000, 0x04600000, 0x08890000)
  from space 8448K, 100% used [0x08890000, 0x090d0000, 0x090d0000)
  to   space 8448K,   0% used [0x090d0000, 0x090d0000, 0x09910000)
 tenured generation   total 170096K, used 139364K [0x09b50000, 0x1416c000, 0x14600000)
   the space 170096K,  81% used [0x09b50000, 0x123690d8, 0x12369200, 0x1416c000)
 Metaspace       used 4081K, capacity 4324K, committed 4416K, reserved 4480K
}

Deoptimization events (0 events):
No events

Internal exceptions (10 events):
Event: 3.473 Thread 0x02431c00 Exception <a 'java/io/FileNotFoundException'> (0x0529fa48) thrown at [C:\workspace\8-2-build-windows-i586-cygwin\jdk8u144\9417\hotspot\src\share\vm\prims\jni.cpp, line 709]
Event: 3.475 Thread 0x02431c00 Exception <a 'java/io/FileNotFoundException'> (0x052abec8) thrown at [C:\workspace\8-2-build-windows-i586-cygwin\jdk8u144\9417\hotspot\src\share\vm\prims\jni.cpp, line 709]
Event: 3.476 Thread 0x02431c00 Exception <a 'java/io/FileNotFoundException'> (0x052b18c0) thrown at [C:\workspace\8-2-build-windows-i586-cygwin\jdk8u144\9417\hotspot\src\share\vm\prims\jni.cpp, line 709]
Event: 3.477 Thread 0x02431c00 Exception <a 'java/io/FileNotFoundException'> (0x052bdfc8) thrown at [C:\workspace\8-2-build-windows-i586-cygwin\jdk8u144\9417\hotspot\src\share\vm\prims\jni.cpp, line 709]
Event: 3.477 Thread 0x02431c00 Exception <a 'java/io/FileNotFoundException'> (0x052bf2f8) thrown at [C:\workspace\8-2-build-windows-i586-cygwin\jdk8u144\9417\hotspot\src\share\vm\prims\jni.cpp, line 709]
Event: 3.478 Thread 0x02431c00 Exception <a 'java/io/FileNotFoundException'> (0x052c86c8) thrown at [C:\workspace\8-2-build-windows-i586-cygwin\jdk8u144\9417\hotspot\src\share\vm\prims\jni.cpp, line 709]
Event: 3.480 Thread 0x02431c00 Exception <a 'java/io/FileNotFoundException'> (0x052d3be8) thrown at [C:\workspace\8-2-build-windows-i586-cygwin\jdk8u144\9417\hotspot\src\share\vm\prims\jni.cpp, line 709]
Event: 3.484 Thread 0x02431c00 Exception <a 'java/io/FileNotFoundException'> (0x052f8300) thrown at [C:\workspace\8-2-build-windows-i586-cygwin\jdk8u144\9417\hotspot\src\share\vm\prims\jni.cpp, line 709]
Event: 3.932 Thread 0x16bd0000 Implicit null exception at 0x0271f98f to 0x02721203
Event: 3.932 Thread 0x16bd0000 Implicit null exception at 0x0271f98f to 0x02721203

Events (10 events):
Event: 9.852 loading class org/jfree/chart/util/LineUtils done
Event: 9.862 loading class java/text/DecimalFormat$FastPathData
Event: 9.863 loading class java/text/DecimalFormat$FastPathData done
Event: 9.863 loading class java/text/DecimalFormat$DigitArrays
Event: 9.863 loading class java/text/DecimalFormat$DigitArrays done
Event: 9.895 loading class java/awt/event/MouseWheelEvent
Event: 9.895 loading class java/awt/event/MouseWheelEvent done
Event: 12.673 Thread 0x024c6000 flushing nmethod 0x0267fe88
Event: 12.677 Thread 0x024c6000 flushing nmethod 0x027458c8
Event: 12.677 Thread 0x024c6000 flushing nmethod 0x02768e48


Dynamic libraries:
0x001b0000 - 0x001e3000 	C:\Program Files (x86)\Java\jdk1.8.0_144\bin\java.exe
0x77500000 - 0x77690000 	C:\WINDOWS\SYSTEM32\ntdll.dll
0x73fd0000 - 0x740b0000 	C:\WINDOWS\System32\KERNEL32.DLL
0x756d0000 - 0x758b4000 	C:\WINDOWS\System32\KERNELBASE.dll
0x72cc0000 - 0x72d5d000 	C:\WINDOWS\SYSTEM32\apphelp.dll
0x74f90000 - 0x75008000 	C:\WINDOWS\System32\ADVAPI32.dll
0x75a00000 - 0x75abf000 	C:\WINDOWS\System32\msvcrt.dll
0x75960000 - 0x759a4000 	C:\WINDOWS\System32\sechost.dll
0x771a0000 - 0x77260000 	C:\WINDOWS\System32\RPCRT4.dll
0x73dc0000 - 0x73de0000 	C:\WINDOWS\System32\SspiCli.dll
0x73db0000 - 0x73dba000 	C:\WINDOWS\System32\CRYPTBASE.dll
0x77280000 - 0x772d8000 	C:\WINDOWS\System32\bcryptPrimitives.dll
0x745a0000 - 0x7472d000 	C:\WINDOWS\System32\USER32.dll
0x772e0000 - 0x772f7000 	C:\WINDOWS\System32\win32u.dll
0x77300000 - 0x77322000 	C:\WINDOWS\System32\GDI32.dll
0x75070000 - 0x751d4000 	C:\WINDOWS\System32\gdi32full.dll
0x74e20000 - 0x74e9d000 	C:\WINDOWS\System32\msvcp_win.dll
0x74480000 - 0x7459d000 	C:\WINDOWS\System32\ucrtbase.dll
0x726a0000 - 0x728a4000 	C:\WINDOWS\WinSxS\x86_microsoft.windows.common-controls_6595b64144ccf1df_6.0.17134.706_none_42f0d9a244e0990d\COMCTL32.dll
0x740b0000 - 0x7430c000 	C:\WINDOWS\System32\combase.dll
0x74ea0000 - 0x74ec6000 	C:\WINDOWS\System32\IMM32.DLL
0x725e0000 - 0x7269f000 	C:\Program Files (x86)\Java\jdk1.8.0_144\jre\bin\msvcr100.dll
0x721a0000 - 0x7256e000 	C:\Program Files (x86)\Java\jdk1.8.0_144\jre\bin\client\jvm.dll
0x74730000 - 0x74736000 	C:\WINDOWS\System32\PSAPI.DLL
0x72cb0000 - 0x72cb8000 	C:\WINDOWS\SYSTEM32\WSOCK32.dll
0x73d40000 - 0x73d48000 	C:\WINDOWS\SYSTEM32\VERSION.dll
0x72c80000 - 0x72ca4000 	C:\WINDOWS\SYSTEM32\WINMM.dll
0x770f0000 - 0x77157000 	C:\WINDOWS\System32\WS2_32.dll
0x720e0000 - 0x72103000 	C:\WINDOWS\SYSTEM32\winmmbase.dll
0x77160000 - 0x77199000 	C:\WINDOWS\System32\cfgmgr32.dll
0x72c70000 - 0x72c7c000 	C:\Program Files (x86)\Java\jdk1.8.0_144\jre\bin\verify.dll
0x725b0000 - 0x725d1000 	C:\Program Files (x86)\Java\jdk1.8.0_144\jre\bin\java.dll
0x72590000 - 0x725a3000 	C:\Program Files (x86)\Java\jdk1.8.0_144\jre\bin\zip.dll
0x75bd0000 - 0x76f1a000 	C:\WINDOWS\System32\SHELL32.dll
0x74d00000 - 0x74d88000 	C:\WINDOWS\System32\shcore.dll
0x74740000 - 0x74cfa000 	C:\WINDOWS\System32\windows.storage.dll
0x74f30000 - 0x74f75000 	C:\WINDOWS\System32\shlwapi.dll
0x75ac0000 - 0x75acf000 	C:\WINDOWS\System32\kernel.appcore.dll
0x770d0000 - 0x770e8000 	C:\WINDOWS\System32\profapi.dll
0x759b0000 - 0x759f5000 	C:\WINDOWS\System32\powrprof.dll
0x770c0000 - 0x770c8000 	C:\WINDOWS\System32\FLTLIB.DLL
0x71b50000 - 0x71c95000 	C:\Program Files (x86)\Java\jdk1.8.0_144\jre\bin\awt.dll
0x73de0000 - 0x73e76000 	C:\WINDOWS\System32\OLEAUT32.dll
0x72150000 - 0x72176000 	C:\Program Files (x86)\Java\jdk1.8.0_144\jre\bin\jpeg.dll
0x71ce0000 - 0x71d5c000 	C:\WINDOWS\system32\uxtheme.dll
0x73e80000 - 0x73fc3000 	C:\WINDOWS\System32\MSCTF.dll
0x70b80000 - 0x70ba3000 	C:\WINDOWS\system32\dwmapi.dll
0x75ad0000 - 0x75bcc000 	C:\WINDOWS\System32\ole32.dll
0x71a70000 - 0x71b49000 	C:\WINDOWS\system32\opengl32.dll
0x72110000 - 0x7214f000 	C:\WINDOWS\SYSTEM32\GLU32.dll
0x720a0000 - 0x720d9000 	C:\Program Files (x86)\Java\jdk1.8.0_144\jre\bin\fontmanager.dll
0x72180000 - 0x72196000 	C:\Program Files (x86)\Java\jdk1.8.0_144\jre\bin\net.dll
0x72f70000 - 0x72fc6000 	C:\WINDOWS\system32\mswsock.dll
0x72580000 - 0x7258f000 	C:\Program Files (x86)\Java\jdk1.8.0_144\jre\bin\nio.dll
0x72060000 - 0x72092000 	C:\Program Files (x86)\Java\jdk1.8.0_144\jre\bin\t2k.dll
0x719e0000 - 0x71a6f000 	C:\WINDOWS\WinSxS\x86_microsoft.windows.common-controls_6595b64144ccf1df_5.82.17134.706_none_40fb64164515a358\comctl32.dll
0x74d90000 - 0x74e13000 	C:\WINDOWS\System32\clbcatq.dll
0x71dd0000 - 0x71f50000 	C:\WINDOWS\system32\propsys.dll
0x718b0000 - 0x719d4000 	C:\WINDOWS\system32\NetworkExplorer.dll
0x71060000 - 0x71388000 	C:\Windows\System32\OneCoreUAPCommonProxyStub.dll
0x715e0000 - 0x71751000 	C:\WINDOWS\SYSTEM32\WindowsCodecs.dll
0x71f90000 - 0x71fda000 	C:\Windows\System32\thumbcache.dll
0x71570000 - 0x715dd000 	C:\WINDOWS\SYSTEM32\policymanager.dll
0x714a0000 - 0x71507000 	C:\WINDOWS\SYSTEM32\msvcp110_win.dll
0x72930000 - 0x72948000 	C:\WINDOWS\SYSTEM32\MPR.dll
0x71f80000 - 0x71f89000 	C:\WINDOWS\System32\drprov.dll
0x71d80000 - 0x71dc2000 	C:\WINDOWS\System32\WINSTA.dll
0x71f60000 - 0x71f72000 	C:\WINDOWS\System32\ntlanman.dll
0x71870000 - 0x71889000 	C:\WINDOWS\System32\davclnt.dll
0x71d70000 - 0x71d7a000 	C:\WINDOWS\System32\DAVHLPR.dll
0x718a0000 - 0x718b0000 	C:\WINDOWS\System32\wkscli.dll
0x73a30000 - 0x73a49000 	C:\WINDOWS\System32\bcrypt.dll
0x71560000 - 0x7156f000 	C:\WINDOWS\SYSTEM32\cscapi.dll
0x71510000 - 0x7151b000 	C:\WINDOWS\System32\netutils.dll
0x71520000 - 0x71560000 	C:\Windows\System32\dlnashext.dll
0x71450000 - 0x7149d000 	C:\Windows\System32\PlayToDevice.dll
0x71430000 - 0x7144a000 	C:\Windows\System32\DevDispItemProvider.dll
0x71000000 - 0x7105c000 	C:\WINDOWS\System32\MMDevApi.dll
0x72d60000 - 0x72d82000 	C:\WINDOWS\System32\DEVOBJ.dll
0x70e20000 - 0x70ff5000 	C:\WINDOWS\system32\wpdshext.dll
0x6bfa0000 - 0x6c10b000 	C:\WINDOWS\WinSxS\x86_microsoft.windows.gdiplus_6595b64144ccf1df_1.1.17134.706_none_73dbcc879f7312db\gdiplus.dll
0x70d90000 - 0x70e16000 	C:\Windows\System32\PortableDeviceApi.dll
0x75230000 - 0x7565b000 	C:\WINDOWS\System32\SETUPAPI.dll
0x751e0000 - 0x75227000 	C:\WINDOWS\System32\WINTRUST.dll
0x74f80000 - 0x74f8e000 	C:\WINDOWS\System32\MSASN1.dll
0x76f20000 - 0x770b6000 	C:\WINDOWS\System32\CRYPT32.dll
0x70d40000 - 0x70d81000 	C:\WINDOWS\system32\audiodev.dll
0x707d0000 - 0x709ed000 	C:\WINDOWS\system32\WMVCore.DLL
0x70c30000 - 0x70d36000 	C:\WINDOWS\system32\mfperfhelper.dll
0x713f0000 - 0x7142f000 	C:\WINDOWS\system32\WMASF.DLL
0x713c0000 - 0x713cb000 	C:\WINDOWS\SYSTEM32\LINKINFO.dll
0x72570000 - 0x7257a000 	C:\WINDOWS\SYSTEM32\Secur32.dll
0x70c10000 - 0x70c25000 	C:\WINDOWS\SYSTEM32\samcli.dll
0x70bf0000 - 0x70c09000 	C:\WINDOWS\SYSTEM32\SAMLIB.dll
0x70780000 - 0x707cf000 	C:\WINDOWS\system32\dataexchange.dll
0x703e0000 - 0x70632000 	C:\WINDOWS\system32\d3d11.dll
0x70640000 - 0x7077c000 	C:\WINDOWS\system32\dcomp.dll
0x70340000 - 0x703d8000 	C:\WINDOWS\system32\dxgi.dll
0x701d0000 - 0x70335000 	C:\WINDOWS\system32\twinapi.appcore.dll
0x70bc0000 - 0x70be1000 	C:\WINDOWS\system32\RMCLIENT.dll
0x70150000 - 0x701cd000 	C:\WINDOWS\System32\TextInputFramework.dll
0x68da0000 - 0x68ffd000 	C:\WINDOWS\System32\CoreUIComponents.dll
0x69000000 - 0x6908b000 	C:\WINDOWS\System32\CoreMessaging.dll
0x73be0000 - 0x73c09000 	C:\WINDOWS\SYSTEM32\ntmarta.dll
0x694d0000 - 0x695a6000 	C:\WINDOWS\SYSTEM32\wintypes.dll
0x700f0000 - 0x70146000 	C:\WINDOWS\system32\Oleacc.dll
0x700c0000 - 0x700e4000 	C:\Program Files (x86)\Java\jdk1.8.0_144\jre\bin\dcpr.dll
0x700a0000 - 0x700b5000 	C:\Program Files (x86)\Java\jdk1.8.0_144\bin\java_mesh.dll
0x6ffa0000 - 0x7009d000 	C:\Program Files (x86)\Java\jdk1.8.0_144\bin\sptmesh.dll
0x71cc0000 - 0x71cd4000 	C:\WINDOWS\SYSTEM32\VCRUNTIME140.dll
0x6c540000 - 0x6c5b0000 	C:\WINDOWS\SYSTEM32\MSVCP140.dll
0x6fde0000 - 0x6ff94000 	C:\Program Files (x86)\Java\jdk1.8.0_144\bin\geos_c.dll
0x6fc80000 - 0x6fddd000 	C:\Program Files (x86)\Java\jdk1.8.0_144\bin\blas_win32_MT.dll
0x6f320000 - 0x6f45d000 	C:\Program Files (x86)\Java\jdk1.8.0_144\bin\mesquite.dll
0x77260000 - 0x77279000 	C:\WINDOWS\System32\imagehlp.dll
0x70bb0000 - 0x70bbc000 	C:\Program Files (x86)\Java\jdk1.8.0_144\bin\Microsoft.VisualStudio.TestTools.CppUnitTestFramework.dll
0x6f460000 - 0x6fc78000 	C:\Program Files (x86)\Java\jdk1.8.0_144\bin\lapack_win32_MT.dll
0x6f2b0000 - 0x6f319000 	C:\WINDOWS\SYSTEM32\MSVCP100.dll
0x709f0000 - 0x70b72000 	C:\WINDOWS\SYSTEM32\dbghelp.dll

VM Arguments:
java_command: org.locationtech.jtstest.testbuilder.JTSTestBuilder
java_class_path (initial): C:\Users\bjpsi\Desktop\Investigacao\JTS-testing\modules\app\target\classes;C:\Users\bjpsi\Desktop\Investigacao\JTS-testing\modules\core\target\classes;C:\Users\bjpsi\.m2\repository\org\locationtech\jts\jts-tests\1.16.1-SNAPSHOT\jts-tests-1.16.1-SNAPSHOT.jar;C:\Users\bjpsi\.m2\repository\org\apache\commons\commons-lang3\3.7\commons-lang3-3.7.jar;C:\Users\bjpsi\Desktop\Investigacao\JTS-testing\modules\io\common\target\classes;C:\Users\bjpsi\.m2\repository\com\googlecode\json-simple\json-simple\1.1.1\json-simple-1.1.1.jar;C:\Users\bjpsi\.m2\repository\org\jdom\jdom2\2.0.6\jdom2-2.0.6.jar;C:\Users\bjpsi\.m2\repository\org\jdesktop\beansbinding\1.2.1\beansbinding-1.2.1.jar;C:\Users\bjpsi\.m2\repository\org\geotools\gt-shapefile\22-SNAPSHOT\gt-shapefile-22-SNAPSHOT.jar;C:\Users\bjpsi\.m2\repository\org\geotools\gt-main\22-SNAPSHOT\gt-main-22-SNAPSHOT.jar;C:\Users\bjpsi\.m2\repository\org\apache\commons\commons-text\1.6\commons-text-1.6.jar;C:\Users\bjpsi\.m2\repository\com\fasterxml\jackson\core\jackson-core\2.9.7\jackson-core-2.9.7.jar;C:\Users\bjpsi\.m2\repository\javax\media\jai_core\1.1.3\jai_core-1.1.3.jar;C:\Users\bjpsi\.m2\repository\org\geotools\gt-swing\22-SNAPSHOT\gt-swing-22-SNAPSHOT.jar;C:\Users\bjpsi\.m2\repository\org\geotools\gt-referencing\22-SNAPSHOT\gt-referencing-22-SNAPSHOT.jar;C:\Users\bjpsi\.m2\repository\org\ejml\ejml-ddense\0.34\ejml-ddense-0.34.jar;C:\Users\bjpsi\.m2\repository\org\ejml\ejml-core\0.34\ejml-core-0.34.jar;C:\Users\bjpsi\.m2\repository\commons-pool\commons-pool\1.5.4\commons-pool-1.5.4.jar;C:\Users\bjpsi\.m2\repository\org\geotools\gt-metadata\22-SNAPSHOT\gt-metadata-22-SNAPSHOT.jar;C:\Users\bjpsi\.m2\repository\org\geotools\gt-opengis\22-SNAPSHOT\gt-opengis-22-SNAPSHOT.jar;C:\Users\bjpsi\.m2\repository\systems\uom\systems-common-java8\0.7.2\systems-common-java8-0.7.2.jar;C:\Users\bjpsi\.m2\repository\tec\uom\uom-se\1.0.8\uom-se-1.0.8.jar;C:\Users\bjpsi\.m2\repository\javax\measure\unit-api\1.0\unit-api-1
Launcher Type: SUN_STANDARD

Environment Variables:
JAVA_HOME=C:\Program Files (x86)\Java\jdk1.8.0_144
PATH=C:\ProgramData\Oracle\Java\javapath;C:\WINDOWS\system32;C:\WINDOWS;C:\WINDOWS\System32\Wbem;C:\WINDOWS\System32\WindowsPowerShell\v1.0\;C:\Program Files (x86)\apache-maven-3.5.0\bin;C:\Program Files\Git\cmd;C:\Program Files (x86)\GtkSharp\2.12\bin;C:\Program Files\dotnet\;C:\Program Files\Microsoft SQL Server\130\Tools\Binn\;C:\Program Files (x86)\Windows Live\Shared;C:\WINDOWS\System32\OpenSSH\;C:\Program Files\PuTTY\;C:\Program Files (x86)\NVIDIA Corporation\PhysX\Common;C:\Program Files\nodejs\;C:\Users\bjpsi\AppData\Local\Programs\Python\Python37-32\Scripts\;C:\Users\bjpsi\AppData\Local\Programs\Python\Python37-32\;C:\Users\bjpsi\AppData\Local\Microsoft\WindowsApps;C:\Users\bjpsi\AppData\Roaming\npm;C:\Users\bjpsi\AppData\Local\Programs\Microsoft VS Code\bin
USERNAME=Bruno Silva
OS=Windows_NT
PROCESSOR_IDENTIFIER=Intel64 Family 6 Model 61 Stepping 4, GenuineIntel



---------------  S Y S T E M  ---------------

OS: Windows 10.0 , 64 bit Build 17134 (10.0.17134.706)

CPU:total 4 (initial active 4) (2 cores per cpu, 2 threads per core) family 6 model 61 stepping 4, cmov, cx8, fxsr, mmx, sse, sse2, sse3, ssse3, sse4.1, sse4.2, popcnt, avx, avx2, aes, clmul, erms, 3dnowpref, lzcnt, ht, tsc, tscinvbit, bmi1, bmi2, adx

Memory: 4k page, physical 6188508k(1866020k free), swap 12479964k(6705800k free)

vm_info: Java HotSpot(TM) Client VM (25.144-b01) for windows-x86 JRE (1.8.0_144-b01), built on Jul 21 2017 21:58:05 by "java_re" with MS VC++ 10.0 (VS2010)

time: Fri Apr 12 11:52:11 2019
elapsed time: 14 seconds (0d 0h 0m 14s)

